2024-09-15 21:12:02,843 [INFO] Activator:176 - 


2024-09-15 21:12:02,845 [INFO] Activator:177 - !SESSION log4j initialized
2024-09-15 21:12:07,376 [INFO] LogOutputStream:77 - [STDOUT_REDIRECT] 
2024-09-15 21:12:10,512 [INFO] ApplicationProperties:184 - Using Application install path: C:\ST\STM32CubeIDE_1.16.0\STM32CubeIDE\plugins\com.st.stm32cube.common.mx_6.12.0.202406281431
2024-09-15 21:12:10,537 [INFO] DbMcusXml:78 - Set database path to: C:\ST\STM32CubeIDE_1.16.0\STM32CubeIDE\plugins\com.st.stm32cube.common.mx_6.12.0.202406281431\\db\/mcu/
2024-09-15 21:12:10,538 [INFO] ApiDb:274 - Set plugin database path to: C:\ST\STM32CubeIDE_1.16.0\STM32CubeIDE\plugins\com.st.stm32cube.common.mx_6.12.0.202406281431\\db\/plugins/boardmanager/
2024-09-15 21:12:10,539 [WARN] ApiDb:259 - Overriding images path with different value:  => C:\ST\STM32CubeIDE_1.16.0\STM32CubeIDE\plugins\com.st.stm32cube.common.mx_6.12.0.202406281431\\db\/plugins/mcufinder/images/
2024-09-15 21:12:12,381 [WARN] ApiFinderProperties:113 - C:\Users\doria\.stmcufinder\plugins\mcufinder\mcu\mcuFinder.mfd doesn't exist
2024-09-15 21:12:12,382 [INFO] ApiDb:250 - Set database path to: C:\Users\doria\.stmcufinder\plugins\mcufinder//mcu/
2024-09-15 21:12:12,383 [INFO] DbMcusAds:125 - Set database path to: C:\Users\doria\.stmcufinder\plugins\mcufinder//mcu/
2024-09-15 21:12:12,386 [INFO] CrossReferenceDbSqlite:203 - Set database path to: C:\Users\doria\.stmcufinder\plugins\mcufinder//mcu/cs/
2024-09-15 21:12:12,523 [INFO] RulesReader:64 - Compatibility file has been processed (297 Rules)
2024-09-15 21:12:12,636 [INFO] DbMcusXml:78 - Set database path to: C:\ST\STM32CubeIDE_1.16.0\STM32CubeIDE\plugins\com.st.stm32cube.common.mx_6.12.0.202406281431\\db\/mcu/
2024-09-15 21:12:12,637 [INFO] ApiDb:274 - Set plugin database path to: C:\ST\STM32CubeIDE_1.16.0\STM32CubeIDE\plugins\com.st.stm32cube.common.mx_6.12.0.202406281431\\db\/plugins/boardmanager/
2024-09-15 21:12:12,637 [INFO] ApiDb:261 - Set plugin images path to: C:\ST\STM32CubeIDE_1.16.0\STM32CubeIDE\plugins\com.st.stm32cube.common.mx_6.12.0.202406281431\\db\/plugins/mcufinder/images/
2024-09-15 21:12:12,637 [WARN] DbFile:41 - Overriding database path with different value: C:\Users\doria\.stmcufinder\plugins\mcufinder/ => C:\Users\doria\.stmcufinder\plugins\mcufinder
2024-09-15 21:12:12,637 [INFO] ApiDb:250 - Set database path to: C:\Users\doria\.stmcufinder\plugins\mcufinder//mcu/
2024-09-15 21:12:12,637 [WARN] DbFile:41 - Overriding database path with different value: C:\Users\doria\.stmcufinder\plugins\mcufinder/ => C:\Users\doria\.stmcufinder\plugins\mcufinder
2024-09-15 21:12:12,637 [INFO] DbMcusAds:125 - Set database path to: C:\Users\doria\.stmcufinder\plugins\mcufinder//mcu/
2024-09-15 21:12:12,637 [WARN] DbFile:41 - Overriding database path with different value: C:\Users\doria\.stmcufinder\plugins\mcufinder/ => C:\Users\doria\.stmcufinder\plugins\mcufinder
2024-09-15 21:12:12,637 [WARN] DbFile:41 - Overriding database path with different value: C:\Users\doria\.stmcufinder\plugins\mcufinder/ => C:\Users\doria\.stmcufinder\plugins\mcufinder
2024-09-15 21:12:12,638 [INFO] CrossReferenceDbSqlite:203 - Set database path to: C:\Users\doria\.stmcufinder\plugins\mcufinder//mcu/cs/
2024-09-15 21:12:12,899 [INFO] MainPanel:268 - HeapMemory: 268435456
2024-09-15 21:12:13,005 [INFO] DbMcusXml:78 - Set database path to: C:\ST\STM32CubeIDE_1.16.0\STM32CubeIDE\plugins\com.st.stm32cube.common.mx_6.12.0.202406281431\\db\/mcu/
2024-09-15 21:12:13,005 [INFO] ApiDb:274 - Set plugin database path to: C:\ST\STM32CubeIDE_1.16.0\STM32CubeIDE\plugins\com.st.stm32cube.common.mx_6.12.0.202406281431\\db\/plugins/boardmanager/
2024-09-15 21:12:13,005 [INFO] ApiDb:261 - Set plugin images path to: C:\ST\STM32CubeIDE_1.16.0\STM32CubeIDE\plugins\com.st.stm32cube.common.mx_6.12.0.202406281431\\db\/plugins/mcufinder/images/
2024-09-15 21:12:13,005 [WARN] DbFile:41 - Overriding database path with different value: C:\Users\doria\.stmcufinder\plugins\mcufinder/ => C:\Users\doria\.stmcufinder\plugins\mcufinder
2024-09-15 21:12:13,005 [INFO] ApiDb:250 - Set database path to: C:\Users\doria\.stmcufinder\plugins\mcufinder//mcu/
2024-09-15 21:12:13,005 [WARN] DbFile:41 - Overriding database path with different value: C:\Users\doria\.stmcufinder\plugins\mcufinder/ => C:\Users\doria\.stmcufinder\plugins\mcufinder
2024-09-15 21:12:13,005 [INFO] DbMcusAds:125 - Set database path to: C:\Users\doria\.stmcufinder\plugins\mcufinder//mcu/
2024-09-15 21:12:13,005 [WARN] DbFile:41 - Overriding database path with different value: C:\Users\doria\.stmcufinder\plugins\mcufinder/ => C:\Users\doria\.stmcufinder\plugins\mcufinder
2024-09-15 21:12:13,006 [WARN] DbFile:41 - Overriding database path with different value: C:\Users\doria\.stmcufinder\plugins\mcufinder/ => C:\Users\doria\.stmcufinder\plugins\mcufinder
2024-09-15 21:12:13,006 [INFO] CrossReferenceDbSqlite:203 - Set database path to: C:\Users\doria\.stmcufinder\plugins\mcufinder//mcu/cs/
2024-09-15 21:12:13,024 [INFO] ApplicationProperties:184 - Using Application install path: C:\ST\STM32CubeIDE_1.16.0\STM32CubeIDE\plugins\com.st.stm32cube.common.mx_6.12.0.202406281431
2024-09-15 21:12:13,025 [INFO] PluginManage:196 - Search for loadable plugins [exclusion list=, ]
2024-09-15 21:12:13,026 [INFO] PluginManage:310 - Check plugin analytics
2024-09-15 21:12:13,189 [INFO] AnalyticsPlugin:253 - Accepted Software Licenses: 
2024-09-15 21:12:13,189 [INFO] AnalyticsPlugin:255 - Accepted CMSIS Pack Licenses: 
2024-09-15 21:12:13,189 [INFO] AnalyticsPlugin:257 - Accepted Firmware Licenses: 
2024-09-15 21:12:13,192 [INFO] PluginManage:359 - Loaded plugin analytics (category:tool,tabindex:-1)
2024-09-15 21:12:13,192 [INFO] PluginManage:310 - Check plugin cadmodel
2024-09-15 21:12:13,207 [INFO] CADModel:105 - Init CAD model plugin
2024-09-15 21:12:13,208 [INFO] PluginManage:359 - Loaded plugin cadmodel (category:power,tabindex:5)
2024-09-15 21:12:13,208 [INFO] PluginManage:310 - Check plugin clock
2024-09-15 21:12:13,227 [INFO] PluginManage:359 - Loaded plugin clock (category:base,tabindex:2)
2024-09-15 21:12:13,227 [INFO] PluginManage:310 - Check plugin ddr
2024-09-15 21:12:13,231 [INFO] PluginManage:359 - Loaded plugin ddr (category:tool,tabindex:6)
2024-09-15 21:12:13,231 [INFO] PluginManage:310 - Check plugin filemanager
2024-09-15 21:12:13,398 [INFO] PluginManage:359 - Loaded plugin filemanager (category:base,tabindex:10)
2024-09-15 21:12:13,398 [INFO] PluginManage:310 - Check plugin ipmanager
2024-09-15 21:12:13,407 [INFO] PluginManage:359 - Loaded plugin ipmanager (category:base,tabindex:5)
2024-09-15 21:12:13,408 [INFO] PluginManage:310 - Check plugin lpbam
2024-09-15 21:12:13,427 [INFO] PluginManage:359 - Loaded plugin lpbam (category:base,tabindex:0)
2024-09-15 21:12:13,427 [INFO] PluginManage:310 - Check plugin memorymap
2024-09-15 21:12:13,470 [INFO] PluginManage:359 - Loaded plugin memorymap (category:base,tabindex:4)
2024-09-15 21:12:13,470 [INFO] PluginManage:310 - Check plugin pinoutandconfiguration
2024-09-15 21:12:13,488 [INFO] PluginManage:359 - Loaded plugin pinoutandconfiguration (category:base,tabindex:1)
2024-09-15 21:12:13,488 [INFO] PluginManage:310 - Check plugin pinoutconfig
2024-09-15 21:12:13,580 [WARN] SupportedApi:132 - Cannot load RTOS API schema: s4s-elt-must-match.1: The content of 'definitions' must match (annotation?, (simpleType | complexType)?, (unique | key | keyref)*)). A problem was found starting at: attribute.
2024-09-15 21:12:13,740 [INFO] PluginManage:359 - Loaded plugin pinoutconfig (category:base,tabindex:0)
2024-09-15 21:12:13,740 [INFO] PluginManage:310 - Check plugin power
2024-09-15 21:12:13,763 [INFO] PluginManage:359 - Loaded plugin power (category:power,tabindex:4)
2024-09-15 21:12:13,763 [INFO] PluginManage:310 - Check plugin projectmanager
2024-09-15 21:12:13,781 [INFO] PluginManage:359 - Loaded plugin projectmanager (category:projectmanager,tabindex:4)
2024-09-15 21:12:13,781 [INFO] PluginManage:310 - Check plugin rif
2024-09-15 21:12:13,799 [INFO] PluginManage:359 - Loaded plugin rif (category:base,tabindex:3)
2024-09-15 21:12:13,799 [INFO] PluginManage:310 - Check plugin thirdparty
2024-09-15 21:12:14,108 [INFO] PluginManage:359 - Loaded plugin thirdparty (category:base,tabindex:-1)
2024-09-15 21:12:14,108 [INFO] PluginManage:310 - Check plugin tools
2024-09-15 21:12:14,108 [WARN] IntegrityCheckThread:84 - waiting for thirdparty lock release [integrity check]
2024-09-15 21:12:14,109 [INFO] IntegrityCheckThread:86 - entering critical section [integrity check]
2024-09-15 21:12:14,109 [INFO] ThirdPartyUpdaterWithRetryManager:70 - Updater plugin not ready yet. [1/15]
2024-09-15 21:12:14,148 [INFO] PluginManage:359 - Loaded plugin tools (category:base,tabindex:7)
2024-09-15 21:12:14,149 [INFO] PluginManage:310 - Check plugin tutovideos
2024-09-15 21:12:14,370 [INFO] PluginManage:359 - Loaded plugin tutovideos (category:base,tabindex:-1)
2024-09-15 21:12:14,370 [INFO] PluginManage:310 - Check plugin updater
2024-09-15 21:12:14,391 [INFO] PluginManage:359 - Loaded plugin updater (category:base,tabindex:12)
2024-09-15 21:12:14,391 [INFO] PluginManage:310 - Check plugin userauth
2024-09-15 21:12:14,399 [INFO] UserAuth:113 - Init User Auth plugin
2024-09-15 21:12:14,399 [INFO] PluginManage:359 - Loaded plugin userauth (category:base,tabindex:14)
2024-09-15 21:12:14,400 [INFO] PluginManage:283 - PluginManage : Loaded plugins [18]
2024-09-15 21:12:14,657 [INFO] PinOutPanel:1561 - setPackage(No Configuration,No Configuration)
2024-09-15 21:12:14,763 [INFO] CADModel:165 - CPN selected for project level
2024-09-15 21:12:14,763 [INFO] CADModel:114 - Register for checkConnection events
2024-09-15 21:12:14,790 [INFO] IPUIPlugin:80 - create IPUIPlugin
2024-09-15 21:12:14,790 [INFO] PluginManager:220 - loadIPPluginJar : add adc
2024-09-15 21:12:14,845 [INFO] IPUIPlugin:80 - create IPUIPlugin
2024-09-15 21:12:14,845 [INFO] PluginManager:220 - loadIPPluginJar : add aes
2024-09-15 21:12:14,920 [INFO] IPUIPlugin:80 - create IPUIPlugin
2024-09-15 21:12:14,920 [INFO] PluginManager:220 - loadIPPluginJar : add can
2024-09-15 21:12:14,960 [INFO] IPUIPlugin:80 - create IPUIPlugin
2024-09-15 21:12:14,960 [INFO] PluginManager:220 - loadIPPluginJar : add comp
2024-09-15 21:12:15,027 [INFO] IPUIPlugin:80 - create IPUIPlugin
2024-09-15 21:12:15,029 [INFO] PluginManager:220 - loadIPPluginJar : add cryp
2024-09-15 21:12:15,048 [INFO] IPUIPlugin:80 - create IPUIPlugin
2024-09-15 21:12:15,049 [INFO] PluginManager:220 - loadIPPluginJar : add ddr_ctrl_phy
2024-09-15 21:12:15,093 [INFO] IPUIPlugin:80 - create IPUIPlugin
2024-09-15 21:12:15,093 [INFO] PluginManager:220 - loadIPPluginJar : add dfsdm
2024-09-15 21:12:15,114 [INFO] IPUIPlugin:80 - create IPUIPlugin
2024-09-15 21:12:15,115 [INFO] PluginManager:220 - loadIPPluginJar : add dma
2024-09-15 21:12:15,180 [INFO] IPUIPlugin:80 - create IPUIPlugin
2024-09-15 21:12:15,181 [INFO] PluginManager:220 - loadIPPluginJar : add dma3
2024-09-15 21:12:15,258 [INFO] IPUIPlugin:80 - create IPUIPlugin
2024-09-15 21:12:15,258 [INFO] PluginManager:220 - loadIPPluginJar : add extmemmanager
2024-09-15 21:12:15,295 [INFO] IPUIPlugin:80 - create IPUIPlugin
2024-09-15 21:12:15,295 [INFO] PluginManager:220 - loadIPPluginJar : add fatfs
2024-09-15 21:12:15,358 [INFO] IPUIPlugin:80 - create IPUIPlugin
2024-09-15 21:12:15,358 [INFO] PluginManager:220 - loadIPPluginJar : add fmc
2024-09-15 21:12:15,376 [INFO] IPUIPlugin:80 - create IPUIPlugin
2024-09-15 21:12:15,376 [INFO] PluginManager:220 - loadIPPluginJar : add freertos
2024-09-15 21:12:15,405 [INFO] IPUIPlugin:80 - create IPUIPlugin
2024-09-15 21:12:15,405 [INFO] PluginManager:220 - loadIPPluginJar : add genericplugin
2024-09-15 21:12:15,549 [INFO] IPUIPlugin:80 - create IPUIPlugin
2024-09-15 21:12:15,549 [INFO] PluginManager:220 - loadIPPluginJar : add gfxmmu
2024-09-15 21:12:15,728 [INFO] IPUIPlugin:80 - create IPUIPlugin
2024-09-15 21:12:15,728 [INFO] PluginManager:220 - loadIPPluginJar : add gic
2024-09-15 21:12:15,743 [INFO] IPUIPlugin:80 - create IPUIPlugin
2024-09-15 21:12:15,744 [INFO] PluginManager:220 - loadIPPluginJar : add gpio
2024-09-15 21:12:15,869 [INFO] IPUIPlugin:80 - create IPUIPlugin
2024-09-15 21:12:15,869 [INFO] PluginManager:220 - loadIPPluginJar : add gtzc
2024-09-15 21:12:15,919 [INFO] IPUIPlugin:80 - create IPUIPlugin
2024-09-15 21:12:15,919 [INFO] PluginManager:220 - loadIPPluginJar : add hash
2024-09-15 21:12:15,997 [INFO] IPUIPlugin:80 - create IPUIPlugin
2024-09-15 21:12:15,997 [INFO] PluginManager:220 - loadIPPluginJar : add i2c
2024-09-15 21:12:16,044 [INFO] IPUIPlugin:80 - create IPUIPlugin
2024-09-15 21:12:16,044 [INFO] PluginManager:220 - loadIPPluginJar : add i2s
2024-09-15 21:12:16,099 [INFO] IPUIPlugin:80 - create IPUIPlugin
2024-09-15 21:12:16,099 [INFO] PluginManager:220 - loadIPPluginJar : add i3c
2024-09-15 21:12:16,225 [INFO] IPUIPlugin:80 - create IPUIPlugin
2024-09-15 21:12:16,225 [INFO] PluginManager:220 - loadIPPluginJar : add ipddr
2024-09-15 21:12:16,338 [INFO] IPUIPlugin:80 - create IPUIPlugin
2024-09-15 21:12:16,338 [INFO] PluginManager:220 - loadIPPluginJar : add linkedlist
2024-09-15 21:12:16,386 [INFO] IPUIPlugin:80 - create IPUIPlugin
2024-09-15 21:12:16,386 [INFO] PluginManager:220 - loadIPPluginJar : add lorawan
2024-09-15 21:12:16,427 [INFO] IPUIPlugin:80 - create IPUIPlugin
2024-09-15 21:12:16,428 [INFO] PluginManager:220 - loadIPPluginJar : add ltdc
2024-09-15 21:12:16,442 [INFO] IPUIPlugin:80 - create IPUIPlugin
2024-09-15 21:12:16,443 [INFO] PluginManager:220 - loadIPPluginJar : add mdma
2024-09-15 21:12:16,456 [INFO] IPUIPlugin:80 - create IPUIPlugin
2024-09-15 21:12:16,457 [INFO] PluginManager:220 - loadIPPluginJar : add nvic
2024-09-15 21:12:16,500 [INFO] IPUIPlugin:80 - create IPUIPlugin
2024-09-15 21:12:16,501 [INFO] PluginManager:220 - loadIPPluginJar : add opamp
2024-09-15 21:12:16,577 [INFO] IPUIPlugin:80 - create IPUIPlugin
2024-09-15 21:12:16,577 [INFO] PluginManager:220 - loadIPPluginJar : add openamp
2024-09-15 21:12:16,641 [INFO] IPUIPlugin:80 - create IPUIPlugin
2024-09-15 21:12:16,641 [INFO] PluginManager:220 - loadIPPluginJar : add pdm2pcm
2024-09-15 21:12:16,660 [INFO] IPUIPlugin:80 - create IPUIPlugin
2024-09-15 21:12:16,662 [INFO] PluginManager:220 - loadIPPluginJar : add plateformsettings
2024-09-15 21:12:16,689 [INFO] IPUIPlugin:80 - create IPUIPlugin
2024-09-15 21:12:16,689 [INFO] PluginManager:220 - loadIPPluginJar : add quadspi
2024-09-15 21:12:16,726 [INFO] IPUIPlugin:80 - create IPUIPlugin
2024-09-15 21:12:16,726 [INFO] PluginManager:220 - loadIPPluginJar : add radio
2024-09-15 21:12:16,740 [INFO] IPUIPlugin:80 - create IPUIPlugin
2024-09-15 21:12:16,741 [INFO] PluginManager:220 - loadIPPluginJar : add resmgrutility
2024-09-15 21:12:16,805 [INFO] IPUIPlugin:80 - create IPUIPlugin
2024-09-15 21:12:16,805 [INFO] PluginManager:220 - loadIPPluginJar : add sai
2024-09-15 21:12:16,856 [INFO] IPUIPlugin:80 - create IPUIPlugin
2024-09-15 21:12:16,856 [INFO] PluginManager:220 - loadIPPluginJar : add spi
2024-09-15 21:12:16,939 [INFO] IPUIPlugin:80 - create IPUIPlugin
2024-09-15 21:12:16,940 [INFO] PluginManager:220 - loadIPPluginJar : add stm32_wpan
2024-09-15 21:12:16,966 [INFO] IPUIPlugin:80 - create IPUIPlugin
2024-09-15 21:12:16,966 [INFO] PluginManager:220 - loadIPPluginJar : add tim
2024-09-15 21:12:17,036 [INFO] IPUIPlugin:80 - create IPUIPlugin
2024-09-15 21:12:17,036 [INFO] PluginManager:220 - loadIPPluginJar : add touchsensing
2024-09-15 21:12:17,062 [INFO] IPUIPlugin:80 - create IPUIPlugin
2024-09-15 21:12:17,062 [INFO] PluginManager:220 - loadIPPluginJar : add tracer_emb
2024-09-15 21:12:17,089 [INFO] IPUIPlugin:80 - create IPUIPlugin
2024-09-15 21:12:17,089 [INFO] PluginManager:220 - loadIPPluginJar : add ts
2024-09-15 21:12:17,110 [INFO] ThirdPartyUpdaterWithRetryManager:70 - Updater plugin not ready yet. [2/15]
2024-09-15 21:12:17,113 [INFO] IPUIPlugin:80 - create IPUIPlugin
2024-09-15 21:12:17,113 [INFO] PluginManager:220 - loadIPPluginJar : add tsc
2024-09-15 21:12:17,138 [INFO] IPUIPlugin:80 - create IPUIPlugin
2024-09-15 21:12:17,138 [INFO] PluginManager:220 - loadIPPluginJar : add ucpd
2024-09-15 21:12:17,186 [INFO] IPUIPlugin:80 - create IPUIPlugin
2024-09-15 21:12:17,187 [INFO] PluginManager:220 - loadIPPluginJar : add usart
2024-09-15 21:12:17,239 [INFO] IPUIPlugin:80 - create IPUIPlugin
2024-09-15 21:12:17,239 [INFO] PluginManager:220 - loadIPPluginJar : add usbx
2024-09-15 21:12:17,398 [INFO] CADModel:165 - CPN selected for project level
2024-09-15 21:12:17,398 [INFO] CADModel:114 - Register for checkConnection events
2024-09-15 21:12:17,398 [FATAL] Updater:334 - Updater called before beeing initialized
2024-09-15 21:12:17,398 [ERROR] CADModel:125 - Updater not yet initialized, retry later 
2024-09-15 21:12:17,556 [INFO] CADModel:165 - CPN selected for project level
2024-09-15 21:12:17,556 [INFO] CADModel:114 - Register for checkConnection events
2024-09-15 21:12:17,556 [FATAL] Updater:334 - Updater called before beeing initialized
2024-09-15 21:12:17,556 [ERROR] CADModel:125 - Updater not yet initialized, retry later 
2024-09-15 21:12:17,560 [FATAL] Updater:334 - Updater called before beeing initialized
2024-09-15 21:12:17,695 [FATAL] Updater:334 - Updater called before beeing initialized
2024-09-15 21:12:17,701 [INFO] DbMcusAds:53 - JSON generation date=Thu Sep 30 08:55:09 CEST 2021 (1632984909247)
2024-09-15 21:12:17,701 [FATAL] Updater:334 - Updater called before beeing initialized
2024-09-15 21:12:17,825 [WARN] DetailPanel:346 - Failed to get advertising image, set to default
2024-09-15 21:12:17,918 [FATAL] Updater:334 - Updater called before beeing initialized
2024-09-15 21:12:17,920 [FATAL] Updater:334 - Updater called before beeing initialized
2024-09-15 21:12:17,920 [FATAL] Updater:334 - Updater called before beeing initialized
2024-09-15 21:12:17,920 [WARN] DetailPanel:346 - Failed to get advertising image, set to default
2024-09-15 21:12:17,921 [FATAL] Updater:334 - Updater called before beeing initialized
2024-09-15 21:12:18,008 [ERROR] Updater:1164 - MainUpdater not yet initialized. External WinMGr cannot be set.
2024-09-15 21:12:18,022 [INFO] Updater:1100 - Updater Version found : 6.12.0
2024-09-15 21:12:18,043 [INFO] ApplicationProperties:184 - Using Application install path: C:\ST\STM32CubeIDE_1.16.0\STM32CubeIDE\plugins\com.st.stm32cube.common.mx_6.12.0.202406281431
2024-09-15 21:12:19,620 [ERROR] LogOutputStream:75 - [STDERR_REDIRECT] Sep 15, 2024 9:12:19 PM java.util.prefs.WindowsPreferences <init>
2024-09-15 21:12:19,621 [ERROR] LogOutputStream:75 - [STDERR_REDIRECT] WARNING: Could not open/create prefs root node Software\JavaSoft\Prefs at root 0xffffffff80000002. Windows RegCreateKeyEx(...) returned error code 5.
2024-09-15 21:12:19,621 [ERROR] LogOutputStream:75 - [STDERR_REDIRECT] 
2024-09-15 21:12:19,649 [INFO] MainUpdater:526 - Copy updater definitions from MX database
2024-09-15 21:12:19,701 [INFO] MainUpdater:559 - Copy flag file definitions from MX database
2024-09-15 21:12:19,704 [INFO] MainUpdater:575 - Copy thirdparty index definitions from MX database
2024-09-15 21:12:19,707 [INFO] MainUpdater:594 - Copy default thirdparty db definitions from MX database
2024-09-15 21:12:20,111 [INFO] ThirdPartyUpdaterWithRetryManager:70 - Updater plugin not ready yet. [3/15]
2024-09-15 21:12:20,345 [INFO] MainUpdater:2873 - connection check result : 10
2024-09-15 21:12:20,346 [INFO] MainUpdater:3567 - Updater definition file requires update
2024-09-15 21:12:20,347 [INFO] MainUpdater:290 - Updater Check For Update Now.
2024-09-15 21:12:20,347 [INFO] MicroXplorer:498 - Change Database Version : DB.6.0.120
2024-09-15 21:12:20,364 [INFO] McuFinderGlobals:63 - Set McuFinder mode to 2 (CubeIDE integrated)
2024-09-15 21:12:20,365 [INFO] UserAuth:179 - activating auth plugin
2024-09-15 21:12:20,368 [INFO] UserAuth:417 - Internet connection configuration mode: 1
2024-09-15 21:12:20,388 [INFO] JxBrowserEngine:152 - Initiate JxBrowser Engine with user profile folder
2024-09-15 21:12:20,691 [INFO] ServerAccessManage:473 - Download File updaters.zip
2024-09-15 21:12:20,949 [INFO] FileExtend:240 - Unzip File : updaters.zip
2024-09-15 21:12:20,950 [INFO] FileExtend:255 - Standard Zip Deflate
2024-09-15 21:12:21,738 [INFO] ServerAccessManage:473 - Download File PacksControlFlags.xml
2024-09-15 21:12:22,004 [INFO] ServerAccessManage:473 - Download File cubemx.pidx
2024-09-15 21:12:22,289 [INFO] ServerAccessManage:473 - Download File STMicroelectronics.FP-ATR-ASTRA1.pdsc
2024-09-15 21:12:23,114 [WARN] MainUpdater:1194 - Updater busy. Cannot search thirdparties
2024-09-15 21:12:23,114 [INFO] ThirdPartyUpdaterWithRetryManager:96 - Updater plugin is busy. [1/15]
2024-09-15 21:12:23,348 [INFO] ServerAccessManage:473 - Download File STMicroelectronics.FP-ATR-SIGFOX1.pdsc
2024-09-15 21:12:23,756 [INFO] ServerAccessManage:473 - Download File STMicroelectronics.FP-SNS-STBOX1.pdsc
2024-09-15 21:12:24,161 [INFO] ServerAccessManage:473 - Download File STMicroelectronics.FP-SNS-FLIGHT1.pdsc
2024-09-15 21:12:25,134 [INFO] ServerAccessManage:473 - Download File STMicroelectronics.FP-SNS-MOTENV1.pdsc
2024-09-15 21:12:26,118 [WARN] MainUpdater:1194 - Updater busy. Cannot search thirdparties
2024-09-15 21:12:26,118 [INFO] ThirdPartyUpdaterWithRetryManager:96 - Updater plugin is busy. [2/15]
2024-09-15 21:12:26,240 [INFO] ServerAccessManage:473 - Download File STMicroelectronics.FP-SNS-MOTENVWB1.pdsc
2024-09-15 21:12:26,990 [INFO] ServerAccessManage:473 - Download File STMicroelectronics.FP-SNS-SMARTAG2.pdsc
2024-09-15 21:12:27,617 [INFO] ServerAccessManage:473 - Download File STMicroelectronics.X-CUBE-AI.pdsc
2024-09-15 21:12:29,120 [WARN] MainUpdater:1194 - Updater busy. Cannot search thirdparties
2024-09-15 21:12:29,120 [INFO] ThirdPartyUpdaterWithRetryManager:96 - Updater plugin is busy. [3/15]
2024-09-15 21:12:29,465 [INFO] WebApp:167 - Instantiating new browser for Auth
2024-09-15 21:12:30,490 [INFO] WebApp:448 - Apply proxy settings
2024-09-15 21:12:30,491 [INFO] WebApp:533 - Chromium requires no authentication
2024-09-15 21:12:30,504 [INFO] WebApp:476 - Direct internet connection detected
2024-09-15 21:12:30,539 [INFO] WebApp:869 - Register for checkConnection events
2024-09-15 21:12:30,539 [INFO] WebApp:448 - Apply proxy settings
2024-09-15 21:12:30,540 [INFO] WebApp:533 - Chromium requires no authentication
2024-09-15 21:12:30,540 [INFO] WebApp:476 - Direct internet connection detected
2024-09-15 21:12:30,774 [INFO] WebApp:220 - Starting web application
2024-09-15 21:12:30,774 [INFO] WebApp:578 - Web application path used C:\ST\STM32CubeIDE_1.16.0\STM32CubeIDE\plugins\com.st.stm32cube.common.mx_6.12.0.202406281431\db\plugins\mcufinder\reactClient1\index.html
2024-09-15 21:12:30,921 [INFO] WebApp:186 - Connection restablished
2024-09-15 21:12:31,641 [INFO] McuFinderGlobals:63 - Set McuFinder mode to 2 (CubeIDE integrated)
2024-09-15 21:12:31,641 [INFO] UserAuth:179 - activating auth plugin
2024-09-15 21:12:31,643 [INFO] UserAuth:417 - Internet connection configuration mode: 1
2024-09-15 21:12:32,121 [WARN] MainUpdater:1194 - Updater busy. Cannot search thirdparties
2024-09-15 21:12:32,121 [INFO] ThirdPartyUpdaterWithRetryManager:96 - Updater plugin is busy. [4/15]
2024-09-15 21:12:33,531 [INFO] ServerAccessManage:473 - Download File STMicroelectronics.X-CUBE-ALS.pdsc
2024-09-15 21:12:34,346 [INFO] ServerAccessManage:473 - Download File STMicroelectronics.X-CUBE-BLE1.pdsc
2024-09-15 21:12:35,123 [WARN] MainUpdater:1194 - Updater busy. Cannot search thirdparties
2024-09-15 21:12:35,123 [INFO] ThirdPartyUpdaterWithRetryManager:96 - Updater plugin is busy. [5/15]
2024-09-15 21:12:37,092 [ERROR] ServerAccessManage:1089 - Problem, file not found on Server
2024-09-15 21:12:37,576 [INFO] ServerAccessManage:473 - Download File STMicroelectronics.X-CUBE-BLE2.pdsc
2024-09-15 21:12:38,124 [WARN] MainUpdater:1194 - Updater busy. Cannot search thirdparties
2024-09-15 21:12:38,124 [INFO] ThirdPartyUpdaterWithRetryManager:96 - Updater plugin is busy. [6/15]
2024-09-15 21:12:41,124 [WARN] MainUpdater:1194 - Updater busy. Cannot search thirdparties
2024-09-15 21:12:41,124 [INFO] ThirdPartyUpdaterWithRetryManager:96 - Updater plugin is busy. [7/15]
2024-09-15 21:12:41,637 [INFO] ServerAccessManage:473 - Download File STMicroelectronics.X-CUBE-BLEMGR.pdsc
2024-09-15 21:12:42,844 [INFO] ServerAccessManage:473 - Download File STMicroelectronics.X-CUBE-DISPLAY.pdsc
2024-09-15 21:12:43,919 [INFO] ServerAccessManage:473 - Download File STMicroelectronics.X-CUBE-DPOWER.pdsc
2024-09-15 21:12:44,125 [WARN] MainUpdater:1194 - Updater busy. Cannot search thirdparties
2024-09-15 21:12:44,125 [INFO] ThirdPartyUpdaterWithRetryManager:96 - Updater plugin is busy. [8/15]
2024-09-15 21:12:44,613 [ERROR] ServerAccessManage:1089 - Problem, file not found on Server
2024-09-15 21:12:44,891 [ERROR] ServerAccessManage:1089 - Problem, file not found on Server
2024-09-15 21:12:45,192 [ERROR] ServerAccessManage:1089 - Problem, file not found on Server
2024-09-15 21:12:45,475 [ERROR] ServerAccessManage:1089 - Problem, file not found on Server
2024-09-15 21:12:45,792 [ERROR] ServerAccessManage:1089 - Problem, file not found on Server
2024-09-15 21:12:46,080 [ERROR] ServerAccessManage:1089 - Problem, file not found on Server
2024-09-15 21:12:46,338 [ERROR] ServerAccessManage:1089 - Problem, file not found on Server
2024-09-15 21:12:46,675 [ERROR] ServerAccessManage:1089 - Problem, file not found on Server
2024-09-15 21:12:46,946 [ERROR] ServerAccessManage:1089 - Problem, file not found on Server
2024-09-15 21:12:47,126 [WARN] MainUpdater:1194 - Updater busy. Cannot search thirdparties
2024-09-15 21:12:47,126 [INFO] ThirdPartyUpdaterWithRetryManager:96 - Updater plugin is busy. [9/15]
2024-09-15 21:12:47,275 [ERROR] ServerAccessManage:1089 - Problem, file not found on Server
2024-09-15 21:12:47,558 [ERROR] ServerAccessManage:1089 - Problem, file not found on Server
2024-09-15 21:12:47,706 [INFO] ServerAccessManage:473 - Download File STMicroelectronics.X-CUBE-EEPRMA1.pdsc
2024-09-15 21:12:48,146 [ERROR] ServerAccessManage:1089 - Problem, file not found on Server
2024-09-15 21:12:48,691 [ERROR] ServerAccessManage:1089 - Problem, file not found on Server
2024-09-15 21:12:49,796 [INFO] ServerAccessManage:473 - Download File STMicroelectronics.X-CUBE-FREERTOS.pdsc
2024-09-15 21:12:50,127 [WARN] MainUpdater:1194 - Updater busy. Cannot search thirdparties
2024-09-15 21:12:50,127 [INFO] ThirdPartyUpdaterWithRetryManager:96 - Updater plugin is busy. [10/15]
2024-09-15 21:12:51,089 [INFO] ServerAccessManage:473 - Download File STMicroelectronics.X-CUBE-GNSS1.pdsc
2024-09-15 21:12:53,096 [ERROR] ServerAccessManage:1089 - Problem, file not found on Server
2024-09-15 21:12:53,129 [WARN] MainUpdater:1194 - Updater busy. Cannot search thirdparties
2024-09-15 21:12:53,129 [INFO] ThirdPartyUpdaterWithRetryManager:96 - Updater plugin is busy. [11/15]
2024-09-15 21:12:53,367 [ERROR] ServerAccessManage:1089 - Problem, file not found on Server
2024-09-15 21:12:53,565 [ERROR] ServerAccessManage:1089 - Problem, file not found on Server
2024-09-15 21:12:53,862 [ERROR] ServerAccessManage:1089 - Problem, file not found on Server
2024-09-15 21:12:54,162 [ERROR] ServerAccessManage:1089 - Problem, file not found on Server
2024-09-15 21:12:54,364 [ERROR] ServerAccessManage:1089 - Problem, file not found on Server
2024-09-15 21:12:54,495 [INFO] ServerAccessManage:473 - Download File STMicroelectronics.X-CUBE-ISPU.pdsc
2024-09-15 21:12:55,091 [INFO] ServerAccessManage:473 - Download File STMicroelectronics.X-CUBE-MEMS1.pdsc
2024-09-15 21:12:56,130 [WARN] MainUpdater:1194 - Updater busy. Cannot search thirdparties
2024-09-15 21:12:56,130 [INFO] ThirdPartyUpdaterWithRetryManager:96 - Updater plugin is busy. [12/15]
2024-09-15 21:12:59,133 [WARN] MainUpdater:1194 - Updater busy. Cannot search thirdparties
2024-09-15 21:12:59,133 [INFO] ThirdPartyUpdaterWithRetryManager:96 - Updater plugin is busy. [13/15]
2024-09-15 21:13:02,134 [WARN] MainUpdater:1194 - Updater busy. Cannot search thirdparties
2024-09-15 21:13:02,134 [INFO] ThirdPartyUpdaterWithRetryManager:96 - Updater plugin is busy. [14/15]
2024-09-15 21:13:05,137 [WARN] MainUpdater:1194 - Updater busy. Cannot search thirdparties
2024-09-15 21:13:05,137 [INFO] ThirdPartyUpdaterWithRetryManager:96 - Updater plugin is busy. [15/15]
2024-09-15 21:13:05,137 [ERROR] IntegrityCheckThread:130 - Cannot retrieve database content from updater: error -1
2024-09-15 21:13:05,137 [INFO] ThirdParty:978 - Integrity check success = false
2024-09-15 21:13:05,137 [INFO] IntegrityCheckThread:100 - exiting critical section [integrity check]
2024-09-15 21:13:05,137 [INFO] IntegrityCheckThread:103 - End integrity checks thread
2024-09-15 21:13:08,227 [INFO] ServerAccessManage:473 - Download File STMicroelectronics.X-CUBE-NFC4.pdsc
2024-09-15 21:13:10,303 [INFO] ServerAccessManage:473 - Download File STMicroelectronics.X-CUBE-NFC6.pdsc
2024-09-15 21:13:13,349 [INFO] ServerAccessManage:473 - Download File STMicroelectronics.X-CUBE-NFC7.pdsc
2024-09-15 21:13:13,805 [INFO] ServerAccessManage:473 - Download File STMicroelectronics.X-CUBE-SFXS2LP1.pdsc
2024-09-15 21:13:14,533 [INFO] ServerAccessManage:473 - Download File STMicroelectronics.X-CUBE-SAFEA1.pdsc
2024-09-15 21:13:14,904 [INFO] ServerAccessManage:473 - Download File STMicroelectronics.X-CUBE-SUBG2.pdsc
2024-09-15 21:13:17,872 [INFO] ServerAccessManage:473 - Download File STMicroelectronics.X-CUBE-SMBUS.pdsc
2024-09-15 21:13:18,245 [ERROR] ServerAccessManage:1089 - Problem, file not found on Server
2024-09-15 21:13:18,640 [INFO] ServerAccessManage:473 - Download File STMicroelectronics.X-CUBE-TCPP.pdsc
2024-09-15 21:13:18,977 [INFO] ServerAccessManage:473 - Download File STMicroelectronics.X-CUBE-TOF1.pdsc
2024-09-15 21:13:20,571 [ERROR] ServerAccessManage:1089 - Problem, file not found on Server
2024-09-15 21:13:20,883 [INFO] ServerAccessManage:473 - Download File STMicroelectronics.X-CUBE-TOUCHGFX.pdsc
2024-09-15 21:13:21,156 [INFO] WebApp:645 - userauth.ini deleted or not created
2024-09-15 21:13:25,496 [INFO] ServerAccessManage:473 - Download File STMicroelectronics.X-CUBE-ALGOBUILD.pdsc
2024-09-15 21:13:27,810 [INFO] ServerAccessManage:473 - Download File STMicroelectronics.X-CUBE-AZRTOS-H7.pdsc
2024-09-15 21:13:29,718 [INFO] ServerAccessManage:473 - Download File STMicroelectronics.X-CUBE-AZRTOS-H7RS.pdsc
2024-09-15 21:13:30,626 [INFO] ServerAccessManage:473 - Download File STMicroelectronics.X-CUBE-AZRTOS-F4.pdsc
2024-09-15 21:13:31,818 [INFO] ServerAccessManage:473 - Download File STMicroelectronics.X-CUBE-AZRTOS-F7.pdsc
2024-09-15 21:13:32,620 [INFO] ServerAccessManage:473 - Download File STMicroelectronics.X-CUBE-AZRTOS-L4.pdsc
2024-09-15 21:13:33,427 [INFO] ServerAccessManage:473 - Download File STMicroelectronics.X-CUBE-AZRTOS-L5.pdsc
2024-09-15 21:13:34,906 [INFO] ServerAccessManage:473 - Download File STMicroelectronics.X-CUBE-AZRTOS-G0.pdsc
2024-09-15 21:13:35,903 [INFO] ServerAccessManage:473 - Download File STMicroelectronics.X-CUBE-AZRTOS-G4.pdsc
2024-09-15 21:13:36,693 [INFO] ServerAccessManage:473 - Download File STMicroelectronics.X-CUBE-AZRTOS-WB.pdsc
2024-09-15 21:13:37,459 [INFO] ServerAccessManage:473 - Download File STMicroelectronics.X-CUBE-AZRTOS-WL.pdsc
2024-09-15 21:13:38,892 [INFO] ServerAccessManage:473 - Download File wolfSSL.I-CUBE-wolfSSL.pdsc
2024-09-15 21:13:44,281 [ERROR] ServerAccessManage:1089 - Problem, file not found on Server
2024-09-15 21:13:44,784 [ERROR] ServerAccessManage:1089 - Problem, file not found on Server
2024-09-15 21:13:45,229 [ERROR] ServerAccessManage:1089 - Problem, file not found on Server
2024-09-15 21:13:45,369 [INFO] ServerAccessManage:473 - Download File wolfSSL.I-CUBE-wolfMQTT.pdsc
2024-09-15 21:13:46,693 [ERROR] ServerAccessManage:1089 - Problem, file not found on Server
2024-09-15 21:13:46,844 [INFO] ServerAccessManage:473 - Download File wolfSSL.I-CUBE-wolfTPM.pdsc
2024-09-15 21:13:48,297 [INFO] ServerAccessManage:473 - Download File wolfSSL.I-CUBE-wolfSSH.pdsc
2024-09-15 21:13:51,141 [INFO] ServerAccessManage:473 - Download File RealThread.X-CUBE-RT-Thread_Nano.pdsc
2024-09-15 21:13:51,848 [INFO] ServerAccessManage:473 - Download File SEGGER.I-CUBE-embOS.pdsc
2024-09-15 21:13:52,706 [INFO] ServerAccessManage:473 - Download File portGmbH.I-Cube-SoM-uGOAL.pdsc
2024-09-15 21:13:53,688 [ERROR] ServerAccessManage:1089 - Problem, file not found on Server
2024-09-15 21:13:53,795 [ERROR] ServerAccessManage:1089 - Problem, file not found on Server
2024-09-15 21:13:53,847 [ERROR] ServerAccessManage:1089 - Problem, file not found on Server
2024-09-15 21:13:54,349 [INFO] ServerAccessManage:473 - Download File emotas.I-CUBE-CANOPEN.pdsc
2024-09-15 21:13:55,639 [INFO] ServerAccessManage:473 - Download File WES.I-CUBE-Cesium.pdsc
2024-09-15 21:13:56,651 [ERROR] ServerAccessManage:1089 - Problem, file not found on Server
2024-09-15 21:13:57,056 [ERROR] ServerAccessManage:1089 - Problem, file not found on Server
2024-09-15 21:13:58,568 [INFO] ServerAccessManage:473 - Download File ITTIA_DB.I-CUBE-ITTIADB.pdsc
2024-09-15 21:14:03,928 [INFO] ServerAccessManage:473 - Download File Infineon.AIROC-Wi-Fi-Bluetooth-STM32.pdsc
2024-09-15 21:14:08,746 [INFO] ServerAccessManage:473 - Download File Cesanta.I-CUBE-Mongoose.pdsc
2024-09-15 21:14:10,547 [INFO] ServerAccessManage:473 - Download File EmbeddedOffice.I-CUBE-FS-RTOS.pdsc
2024-09-15 21:14:10,819 [WARN] PackLoader:240 - Cannot read IP mode file for STMicroelectronics.FP-ATR-ASTRA1.2.0.0
2024-09-15 21:14:10,822 [WARN] CheckServerUpdateThread:151 - Open CheckUpdateFile Fail
2024-09-15 21:14:10,831 [WARN] PackLoader:240 - Cannot read IP mode file for STMicroelectronics.FP-ATR-SIGFOX1.3.2.0
2024-09-15 21:14:10,846 [WARN] PackLoader:240 - Cannot read IP mode file for STMicroelectronics.FP-SNS-STBOX1.2.0.0
2024-09-15 21:14:10,863 [WARN] PackLoader:240 - Cannot read IP mode file for STMicroelectronics.FP-SNS-FLIGHT1.5.0.2
2024-09-15 21:14:10,871 [WARN] PackLoader:240 - Cannot read IP mode file for STMicroelectronics.FP-SNS-MOTENV1.5.0.0
2024-09-15 21:14:10,882 [WARN] PackLoader:240 - Cannot read IP mode file for STMicroelectronics.FP-SNS-MOTENVWB1.1.4.0
2024-09-15 21:14:10,890 [WARN] PackLoader:240 - Cannot read IP mode file for STMicroelectronics.FP-SNS-SMARTAG2.1.2.0
2024-09-15 21:14:10,898 [WARN] PackLoader:240 - Cannot read IP mode file for STMicroelectronics.X-CUBE-AI.9.0.0
2024-09-15 21:14:10,906 [WARN] PackLoader:240 - Cannot read IP mode file for STMicroelectronics.X-CUBE-ALS.1.0.2
2024-09-15 21:14:10,915 [WARN] PackLoader:240 - Cannot read IP mode file for STMicroelectronics.X-CUBE-BLE1.7.0.0
2024-09-15 21:14:10,924 [WARN] PackLoader:240 - Cannot read IP mode file for STMicroelectronics.X-CUBE-BLE2.3.3.0
2024-09-15 21:14:10,945 [WARN] PackLoader:240 - Cannot read IP mode file for STMicroelectronics.X-CUBE-BLEMGR.3.1.0
2024-09-15 21:14:10,964 [WARN] PackLoader:240 - Cannot read IP mode file for STMicroelectronics.X-CUBE-DISPLAY.3.0.0
2024-09-15 21:14:10,965 [INFO] CheckServerUpdateThread:120 - End of CheckServer Thread
2024-09-15 21:14:10,982 [WARN] PackLoader:240 - Cannot read IP mode file for STMicroelectronics.X-CUBE-DPower.1.2.0
2024-09-15 21:14:10,989 [WARN] PackLoader:240 - Cannot read IP mode file for STMicroelectronics.X-CUBE-EEPRMA1.5.1.0
2024-09-15 21:14:10,999 [WARN] PackLoader:240 - Cannot read IP mode file for STMicroelectronics.X-CUBE-FREERTOS.1.2.0
2024-09-15 21:14:11,007 [WARN] PackLoader:240 - Cannot read IP mode file for STMicroelectronics.X-CUBE-GNSS1.7.0.0
2024-09-15 21:14:11,014 [WARN] PackLoader:240 - Cannot read IP mode file for STMicroelectronics.X-CUBE-ISPU.2.0.0
2024-09-15 21:14:11,081 [WARN] PackLoader:240 - Cannot read IP mode file for STMicroelectronics.X-CUBE-MEMS1.11.0.0
2024-09-15 21:14:11,283 [WARN] PackLoader:240 - Cannot read IP mode file for STMicroelectronics.X-CUBE-NFC4.3.0.0
2024-09-15 21:14:11,291 [WARN] PackLoader:240 - Cannot read IP mode file for STMicroelectronics.X-CUBE-NFC6.3.1.0
2024-09-15 21:14:11,298 [WARN] PackLoader:240 - Cannot read IP mode file for STMicroelectronics.X-CUBE-NFC7.1.0.1
2024-09-15 21:14:11,304 [WARN] PackLoader:240 - Cannot read IP mode file for STMicroelectronics.X-CUBE-SFXS2LP1.4.0.0
2024-09-15 21:14:11,311 [WARN] PackLoader:240 - Cannot read IP mode file for STMicroelectronics.X-CUBE-SAFEA1.1.2.2
2024-09-15 21:14:11,323 [WARN] PackLoader:240 - Cannot read IP mode file for STMicroelectronics.X-CUBE-SUBG2.5.0.0
2024-09-15 21:14:11,332 [WARN] PackLoader:240 - Cannot read IP mode file for STMicroelectronics.X-CUBE-SMBUS.2.1.0
2024-09-15 21:14:11,339 [WARN] PackLoader:240 - Cannot read IP mode file for STMicroelectronics.X-CUBE-TCPP.4.1.0
2024-09-15 21:14:11,351 [WARN] PackLoader:240 - Cannot read IP mode file for STMicroelectronics.X-CUBE-TOF1.3.4.2
2024-09-15 21:14:11,367 [WARN] PackLoader:240 - Cannot read IP mode file for STMicroelectronics.X-CUBE-TOUCHGFX.4.24.0
2024-09-15 21:14:11,374 [WARN] PackLoader:240 - Cannot read IP mode file for STMicroelectronics.X-CUBE-ALGOBUILD.1.4.0
2024-09-15 21:14:11,395 [WARN] PackLoader:240 - Cannot read IP mode file for STMicroelectronics.X-CUBE-AZRTOS-H7.3.3.0
2024-09-15 21:14:11,420 [WARN] PackLoader:240 - Cannot read IP mode file for STMicroelectronics.X-CUBE-AZRTOS-H7RS.1.0.0
2024-09-15 21:14:11,439 [WARN] PackLoader:240 - Cannot read IP mode file for STMicroelectronics.X-CUBE-AZRTOS-F4.1.1.0
2024-09-15 21:14:11,457 [WARN] PackLoader:240 - Cannot read IP mode file for STMicroelectronics.X-CUBE-AZRTOS-F7.1.1.0
2024-09-15 21:14:11,485 [WARN] ConditionMgr:438 - getConditionDescription Invalid condition id : LAN8742 Phy interface Condition cause : null
2024-09-15 21:14:11,486 [WARN] PackLoader:240 - Cannot read IP mode file for STMicroelectronics.X-CUBE-AZRTOS-L4.2.0.0
2024-09-15 21:14:11,488 [WARN] ConditionMgr:1039 - genDependencies : Invalid condition id : LAN8742 Phy interface Condition cause : null
2024-09-15 21:14:11,489 [WARN] ConditionMgr:1039 - genDependencies : Invalid condition id : LAN8742 Phy interface Condition cause : null
2024-09-15 21:14:11,490 [WARN] ConditionMgr:1039 - genDependencies : Invalid condition id : LAN8742 Phy interface Condition cause : null
2024-09-15 21:14:11,506 [WARN] PackLoader:240 - Cannot read IP mode file for STMicroelectronics.X-CUBE-AZRTOS-L5.2.0.0
2024-09-15 21:14:11,528 [WARN] PackLoader:240 - Cannot read IP mode file for STMicroelectronics.X-CUBE-AZRTOS-G0.1.1.0
2024-09-15 21:14:11,546 [WARN] PackLoader:240 - Cannot read IP mode file for STMicroelectronics.X-CUBE-AZRTOS-G4.2.0.0
2024-09-15 21:14:11,561 [WARN] ConditionMgr:438 - getConditionDescription Invalid condition id : UX DEVICE CLASS RTOS Condition cause : null
2024-09-15 21:14:11,561 [WARN] ConditionMgr:438 - getConditionDescription Invalid condition id : UX DEVICE CLASS RTOS Condition cause : null
2024-09-15 21:14:11,563 [WARN] PackLoader:240 - Cannot read IP mode file for STMicroelectronics.X-CUBE-AZRTOS-WB.2.0.0
2024-09-15 21:14:11,563 [WARN] ConditionMgr:1039 - genDependencies : Invalid condition id : UX DEVICE CLASS RTOS Condition cause : null
2024-09-15 21:14:11,564 [WARN] ConditionMgr:1039 - genDependencies : Invalid condition id : UX DEVICE CLASS RTOS Condition cause : null
2024-09-15 21:14:11,564 [WARN] ConditionMgr:1039 - genDependencies : Invalid condition id : UX DEVICE CLASS RTOS Condition cause : null
2024-09-15 21:14:11,564 [WARN] ConditionMgr:1039 - genDependencies : Invalid condition id : UX DEVICE CLASS RTOS Condition cause : null
2024-09-15 21:14:11,565 [WARN] ConditionMgr:1039 - genDependencies : Invalid condition id : UX DEVICE CLASS RTOS Condition cause : null
2024-09-15 21:14:11,574 [INFO] LogOutputStream:77 - [STDOUT_REDIRECT] 1 : Invalid condition id : UX_CORESTACK_Condition cause : null
2024-09-15 21:14:11,575 [INFO] LogOutputStream:77 - [STDOUT_REDIRECT] 1 : Invalid condition id : UX_CORESTACK_Condition cause : null
2024-09-15 21:14:11,576 [INFO] LogOutputStream:77 - [STDOUT_REDIRECT] 1 : Invalid condition id : UX_CORESTACK_Condition cause : null
2024-09-15 21:14:11,578 [INFO] LogOutputStream:77 - [STDOUT_REDIRECT] 1 : Invalid condition id : UX_CORESTACK_Condition cause : null
2024-09-15 21:14:11,579 [INFO] LogOutputStream:77 - [STDOUT_REDIRECT] 1 : Invalid condition id : UX_CORESTACK_Condition cause : null
2024-09-15 21:14:11,583 [WARN] PackLoader:240 - Cannot read IP mode file for STMicroelectronics.X-CUBE-AZRTOS-WL.2.0.0
2024-09-15 21:14:11,590 [WARN] PackLoader:240 - Cannot read IP mode file for wolfSSL.I-CUBE-wolfSSL.5.7.2
2024-09-15 21:14:11,594 [WARN] PackLoader:240 - Cannot read IP mode file for wolfSSL.I-CUBE-wolfMQTT.1.19.0
2024-09-15 21:14:11,597 [WARN] PackLoader:240 - Cannot read IP mode file for wolfSSL.I-CUBE-wolfTPM.3.4.0
2024-09-15 21:14:11,602 [WARN] PackLoader:240 - Cannot read IP mode file for wolfSSL.I-CUBE-wolfSSH.1.4.17
2024-09-15 21:14:11,608 [WARN] PackLoader:240 - Cannot read IP mode file for RealThread.X-CUBE-RT-Thread_Nano.4.1.1
2024-09-15 21:14:11,648 [WARN] PackLoader:240 - Cannot read IP mode file for SEGGER.I-CUBE-embOS.1.3.1
2024-09-15 21:14:11,734 [WARN] PackLoader:240 - Cannot read IP mode file for portGmbH.I-Cube-SoM-uGOAL.1.1.0
2024-09-15 21:14:11,743 [WARN] PackLoader:240 - Cannot read IP mode file for emotas.I-CUBE-CANOPEN.1.3.0
2024-09-15 21:14:11,755 [WARN] PackLoader:240 - Cannot read IP mode file for WES.I-CUBE-Cesium.1.3.0
2024-09-15 21:14:11,768 [WARN] PackLoader:240 - Cannot read IP mode file for ITTIA_DB.I-CUBE-ITTIADB.8.9.0
2024-09-15 21:14:11,806 [WARN] PackLoader:240 - Cannot read IP mode file for Infineon.AIROC-Wi-Fi-Bluetooth-STM32.1.6.1
2024-09-15 21:14:11,819 [WARN] PackLoader:240 - Cannot read IP mode file for Cesanta.I-CUBE-Mongoose.7.13.0
2024-09-15 21:14:11,833 [WARN] PackLoader:240 - Cannot read IP mode file for EmbeddedOffice.I-CUBE-FS-RTOS.1.0.1
2024-09-15 21:14:11,833 [ERROR] ConditionMgr:805 - Attr not supported : Dmpu
2024-09-15 21:14:11,834 [ERROR] ConditionMgr:805 - Attr not supported : Dmpu
2024-09-15 21:14:11,834 [ERROR] ConditionMgr:805 - Attr not supported : Dmpu
2024-09-15 21:14:11,834 [ERROR] ConditionMgr:805 - Attr not supported : Dmpu
2024-09-15 21:14:11,834 [ERROR] ConditionMgr:805 - Attr not supported : Dmpu
2024-09-15 21:14:11,834 [ERROR] ConditionMgr:805 - Attr not supported : Dmpu
2024-09-15 21:14:11,834 [ERROR] ConditionMgr:805 - Attr not supported : Dmpu
2024-09-15 21:14:11,834 [ERROR] ConditionMgr:805 - Attr not supported : Dmpu
2024-09-15 21:14:11,834 [ERROR] ConditionMgr:805 - Attr not supported : Dmpu
2024-09-15 21:14:11,834 [ERROR] ConditionMgr:805 - Attr not supported : Dmpu
2024-09-15 21:14:11,834 [ERROR] ConditionMgr:805 - Attr not supported : Dmpu
2024-09-15 21:14:11,834 [ERROR] ConditionMgr:805 - Attr not supported : Dmpu
2024-09-15 21:14:11,835 [ERROR] ConditionMgr:805 - Attr not supported : Dmpu
2024-09-15 21:14:11,835 [ERROR] ConditionMgr:805 - Attr not supported : Dmpu
2024-09-15 21:14:11,835 [ERROR] ConditionMgr:805 - Attr not supported : Dmpu
2024-09-15 21:14:11,835 [ERROR] ConditionMgr:805 - Attr not supported : Dmpu
2024-09-15 21:14:11,835 [ERROR] ConditionMgr:805 - Attr not supported : Dmpu
2024-09-15 21:14:11,835 [ERROR] ConditionMgr:805 - Attr not supported : Dmpu
2024-09-15 21:14:11,835 [ERROR] ConditionMgr:805 - Attr not supported : Dmpu
2024-09-15 21:14:11,835 [ERROR] ConditionMgr:805 - Attr not supported : Dmpu
2024-09-15 21:14:11,835 [ERROR] ConditionMgr:805 - Attr not supported : Dmpu
2024-09-15 21:14:11,835 [ERROR] ConditionMgr:805 - Attr not supported : Dmpu
2024-09-15 21:14:11,835 [ERROR] ConditionMgr:805 - Attr not supported : Dmpu
2024-09-15 21:14:11,836 [ERROR] ConditionMgr:805 - Attr not supported : Dmpu
2024-09-15 21:14:11,836 [ERROR] ConditionMgr:805 - Attr not supported : Dmpu
2024-09-15 21:14:11,836 [ERROR] ConditionMgr:805 - Attr not supported : Dmpu
2024-09-15 21:14:11,836 [ERROR] ConditionMgr:805 - Attr not supported : Dmpu
2024-09-15 21:14:11,836 [ERROR] ConditionMgr:805 - Attr not supported : Dmpu
2024-09-15 21:14:11,836 [ERROR] ConditionMgr:805 - Attr not supported : Dmpu
2024-09-15 21:14:11,836 [ERROR] ConditionMgr:805 - Attr not supported : Dmpu
2024-09-15 21:14:11,836 [ERROR] ConditionMgr:805 - Attr not supported : Dmpu
2024-09-15 21:14:11,836 [ERROR] ConditionMgr:805 - Attr not supported : Dmpu
2024-09-15 21:14:11,836 [ERROR] ConditionMgr:805 - Attr not supported : Dmpu
2024-09-15 21:14:11,836 [ERROR] ConditionMgr:805 - Attr not supported : Dmpu
2024-09-15 21:14:11,836 [ERROR] ConditionMgr:805 - Attr not supported : Dmpu
2024-09-15 21:14:11,836 [ERROR] ConditionMgr:805 - Attr not supported : Dmpu
2024-09-15 21:14:11,836 [ERROR] ConditionMgr:805 - Attr not supported : Dmpu
2024-09-15 21:14:11,837 [ERROR] ConditionMgr:805 - Attr not supported : Dmpu
2024-09-15 21:14:11,837 [ERROR] ConditionMgr:805 - Attr not supported : Dmpu
2024-09-15 21:14:11,837 [ERROR] ConditionMgr:805 - Attr not supported : Dmpu
2024-09-15 21:14:11,837 [ERROR] ConditionMgr:805 - Attr not supported : Dmpu
2024-09-15 21:14:11,837 [ERROR] ConditionMgr:805 - Attr not supported : Dmpu
2024-09-15 21:14:11,837 [ERROR] ConditionMgr:805 - Attr not supported : Dmpu
2024-09-15 21:14:11,837 [ERROR] ConditionMgr:805 - Attr not supported : Dmpu
2024-09-15 21:14:11,837 [ERROR] ConditionMgr:805 - Attr not supported : Dmpu
2024-09-15 21:14:11,837 [ERROR] ConditionMgr:805 - Attr not supported : Dmpu
2024-09-15 21:14:11,837 [ERROR] ConditionMgr:805 - Attr not supported : Dmpu
2024-09-15 21:14:11,837 [ERROR] ConditionMgr:805 - Attr not supported : Dmpu
2024-09-15 21:14:11,837 [ERROR] ConditionMgr:805 - Attr not supported : Dmpu
2024-09-15 21:14:11,838 [ERROR] ConditionMgr:805 - Attr not supported : Dmpu
2024-09-15 21:14:11,838 [ERROR] ConditionMgr:805 - Attr not supported : Dmpu
2024-09-15 21:14:11,838 [ERROR] ConditionMgr:805 - Attr not supported : Dmpu
2024-09-15 21:14:11,838 [ERROR] ConditionMgr:805 - Attr not supported : Dmpu
2024-09-15 21:14:11,838 [ERROR] ConditionMgr:805 - Attr not supported : Dmpu
2024-09-15 21:14:11,838 [ERROR] ConditionMgr:805 - Attr not supported : Dmpu
2024-09-15 21:14:11,838 [ERROR] ConditionMgr:805 - Attr not supported : Dmpu
2024-09-15 21:14:11,838 [ERROR] ConditionMgr:805 - Attr not supported : Dmpu
2024-09-15 21:14:11,838 [ERROR] ConditionMgr:805 - Attr not supported : Dmpu
2024-09-15 21:14:11,838 [ERROR] ConditionMgr:805 - Attr not supported : Dmpu
2024-09-15 21:14:11,838 [ERROR] ConditionMgr:805 - Attr not supported : Dmpu
2024-09-15 21:14:11,838 [ERROR] ConditionMgr:805 - Attr not supported : Dmpu
2024-09-15 21:14:11,838 [ERROR] ConditionMgr:805 - Attr not supported : Dmpu
2024-09-15 21:14:11,839 [ERROR] ConditionMgr:805 - Attr not supported : Dmpu
2024-09-15 21:14:11,839 [ERROR] ConditionMgr:805 - Attr not supported : Dmpu
2024-09-15 21:14:11,839 [INFO] PopulateThirdPartyThread:66 - Ending populate Thread
2024-09-15 21:14:11,843 [INFO] ThirdParty:1030 - CMSIS Pack Vendor :STMicroelectronics X-CUBE-AZRTOS-H7 3.3.0
2024-09-15 21:14:11,843 [INFO] ThirdParty:1030 - CMSIS Pack Vendor :STMicroelectronics FP-SNS-MOTENVWB1 1.4.0
2024-09-15 21:14:11,843 [INFO] ThirdParty:1030 - CMSIS Pack Vendor :STMicroelectronics X-CUBE-AZRTOS-F4 1.1.0
2024-09-15 21:14:11,844 [INFO] ThirdParty:1030 - CMSIS Pack Vendor :STMicroelectronics X-CUBE-SMBUS 2.1.0
2024-09-15 21:14:11,844 [INFO] ThirdParty:1030 - CMSIS Pack Vendor :STMicroelectronics X-CUBE-TCPP 4.1.0
2024-09-15 21:14:11,844 [INFO] ThirdParty:1030 - CMSIS Pack Vendor :STMicroelectronics X-CUBE-FREERTOS 1.2.0
2024-09-15 21:14:11,844 [INFO] ThirdParty:1030 - CMSIS Pack Vendor :STMicroelectronics X-CUBE-AZRTOS-WB 2.0.0
2024-09-15 21:14:11,844 [INFO] ThirdParty:1030 - CMSIS Pack Vendor :STMicroelectronics X-CUBE-GNSS1 7.0.0
2024-09-15 21:14:11,844 [INFO] ThirdParty:1030 - CMSIS Pack Vendor :STMicroelectronics X-CUBE-AZRTOS-F7 1.1.0
2024-09-15 21:14:11,844 [INFO] ThirdParty:1030 - CMSIS Pack Vendor :STMicroelectronics X-CUBE-AZRTOS-L5 2.0.0
2024-09-15 21:14:11,844 [INFO] ThirdParty:1030 - CMSIS Pack Vendor :STMicroelectronics X-CUBE-NFC6 3.1.0
2024-09-15 21:14:11,844 [INFO] ThirdParty:1030 - CMSIS Pack Vendor :STMicroelectronics FP-SNS-STBOX1 2.0.0
2024-09-15 21:14:11,844 [INFO] ThirdParty:1030 - CMSIS Pack Vendor :STMicroelectronics X-CUBE-MEMS1 11.0.0
2024-09-15 21:14:11,845 [INFO] ThirdParty:1030 - CMSIS Pack Vendor :STMicroelectronics X-CUBE-AZRTOS-G0 1.1.0
2024-09-15 21:14:11,845 [INFO] ThirdParty:1030 - CMSIS Pack Vendor :STMicroelectronics X-CUBE-DPower 1.2.0
2024-09-15 21:14:11,845 [INFO] ThirdParty:1030 - CMSIS Pack Vendor :STMicroelectronics X-CUBE-NFC4 3.0.0
2024-09-15 21:14:11,845 [INFO] ThirdParty:1030 - CMSIS Pack Vendor :STMicroelectronics X-CUBE-SAFEA1 1.2.2
2024-09-15 21:14:11,845 [INFO] ThirdParty:1030 - CMSIS Pack Vendor :STMicroelectronics X-CUBE-SUBG2 5.0.0
2024-09-15 21:14:11,845 [INFO] ThirdParty:1030 - CMSIS Pack Vendor :EmbeddedOffice I-CUBE-FS-RTOS 1.0.1
2024-09-15 21:14:11,845 [INFO] ThirdParty:1030 - CMSIS Pack Vendor :STMicroelectronics FP-SNS-FLIGHT1 5.0.2
2024-09-15 21:14:11,845 [INFO] ThirdParty:1030 - CMSIS Pack Vendor :Cesanta I-CUBE-Mongoose 7.13.0
2024-09-15 21:14:11,845 [INFO] ThirdParty:1030 - CMSIS Pack Vendor :STMicroelectronics X-CUBE-AI 9.0.0
2024-09-15 21:14:11,845 [INFO] ThirdParty:1030 - CMSIS Pack Vendor :STMicroelectronics X-CUBE-AZRTOS-G4 2.0.0
2024-09-15 21:14:11,845 [INFO] ThirdParty:1030 - CMSIS Pack Vendor :STMicroelectronics X-CUBE-DISPLAY 3.0.0
2024-09-15 21:14:11,845 [INFO] ThirdParty:1030 - CMSIS Pack Vendor :RealThread X-CUBE-RT-Thread_Nano 4.1.1
2024-09-15 21:14:11,845 [INFO] ThirdParty:1030 - CMSIS Pack Vendor :STMicroelectronics FP-ATR-SIGFOX1 3.2.0
2024-09-15 21:14:11,845 [INFO] ThirdParty:1030 - CMSIS Pack Vendor :STMicroelectronics X-CUBE-BLE1 7.0.0
2024-09-15 21:14:11,845 [INFO] ThirdParty:1030 - CMSIS Pack Vendor :wolfSSL I-CUBE-wolfSSL 5.7.2
2024-09-15 21:14:11,845 [INFO] ThirdParty:1030 - CMSIS Pack Vendor :STMicroelectronics X-CUBE-ISPU 2.0.0
2024-09-15 21:14:11,846 [INFO] ThirdParty:1030 - CMSIS Pack Vendor :STMicroelectronics X-CUBE-EEPRMA1 5.1.0
2024-09-15 21:14:11,846 [INFO] ThirdParty:1030 - CMSIS Pack Vendor :STMicroelectronics X-CUBE-ALS 1.0.2
2024-09-15 21:14:11,846 [INFO] ThirdParty:1030 - CMSIS Pack Vendor :emotas I-CUBE-CANOPEN 1.3.0
2024-09-15 21:14:11,846 [INFO] ThirdParty:1030 - CMSIS Pack Vendor :STMicroelectronics X-CUBE-NFC7 1.0.1
2024-09-15 21:14:11,846 [INFO] ThirdParty:1030 - CMSIS Pack Vendor :STMicroelectronics X-CUBE-TOUCHGFX 4.24.0
2024-09-15 21:14:11,846 [INFO] ThirdParty:1030 - CMSIS Pack Vendor :ITTIA_DB I-CUBE-ITTIADB 8.9.0
2024-09-15 21:14:11,846 [INFO] ThirdParty:1030 - CMSIS Pack Vendor :wolfSSL I-CUBE-wolfTPM 3.4.0
2024-09-15 21:14:11,847 [INFO] ThirdParty:1030 - CMSIS Pack Vendor :portGmbH I-Cube-SoM-uGOAL 1.1.0
2024-09-15 21:14:11,847 [INFO] ThirdParty:1030 - CMSIS Pack Vendor :STMicroelectronics X-CUBE-BLEMGR 3.1.0
2024-09-15 21:14:11,847 [INFO] ThirdParty:1030 - CMSIS Pack Vendor :STMicroelectronics FP-SNS-SMARTAG2 1.2.0
2024-09-15 21:14:11,847 [INFO] ThirdParty:1030 - CMSIS Pack Vendor :STMicroelectronics X-CUBE-AZRTOS-WL 2.0.0
2024-09-15 21:14:11,847 [INFO] ThirdParty:1030 - CMSIS Pack Vendor :SEGGER I-CUBE-embOS 1.3.1
2024-09-15 21:14:11,847 [INFO] ThirdParty:1030 - CMSIS Pack Vendor :STMicroelectronics X-CUBE-ALGOBUILD 1.4.0
2024-09-15 21:14:11,847 [INFO] ThirdParty:1030 - CMSIS Pack Vendor :STMicroelectronics FP-SNS-MOTENV1 5.0.0
2024-09-15 21:14:11,848 [INFO] ThirdParty:1030 - CMSIS Pack Vendor :STMicroelectronics X-CUBE-AZRTOS-H7RS 1.0.0
2024-09-15 21:14:11,848 [INFO] ThirdParty:1030 - CMSIS Pack Vendor :wolfSSL I-CUBE-wolfMQTT 1.19.0
2024-09-15 21:14:11,848 [INFO] ThirdParty:1030 - CMSIS Pack Vendor :STMicroelectronics X-CUBE-AZRTOS-L4 2.0.0
2024-09-15 21:14:11,848 [INFO] ThirdParty:1030 - CMSIS Pack Vendor :STMicroelectronics FP-ATR-ASTRA1 2.0.0
2024-09-15 21:14:11,848 [INFO] ThirdParty:1030 - CMSIS Pack Vendor :WES I-CUBE-Cesium 1.3.0
2024-09-15 21:14:11,848 [INFO] ThirdParty:1030 - CMSIS Pack Vendor :STMicroelectronics X-CUBE-SFXS2LP1 4.0.0
2024-09-15 21:14:11,848 [INFO] ThirdParty:1030 - CMSIS Pack Vendor :STMicroelectronics X-CUBE-BLE2 3.3.0
2024-09-15 21:14:11,848 [INFO] ThirdParty:1030 - CMSIS Pack Vendor :STMicroelectronics X-CUBE-TOF1 3.4.2
2024-09-15 21:14:11,848 [INFO] ThirdParty:1030 - CMSIS Pack Vendor :Infineon AIROC-Wi-Fi-Bluetooth-STM32 1.6.1
2024-09-15 21:14:11,848 [INFO] ThirdParty:1030 - CMSIS Pack Vendor :wolfSSL I-CUBE-wolfSSH 1.4.17
2024-09-15 21:14:11,850 [INFO] LoadServerUpdatesThread:375 - End of LoadServerUpdate Thread
2024-09-15 21:15:14,275 [ERROR] LogOutputStream:75 - [STDERR_REDIRECT] 
2024-09-15 21:15:14,276 [ERROR] LogOutputStream:75 - [STDERR_REDIRECT] 
