2024-07-24 12:31:32,868 [INFO] Activator:176 - 


2024-07-24 12:31:32,876 [INFO] Activator:177 - !SESSION log4j initialized
2024-07-24 12:31:40,297 [INFO] LogOutputStream:77 - [STDOUT_REDIRECT] 
2024-07-24 12:31:43,003 [INFO] ApplicationProperties:184 - Using Application install path: C:\ST\STM32CubeIDE_1.16.0\STM32CubeIDE\plugins\com.st.stm32cube.common.mx_6.12.0.202406281431
2024-07-24 12:31:43,026 [INFO] DbMcusXml:78 - Set database path to: C:\ST\STM32CubeIDE_1.16.0\STM32CubeIDE\plugins\com.st.stm32cube.common.mx_6.12.0.202406281431\\db\/mcu/
2024-07-24 12:31:43,026 [INFO] ApiDb:274 - Set plugin database path to: C:\ST\STM32CubeIDE_1.16.0\STM32CubeIDE\plugins\com.st.stm32cube.common.mx_6.12.0.202406281431\\db\/plugins/boardmanager/
2024-07-24 12:31:43,027 [WARN] ApiDb:259 - Overriding images path with different value:  => C:\ST\STM32CubeIDE_1.16.0\STM32CubeIDE\plugins\com.st.stm32cube.common.mx_6.12.0.202406281431\\db\/plugins/mcufinder/images/
2024-07-24 12:31:43,040 [INFO] ApiDb:250 - Set database path to: C:\Users\doria\.stmcufinder\plugins\mcufinder//mcu/
2024-07-24 12:31:43,041 [INFO] DbMcusAds:125 - Set database path to: C:\Users\doria\.stmcufinder\plugins\mcufinder//mcu/
2024-07-24 12:31:43,044 [INFO] CrossReferenceDbSqlite:203 - Set database path to: C:\Users\doria\.stmcufinder\plugins\mcufinder//mcu/cs/
2024-07-24 12:31:43,190 [INFO] RulesReader:64 - Compatibility file has been processed (297 Rules)
2024-07-24 12:31:43,288 [INFO] DbMcusXml:78 - Set database path to: C:\ST\STM32CubeIDE_1.16.0\STM32CubeIDE\plugins\com.st.stm32cube.common.mx_6.12.0.202406281431\\db\/mcu/
2024-07-24 12:31:43,288 [INFO] ApiDb:274 - Set plugin database path to: C:\ST\STM32CubeIDE_1.16.0\STM32CubeIDE\plugins\com.st.stm32cube.common.mx_6.12.0.202406281431\\db\/plugins/boardmanager/
2024-07-24 12:31:43,288 [INFO] ApiDb:261 - Set plugin images path to: C:\ST\STM32CubeIDE_1.16.0\STM32CubeIDE\plugins\com.st.stm32cube.common.mx_6.12.0.202406281431\\db\/plugins/mcufinder/images/
2024-07-24 12:31:43,289 [WARN] DbFile:41 - Overriding database path with different value: C:\Users\doria\.stmcufinder\plugins\mcufinder/ => C:\Users\doria\.stmcufinder\plugins\mcufinder
2024-07-24 12:31:43,289 [INFO] ApiDb:250 - Set database path to: C:\Users\doria\.stmcufinder\plugins\mcufinder//mcu/
2024-07-24 12:31:43,289 [WARN] DbFile:41 - Overriding database path with different value: C:\Users\doria\.stmcufinder\plugins\mcufinder/ => C:\Users\doria\.stmcufinder\plugins\mcufinder
2024-07-24 12:31:43,289 [INFO] DbMcusAds:125 - Set database path to: C:\Users\doria\.stmcufinder\plugins\mcufinder//mcu/
2024-07-24 12:31:43,289 [WARN] DbFile:41 - Overriding database path with different value: C:\Users\doria\.stmcufinder\plugins\mcufinder/ => C:\Users\doria\.stmcufinder\plugins\mcufinder
2024-07-24 12:31:43,289 [WARN] DbFile:41 - Overriding database path with different value: C:\Users\doria\.stmcufinder\plugins\mcufinder/ => C:\Users\doria\.stmcufinder\plugins\mcufinder
2024-07-24 12:31:43,289 [INFO] CrossReferenceDbSqlite:203 - Set database path to: C:\Users\doria\.stmcufinder\plugins\mcufinder//mcu/cs/
2024-07-24 12:31:43,394 [INFO] MainPanel:268 - HeapMemory: 268435456
2024-07-24 12:31:43,529 [INFO] DbMcusXml:78 - Set database path to: C:\ST\STM32CubeIDE_1.16.0\STM32CubeIDE\plugins\com.st.stm32cube.common.mx_6.12.0.202406281431\\db\/mcu/
2024-07-24 12:31:43,529 [INFO] ApiDb:274 - Set plugin database path to: C:\ST\STM32CubeIDE_1.16.0\STM32CubeIDE\plugins\com.st.stm32cube.common.mx_6.12.0.202406281431\\db\/plugins/boardmanager/
2024-07-24 12:31:43,529 [INFO] ApiDb:261 - Set plugin images path to: C:\ST\STM32CubeIDE_1.16.0\STM32CubeIDE\plugins\com.st.stm32cube.common.mx_6.12.0.202406281431\\db\/plugins/mcufinder/images/
2024-07-24 12:31:43,529 [WARN] DbFile:41 - Overriding database path with different value: C:\Users\doria\.stmcufinder\plugins\mcufinder/ => C:\Users\doria\.stmcufinder\plugins\mcufinder
2024-07-24 12:31:43,530 [INFO] ApiDb:250 - Set database path to: C:\Users\doria\.stmcufinder\plugins\mcufinder//mcu/
2024-07-24 12:31:43,530 [WARN] DbFile:41 - Overriding database path with different value: C:\Users\doria\.stmcufinder\plugins\mcufinder/ => C:\Users\doria\.stmcufinder\plugins\mcufinder
2024-07-24 12:31:43,530 [INFO] DbMcusAds:125 - Set database path to: C:\Users\doria\.stmcufinder\plugins\mcufinder//mcu/
2024-07-24 12:31:43,530 [WARN] DbFile:41 - Overriding database path with different value: C:\Users\doria\.stmcufinder\plugins\mcufinder/ => C:\Users\doria\.stmcufinder\plugins\mcufinder
2024-07-24 12:31:43,530 [WARN] DbFile:41 - Overriding database path with different value: C:\Users\doria\.stmcufinder\plugins\mcufinder/ => C:\Users\doria\.stmcufinder\plugins\mcufinder
2024-07-24 12:31:43,530 [INFO] CrossReferenceDbSqlite:203 - Set database path to: C:\Users\doria\.stmcufinder\plugins\mcufinder//mcu/cs/
2024-07-24 12:31:43,552 [INFO] ApplicationProperties:184 - Using Application install path: C:\ST\STM32CubeIDE_1.16.0\STM32CubeIDE\plugins\com.st.stm32cube.common.mx_6.12.0.202406281431
2024-07-24 12:31:43,554 [INFO] PluginManage:196 - Search for loadable plugins [exclusion list=, ]
2024-07-24 12:31:43,556 [INFO] PluginManage:310 - Check plugin analytics
2024-07-24 12:31:43,783 [INFO] AnalyticsPlugin:253 - Accepted Software Licenses: 
2024-07-24 12:31:43,783 [INFO] AnalyticsPlugin:255 - Accepted CMSIS Pack Licenses: 
2024-07-24 12:31:43,784 [INFO] AnalyticsPlugin:257 - Accepted Firmware Licenses: FW.L4.1.18.0
2024-07-24 12:31:43,787 [INFO] PluginManage:359 - Loaded plugin analytics (category:tool,tabindex:-1)
2024-07-24 12:31:43,787 [INFO] PluginManage:310 - Check plugin cadmodel
2024-07-24 12:31:43,809 [INFO] CADModel:105 - Init CAD model plugin
2024-07-24 12:31:43,809 [INFO] PluginManage:359 - Loaded plugin cadmodel (category:power,tabindex:5)
2024-07-24 12:31:43,810 [INFO] PluginManage:310 - Check plugin clock
2024-07-24 12:31:43,836 [INFO] PluginManage:359 - Loaded plugin clock (category:base,tabindex:2)
2024-07-24 12:31:43,836 [INFO] PluginManage:310 - Check plugin ddr
2024-07-24 12:31:43,840 [INFO] PluginManage:359 - Loaded plugin ddr (category:tool,tabindex:6)
2024-07-24 12:31:43,840 [INFO] PluginManage:310 - Check plugin filemanager
2024-07-24 12:31:44,045 [INFO] PluginManage:359 - Loaded plugin filemanager (category:base,tabindex:10)
2024-07-24 12:31:44,046 [INFO] PluginManage:310 - Check plugin ipmanager
2024-07-24 12:31:44,056 [INFO] PluginManage:359 - Loaded plugin ipmanager (category:base,tabindex:5)
2024-07-24 12:31:44,056 [INFO] PluginManage:310 - Check plugin lpbam
2024-07-24 12:31:44,081 [INFO] PluginManage:359 - Loaded plugin lpbam (category:base,tabindex:0)
2024-07-24 12:31:44,082 [INFO] PluginManage:310 - Check plugin memorymap
2024-07-24 12:31:44,113 [INFO] PluginManage:359 - Loaded plugin memorymap (category:base,tabindex:4)
2024-07-24 12:31:44,113 [INFO] PluginManage:310 - Check plugin pinoutandconfiguration
2024-07-24 12:31:44,135 [INFO] PluginManage:359 - Loaded plugin pinoutandconfiguration (category:base,tabindex:1)
2024-07-24 12:31:44,135 [INFO] PluginManage:310 - Check plugin pinoutconfig
2024-07-24 12:31:44,263 [WARN] SupportedApi:132 - Cannot load RTOS API schema: s4s-elt-must-match.1: The content of 'definitions' must match (annotation?, (simpleType | complexType)?, (unique | key | keyref)*)). A problem was found starting at: attribute.
2024-07-24 12:31:44,439 [INFO] PluginManage:359 - Loaded plugin pinoutconfig (category:base,tabindex:0)
2024-07-24 12:31:44,439 [INFO] PluginManage:310 - Check plugin power
2024-07-24 12:31:44,461 [INFO] PluginManage:359 - Loaded plugin power (category:power,tabindex:4)
2024-07-24 12:31:44,461 [INFO] PluginManage:310 - Check plugin projectmanager
2024-07-24 12:31:44,478 [INFO] PluginManage:359 - Loaded plugin projectmanager (category:projectmanager,tabindex:4)
2024-07-24 12:31:44,478 [INFO] PluginManage:310 - Check plugin rif
2024-07-24 12:31:44,497 [INFO] PluginManage:359 - Loaded plugin rif (category:base,tabindex:3)
2024-07-24 12:31:44,497 [INFO] PluginManage:310 - Check plugin thirdparty
2024-07-24 12:31:44,801 [INFO] PluginManage:359 - Loaded plugin thirdparty (category:base,tabindex:-1)
2024-07-24 12:31:44,801 [WARN] IntegrityCheckThread:84 - waiting for thirdparty lock release [integrity check]
2024-07-24 12:31:44,802 [INFO] PluginManage:310 - Check plugin tools
2024-07-24 12:31:44,802 [INFO] IntegrityCheckThread:86 - entering critical section [integrity check]
2024-07-24 12:31:44,802 [INFO] ThirdPartyUpdaterWithRetryManager:70 - Updater plugin not ready yet. [1/15]
2024-07-24 12:31:44,839 [INFO] PluginManage:359 - Loaded plugin tools (category:base,tabindex:7)
2024-07-24 12:31:44,839 [INFO] PluginManage:310 - Check plugin tutovideos
2024-07-24 12:31:45,050 [INFO] PluginManage:359 - Loaded plugin tutovideos (category:base,tabindex:-1)
2024-07-24 12:31:45,050 [INFO] PluginManage:310 - Check plugin updater
2024-07-24 12:31:45,072 [INFO] PluginManage:359 - Loaded plugin updater (category:base,tabindex:12)
2024-07-24 12:31:45,072 [INFO] PluginManage:310 - Check plugin userauth
2024-07-24 12:31:45,079 [INFO] UserAuth:113 - Init User Auth plugin
2024-07-24 12:31:45,080 [INFO] PluginManage:359 - Loaded plugin userauth (category:base,tabindex:14)
2024-07-24 12:31:45,080 [INFO] PluginManage:283 - PluginManage : Loaded plugins [18]
2024-07-24 12:31:45,403 [INFO] PinOutPanel:1561 - setPackage(No Configuration,No Configuration)
2024-07-24 12:31:45,509 [INFO] CADModel:165 - CPN selected for project level
2024-07-24 12:31:45,509 [INFO] CADModel:114 - Register for checkConnection events
2024-07-24 12:31:45,537 [INFO] IPUIPlugin:80 - create IPUIPlugin
2024-07-24 12:31:45,538 [INFO] PluginManager:220 - loadIPPluginJar : add adc
2024-07-24 12:31:45,577 [INFO] IPUIPlugin:80 - create IPUIPlugin
2024-07-24 12:31:45,577 [INFO] PluginManager:220 - loadIPPluginJar : add aes
2024-07-24 12:31:45,619 [INFO] IPUIPlugin:80 - create IPUIPlugin
2024-07-24 12:31:45,620 [INFO] PluginManager:220 - loadIPPluginJar : add can
2024-07-24 12:31:45,644 [INFO] IPUIPlugin:80 - create IPUIPlugin
2024-07-24 12:31:45,644 [INFO] PluginManager:220 - loadIPPluginJar : add comp
2024-07-24 12:31:45,679 [INFO] IPUIPlugin:80 - create IPUIPlugin
2024-07-24 12:31:45,679 [INFO] PluginManager:220 - loadIPPluginJar : add cryp
2024-07-24 12:31:45,695 [INFO] IPUIPlugin:80 - create IPUIPlugin
2024-07-24 12:31:45,695 [INFO] PluginManager:220 - loadIPPluginJar : add ddr_ctrl_phy
2024-07-24 12:31:45,728 [INFO] IPUIPlugin:80 - create IPUIPlugin
2024-07-24 12:31:45,728 [INFO] PluginManager:220 - loadIPPluginJar : add dfsdm
2024-07-24 12:31:45,742 [INFO] IPUIPlugin:80 - create IPUIPlugin
2024-07-24 12:31:45,743 [INFO] PluginManager:220 - loadIPPluginJar : add dma
2024-07-24 12:31:45,788 [INFO] IPUIPlugin:80 - create IPUIPlugin
2024-07-24 12:31:45,788 [INFO] PluginManager:220 - loadIPPluginJar : add dma3
2024-07-24 12:31:45,835 [INFO] IPUIPlugin:80 - create IPUIPlugin
2024-07-24 12:31:45,835 [INFO] PluginManager:220 - loadIPPluginJar : add extmemmanager
2024-07-24 12:31:45,857 [INFO] IPUIPlugin:80 - create IPUIPlugin
2024-07-24 12:31:45,857 [INFO] PluginManager:220 - loadIPPluginJar : add fatfs
2024-07-24 12:31:45,906 [INFO] IPUIPlugin:80 - create IPUIPlugin
2024-07-24 12:31:45,907 [INFO] PluginManager:220 - loadIPPluginJar : add fmc
2024-07-24 12:31:45,922 [INFO] IPUIPlugin:80 - create IPUIPlugin
2024-07-24 12:31:45,923 [INFO] PluginManager:220 - loadIPPluginJar : add freertos
2024-07-24 12:31:45,944 [INFO] IPUIPlugin:80 - create IPUIPlugin
2024-07-24 12:31:45,944 [INFO] PluginManager:220 - loadIPPluginJar : add genericplugin
2024-07-24 12:31:46,062 [INFO] IPUIPlugin:80 - create IPUIPlugin
2024-07-24 12:31:46,062 [INFO] PluginManager:220 - loadIPPluginJar : add gfxmmu
2024-07-24 12:31:46,199 [INFO] IPUIPlugin:80 - create IPUIPlugin
2024-07-24 12:31:46,200 [INFO] PluginManager:220 - loadIPPluginJar : add gic
2024-07-24 12:31:46,214 [INFO] IPUIPlugin:80 - create IPUIPlugin
2024-07-24 12:31:46,214 [INFO] PluginManager:220 - loadIPPluginJar : add gpio
2024-07-24 12:31:46,310 [INFO] IPUIPlugin:80 - create IPUIPlugin
2024-07-24 12:31:46,310 [INFO] PluginManager:220 - loadIPPluginJar : add gtzc
2024-07-24 12:31:46,348 [INFO] IPUIPlugin:80 - create IPUIPlugin
2024-07-24 12:31:46,348 [INFO] PluginManager:220 - loadIPPluginJar : add hash
2024-07-24 12:31:46,404 [INFO] IPUIPlugin:80 - create IPUIPlugin
2024-07-24 12:31:46,404 [INFO] PluginManager:220 - loadIPPluginJar : add i2c
2024-07-24 12:31:46,444 [INFO] IPUIPlugin:80 - create IPUIPlugin
2024-07-24 12:31:46,445 [INFO] PluginManager:220 - loadIPPluginJar : add i2s
2024-07-24 12:31:46,491 [INFO] IPUIPlugin:80 - create IPUIPlugin
2024-07-24 12:31:46,491 [INFO] PluginManager:220 - loadIPPluginJar : add i3c
2024-07-24 12:31:46,609 [INFO] IPUIPlugin:80 - create IPUIPlugin
2024-07-24 12:31:46,609 [INFO] PluginManager:220 - loadIPPluginJar : add ipddr
2024-07-24 12:31:46,707 [INFO] IPUIPlugin:80 - create IPUIPlugin
2024-07-24 12:31:46,707 [INFO] PluginManager:220 - loadIPPluginJar : add linkedlist
2024-07-24 12:31:46,746 [INFO] IPUIPlugin:80 - create IPUIPlugin
2024-07-24 12:31:46,747 [INFO] PluginManager:220 - loadIPPluginJar : add lorawan
2024-07-24 12:31:46,786 [INFO] IPUIPlugin:80 - create IPUIPlugin
2024-07-24 12:31:46,786 [INFO] PluginManager:220 - loadIPPluginJar : add ltdc
2024-07-24 12:31:46,805 [INFO] IPUIPlugin:80 - create IPUIPlugin
2024-07-24 12:31:46,805 [INFO] PluginManager:220 - loadIPPluginJar : add mdma
2024-07-24 12:31:46,819 [INFO] IPUIPlugin:80 - create IPUIPlugin
2024-07-24 12:31:46,819 [INFO] PluginManager:220 - loadIPPluginJar : add nvic
2024-07-24 12:31:46,861 [INFO] IPUIPlugin:80 - create IPUIPlugin
2024-07-24 12:31:46,861 [INFO] PluginManager:220 - loadIPPluginJar : add opamp
2024-07-24 12:31:46,935 [INFO] IPUIPlugin:80 - create IPUIPlugin
2024-07-24 12:31:46,935 [INFO] PluginManager:220 - loadIPPluginJar : add openamp
2024-07-24 12:31:46,980 [INFO] IPUIPlugin:80 - create IPUIPlugin
2024-07-24 12:31:46,980 [INFO] PluginManager:220 - loadIPPluginJar : add pdm2pcm
2024-07-24 12:31:46,996 [INFO] IPUIPlugin:80 - create IPUIPlugin
2024-07-24 12:31:46,999 [INFO] PluginManager:220 - loadIPPluginJar : add plateformsettings
2024-07-24 12:31:47,025 [INFO] IPUIPlugin:80 - create IPUIPlugin
2024-07-24 12:31:47,025 [INFO] PluginManager:220 - loadIPPluginJar : add quadspi
2024-07-24 12:31:47,055 [INFO] IPUIPlugin:80 - create IPUIPlugin
2024-07-24 12:31:47,056 [INFO] PluginManager:220 - loadIPPluginJar : add radio
2024-07-24 12:31:47,073 [INFO] IPUIPlugin:80 - create IPUIPlugin
2024-07-24 12:31:47,073 [INFO] PluginManager:220 - loadIPPluginJar : add resmgrutility
2024-07-24 12:31:47,130 [INFO] IPUIPlugin:80 - create IPUIPlugin
2024-07-24 12:31:47,130 [INFO] PluginManager:220 - loadIPPluginJar : add sai
2024-07-24 12:31:47,178 [INFO] IPUIPlugin:80 - create IPUIPlugin
2024-07-24 12:31:47,179 [INFO] PluginManager:220 - loadIPPluginJar : add spi
2024-07-24 12:31:47,253 [INFO] IPUIPlugin:80 - create IPUIPlugin
2024-07-24 12:31:47,253 [INFO] PluginManager:220 - loadIPPluginJar : add stm32_wpan
2024-07-24 12:31:47,277 [INFO] IPUIPlugin:80 - create IPUIPlugin
2024-07-24 12:31:47,278 [INFO] PluginManager:220 - loadIPPluginJar : add tim
2024-07-24 12:31:47,343 [INFO] IPUIPlugin:80 - create IPUIPlugin
2024-07-24 12:31:47,343 [INFO] PluginManager:220 - loadIPPluginJar : add touchsensing
2024-07-24 12:31:47,368 [INFO] IPUIPlugin:80 - create IPUIPlugin
2024-07-24 12:31:47,368 [INFO] PluginManager:220 - loadIPPluginJar : add tracer_emb
2024-07-24 12:31:47,393 [INFO] IPUIPlugin:80 - create IPUIPlugin
2024-07-24 12:31:47,393 [INFO] PluginManager:220 - loadIPPluginJar : add ts
2024-07-24 12:31:47,415 [INFO] IPUIPlugin:80 - create IPUIPlugin
2024-07-24 12:31:47,415 [INFO] PluginManager:220 - loadIPPluginJar : add tsc
2024-07-24 12:31:47,439 [INFO] IPUIPlugin:80 - create IPUIPlugin
2024-07-24 12:31:47,439 [INFO] PluginManager:220 - loadIPPluginJar : add ucpd
2024-07-24 12:31:47,485 [INFO] IPUIPlugin:80 - create IPUIPlugin
2024-07-24 12:31:47,485 [INFO] PluginManager:220 - loadIPPluginJar : add usart
2024-07-24 12:31:47,530 [INFO] IPUIPlugin:80 - create IPUIPlugin
2024-07-24 12:31:47,530 [INFO] PluginManager:220 - loadIPPluginJar : add usbx
2024-07-24 12:31:47,670 [INFO] CADModel:165 - CPN selected for project level
2024-07-24 12:31:47,670 [INFO] CADModel:114 - Register for checkConnection events
2024-07-24 12:31:47,670 [FATAL] Updater:334 - Updater called before beeing initialized
2024-07-24 12:31:47,670 [ERROR] CADModel:125 - Updater not yet initialized, retry later 
2024-07-24 12:31:47,803 [INFO] ThirdPartyUpdaterWithRetryManager:70 - Updater plugin not ready yet. [2/15]
2024-07-24 12:31:47,821 [INFO] CADModel:165 - CPN selected for project level
2024-07-24 12:31:47,821 [INFO] CADModel:114 - Register for checkConnection events
2024-07-24 12:31:47,821 [FATAL] Updater:334 - Updater called before beeing initialized
2024-07-24 12:31:47,821 [ERROR] CADModel:125 - Updater not yet initialized, retry later 
2024-07-24 12:31:47,825 [FATAL] Updater:334 - Updater called before beeing initialized
2024-07-24 12:31:47,957 [FATAL] Updater:334 - Updater called before beeing initialized
2024-07-24 12:31:47,969 [INFO] DbMcusAds:53 - JSON generation date=Thu May 16 11:22:01 CEST 2024 (1715851321109)
2024-07-24 12:31:47,969 [FATAL] Updater:334 - Updater called before beeing initialized
2024-07-24 12:31:48,011 [WARN] DetailPanel:346 - Failed to get advertising image, set to default
2024-07-24 12:31:48,134 [FATAL] Updater:334 - Updater called before beeing initialized
2024-07-24 12:31:48,137 [FATAL] Updater:334 - Updater called before beeing initialized
2024-07-24 12:31:48,137 [FATAL] Updater:334 - Updater called before beeing initialized
2024-07-24 12:31:48,137 [WARN] DetailPanel:346 - Failed to get advertising image, set to default
2024-07-24 12:31:48,138 [FATAL] Updater:334 - Updater called before beeing initialized
2024-07-24 12:31:48,212 [ERROR] Updater:1164 - MainUpdater not yet initialized. External WinMGr cannot be set.
2024-07-24 12:31:48,224 [INFO] Updater:1100 - Updater Version found : 6.12.0
2024-07-24 12:31:48,246 [INFO] ApplicationProperties:184 - Using Application install path: C:\ST\STM32CubeIDE_1.16.0\STM32CubeIDE\plugins\com.st.stm32cube.common.mx_6.12.0.202406281431
2024-07-24 12:31:49,833 [ERROR] LogOutputStream:75 - [STDERR_REDIRECT] Jul 24, 2024 12:31:49 PM java.util.prefs.WindowsPreferences <init>
2024-07-24 12:31:49,835 [ERROR] LogOutputStream:75 - [STDERR_REDIRECT] WARNING: Could not open/create prefs root node Software\JavaSoft\Prefs at root 0xffffffff80000002. Windows RegCreateKeyEx(...) returned error code 5.
2024-07-24 12:31:49,835 [ERROR] LogOutputStream:75 - [STDERR_REDIRECT] 
2024-07-24 12:31:50,305 [INFO] MainUpdater:2873 - connection check result : 10
2024-07-24 12:31:50,306 [INFO] MainUpdater:290 - Updater Check For Update Now.
2024-07-24 12:31:50,306 [INFO] MicroXplorer:498 - Change Database Version : DB.6.0.120
2024-07-24 12:31:50,324 [INFO] McuFinderGlobals:63 - Set McuFinder mode to 2 (CubeIDE integrated)
2024-07-24 12:31:50,332 [INFO] UserAuth:417 - Internet connection configuration mode: 1
2024-07-24 12:31:50,365 [INFO] JxBrowserEngine:152 - Initiate JxBrowser Engine with user profile folder
2024-07-24 12:31:50,550 [INFO] CheckServerUpdateThread:120 - End of CheckServer Thread
2024-07-24 12:31:51,074 [WARN] PackLoader:240 - Cannot read IP mode file for STMicroelectronics.FP-SNS-MOTENVWB1.1.4.0
2024-07-24 12:31:51,096 [WARN] PackLoader:240 - Cannot read IP mode file for STMicroelectronics.X-CUBE-SMBUS.2.1.0
2024-07-24 12:31:51,153 [WARN] PackLoader:240 - Cannot read IP mode file for STMicroelectronics.X-CUBE-AZRTOS-F7.1.1.0
2024-07-24 12:31:51,175 [WARN] PackLoader:240 - Cannot read IP mode file for STMicroelectronics.FP-SNS-FLIGHT1.5.0.2
2024-07-24 12:31:51,197 [WARN] PackLoader:240 - Cannot read IP mode file for STMicroelectronics.X-CUBE-DISPLAY.3.0.0
2024-07-24 12:31:51,221 [WARN] PackLoader:240 - Cannot read IP mode file for STMicroelectronics.X-CUBE-BLE1.7.0.0
2024-07-24 12:31:51,239 [WARN] PackLoader:240 - Cannot read IP mode file for emotas.I-CUBE-CANOPEN.1.3.0
2024-07-24 12:31:51,266 [WARN] PackLoader:240 - Cannot read IP mode file for STMicroelectronics.X-CUBE-BLEMGR.3.1.0
2024-07-24 12:31:51,287 [WARN] PackLoader:240 - Cannot read IP mode file for STMicroelectronics.FP-SNS-SMARTAG2.1.2.0
2024-07-24 12:31:51,312 [INFO] LogOutputStream:77 - [STDOUT_REDIRECT] 1 : Invalid condition id : UX_CORESTACK_Condition cause : null
2024-07-24 12:31:51,313 [INFO] LogOutputStream:77 - [STDOUT_REDIRECT] 1 : Invalid condition id : UX_CORESTACK_Condition cause : null
2024-07-24 12:31:51,314 [INFO] LogOutputStream:77 - [STDOUT_REDIRECT] 1 : Invalid condition id : UX_CORESTACK_Condition cause : null
2024-07-24 12:31:51,316 [INFO] LogOutputStream:77 - [STDOUT_REDIRECT] 1 : Invalid condition id : UX_CORESTACK_Condition cause : null
2024-07-24 12:31:51,318 [INFO] LogOutputStream:77 - [STDOUT_REDIRECT] 1 : Invalid condition id : UX_CORESTACK_Condition cause : null
2024-07-24 12:31:51,323 [WARN] PackLoader:240 - Cannot read IP mode file for STMicroelectronics.X-CUBE-AZRTOS-WL.2.0.0
2024-07-24 12:31:51,342 [WARN] PackLoader:240 - Cannot read IP mode file for STMicroelectronics.FP-SNS-MOTENV1.5.0.0
2024-07-24 12:31:51,358 [WARN] PackLoader:240 - Cannot read IP mode file for wolfSSL.I-CUBE-wolfMQTT.1.19.0
2024-07-24 12:31:51,375 [WARN] PackLoader:240 - Cannot read IP mode file for WES.I-CUBE-Cesium.1.3.0
2024-07-24 12:31:51,390 [WARN] PackLoader:240 - Cannot read IP mode file for STMicroelectronics.X-CUBE-BLE2.3.3.0
2024-07-24 12:31:51,408 [WARN] PackLoader:240 - Cannot read IP mode file for STMicroelectronics.X-CUBE-TCPP.4.1.0
2024-07-24 12:31:51,442 [WARN] PackLoader:240 - Cannot read IP mode file for STMicroelectronics.X-CUBE-AZRTOS-G0.1.1.0
2024-07-24 12:31:51,462 [WARN] PackLoader:240 - Cannot read IP mode file for STMicroelectronics.X-CUBE-SAFEA1.1.2.2
2024-07-24 12:31:51,482 [WARN] PackLoader:240 - Cannot read IP mode file for STMicroelectronics.X-CUBE-NFC4.3.0.0
2024-07-24 12:31:51,502 [WARN] PackLoader:240 - Cannot read IP mode file for EmbeddedOffice.I-CUBE-FS-RTOS.1.0.1
2024-07-24 12:31:51,502 [ERROR] ConditionMgr:805 - Attr not supported : Dmpu
2024-07-24 12:31:51,502 [ERROR] ConditionMgr:805 - Attr not supported : Dmpu
2024-07-24 12:31:51,502 [ERROR] ConditionMgr:805 - Attr not supported : Dmpu
2024-07-24 12:31:51,502 [ERROR] ConditionMgr:805 - Attr not supported : Dmpu
2024-07-24 12:31:51,502 [ERROR] ConditionMgr:805 - Attr not supported : Dmpu
2024-07-24 12:31:51,503 [ERROR] ConditionMgr:805 - Attr not supported : Dmpu
2024-07-24 12:31:51,503 [ERROR] ConditionMgr:805 - Attr not supported : Dmpu
2024-07-24 12:31:51,503 [ERROR] ConditionMgr:805 - Attr not supported : Dmpu
2024-07-24 12:31:51,503 [ERROR] ConditionMgr:805 - Attr not supported : Dmpu
2024-07-24 12:31:51,503 [ERROR] ConditionMgr:805 - Attr not supported : Dmpu
2024-07-24 12:31:51,503 [ERROR] ConditionMgr:805 - Attr not supported : Dmpu
2024-07-24 12:31:51,503 [ERROR] ConditionMgr:805 - Attr not supported : Dmpu
2024-07-24 12:31:51,503 [ERROR] ConditionMgr:805 - Attr not supported : Dmpu
2024-07-24 12:31:51,503 [ERROR] ConditionMgr:805 - Attr not supported : Dmpu
2024-07-24 12:31:51,503 [ERROR] ConditionMgr:805 - Attr not supported : Dmpu
2024-07-24 12:31:51,503 [ERROR] ConditionMgr:805 - Attr not supported : Dmpu
2024-07-24 12:31:51,503 [ERROR] ConditionMgr:805 - Attr not supported : Dmpu
2024-07-24 12:31:51,503 [ERROR] ConditionMgr:805 - Attr not supported : Dmpu
2024-07-24 12:31:51,504 [ERROR] ConditionMgr:805 - Attr not supported : Dmpu
2024-07-24 12:31:51,504 [ERROR] ConditionMgr:805 - Attr not supported : Dmpu
2024-07-24 12:31:51,504 [ERROR] ConditionMgr:805 - Attr not supported : Dmpu
2024-07-24 12:31:51,504 [ERROR] ConditionMgr:805 - Attr not supported : Dmpu
2024-07-24 12:31:51,504 [ERROR] ConditionMgr:805 - Attr not supported : Dmpu
2024-07-24 12:31:51,504 [ERROR] ConditionMgr:805 - Attr not supported : Dmpu
2024-07-24 12:31:51,504 [ERROR] ConditionMgr:805 - Attr not supported : Dmpu
2024-07-24 12:31:51,504 [ERROR] ConditionMgr:805 - Attr not supported : Dmpu
2024-07-24 12:31:51,504 [ERROR] ConditionMgr:805 - Attr not supported : Dmpu
2024-07-24 12:31:51,504 [ERROR] ConditionMgr:805 - Attr not supported : Dmpu
2024-07-24 12:31:51,504 [ERROR] ConditionMgr:805 - Attr not supported : Dmpu
2024-07-24 12:31:51,504 [ERROR] ConditionMgr:805 - Attr not supported : Dmpu
2024-07-24 12:31:51,504 [ERROR] ConditionMgr:805 - Attr not supported : Dmpu
2024-07-24 12:31:51,505 [ERROR] ConditionMgr:805 - Attr not supported : Dmpu
2024-07-24 12:31:51,505 [ERROR] ConditionMgr:805 - Attr not supported : Dmpu
2024-07-24 12:31:51,505 [ERROR] ConditionMgr:805 - Attr not supported : Dmpu
2024-07-24 12:31:51,505 [ERROR] ConditionMgr:805 - Attr not supported : Dmpu
2024-07-24 12:31:51,505 [ERROR] ConditionMgr:805 - Attr not supported : Dmpu
2024-07-24 12:31:51,505 [ERROR] ConditionMgr:805 - Attr not supported : Dmpu
2024-07-24 12:31:51,505 [ERROR] ConditionMgr:805 - Attr not supported : Dmpu
2024-07-24 12:31:51,505 [ERROR] ConditionMgr:805 - Attr not supported : Dmpu
2024-07-24 12:31:51,505 [ERROR] ConditionMgr:805 - Attr not supported : Dmpu
2024-07-24 12:31:51,506 [ERROR] ConditionMgr:805 - Attr not supported : Dmpu
2024-07-24 12:31:51,506 [ERROR] ConditionMgr:805 - Attr not supported : Dmpu
2024-07-24 12:31:51,506 [ERROR] ConditionMgr:805 - Attr not supported : Dmpu
2024-07-24 12:31:51,506 [ERROR] ConditionMgr:805 - Attr not supported : Dmpu
2024-07-24 12:31:51,506 [ERROR] ConditionMgr:805 - Attr not supported : Dmpu
2024-07-24 12:31:51,506 [ERROR] ConditionMgr:805 - Attr not supported : Dmpu
2024-07-24 12:31:51,506 [ERROR] ConditionMgr:805 - Attr not supported : Dmpu
2024-07-24 12:31:51,506 [ERROR] ConditionMgr:805 - Attr not supported : Dmpu
2024-07-24 12:31:51,506 [ERROR] ConditionMgr:805 - Attr not supported : Dmpu
2024-07-24 12:31:51,506 [ERROR] ConditionMgr:805 - Attr not supported : Dmpu
2024-07-24 12:31:51,506 [ERROR] ConditionMgr:805 - Attr not supported : Dmpu
2024-07-24 12:31:51,507 [ERROR] ConditionMgr:805 - Attr not supported : Dmpu
2024-07-24 12:31:51,507 [ERROR] ConditionMgr:805 - Attr not supported : Dmpu
2024-07-24 12:31:51,507 [ERROR] ConditionMgr:805 - Attr not supported : Dmpu
2024-07-24 12:31:51,507 [ERROR] ConditionMgr:805 - Attr not supported : Dmpu
2024-07-24 12:31:51,507 [ERROR] ConditionMgr:805 - Attr not supported : Dmpu
2024-07-24 12:31:51,507 [ERROR] ConditionMgr:805 - Attr not supported : Dmpu
2024-07-24 12:31:51,507 [ERROR] ConditionMgr:805 - Attr not supported : Dmpu
2024-07-24 12:31:51,507 [ERROR] ConditionMgr:805 - Attr not supported : Dmpu
2024-07-24 12:31:51,507 [ERROR] ConditionMgr:805 - Attr not supported : Dmpu
2024-07-24 12:31:51,507 [ERROR] ConditionMgr:805 - Attr not supported : Dmpu
2024-07-24 12:31:51,508 [ERROR] ConditionMgr:805 - Attr not supported : Dmpu
2024-07-24 12:31:51,508 [ERROR] ConditionMgr:805 - Attr not supported : Dmpu
2024-07-24 12:31:51,508 [ERROR] ConditionMgr:805 - Attr not supported : Dmpu
2024-07-24 12:31:51,524 [WARN] PackLoader:240 - Cannot read IP mode file for STMicroelectronics.FP-ATR-SIGFOX1.3.2.0
2024-07-24 12:31:51,536 [WARN] PackLoader:240 - Cannot read IP mode file for wolfSSL.I-CUBE-wolfSSL.5.7.2
2024-07-24 12:31:51,556 [WARN] PackLoader:240 - Cannot read IP mode file for STMicroelectronics.X-CUBE-EEPRMA1.5.1.0
2024-07-24 12:31:51,573 [WARN] PackLoader:240 - Cannot read IP mode file for ITTIA_DB.I-CUBE-ITTIADB.8.9.0
2024-07-24 12:31:51,624 [WARN] PackLoader:240 - Cannot read IP mode file for SEGGER.I-CUBE-embOS.1.3.1
2024-07-24 12:31:51,681 [WARN] PackLoader:240 - Cannot read IP mode file for STMicroelectronics.X-CUBE-ALGOBUILD.1.4.0
2024-07-24 12:31:51,698 [WARN] PackLoader:240 - Cannot read IP mode file for STMicroelectronics.X-CUBE-GNSS1.6.0.0
2024-07-24 12:31:51,732 [WARN] PackLoader:240 - Cannot read IP mode file for STMicroelectronics.X-CUBE-AZRTOS-F4.1.1.0
2024-07-24 12:31:51,747 [WARN] PackLoader:240 - Cannot read IP mode file for STMicroelectronics.X-CUBE-FREERTOS.1.2.0
2024-07-24 12:31:51,784 [WARN] PackLoader:240 - Cannot read IP mode file for STMicroelectronics.X-CUBE-AZRTOS-L5.2.0.0
2024-07-24 12:31:51,807 [WARN] PackLoader:240 - Cannot read IP mode file for STMicroelectronics.X-CUBE-NFC6.3.1.0
2024-07-24 12:31:51,829 [WARN] PackLoader:240 - Cannot read IP mode file for STMicroelectronics.X-CUBE-DPower.1.2.0
2024-07-24 12:31:51,843 [WARN] PackLoader:240 - Cannot read IP mode file for STMicroelectronics.X-CUBE-AI.9.0.0
2024-07-24 12:31:51,858 [WARN] PackLoader:240 - Cannot read IP mode file for STMicroelectronics.X-CUBE-NFC7.1.0.1
2024-07-24 12:31:51,872 [WARN] PackLoader:240 - Cannot read IP mode file for wolfSSL.I-CUBE-wolfTPM.3.2.0
2024-07-24 12:31:51,910 [WARN] ConditionMgr:438 - getConditionDescription Invalid condition id : LAN8742 Phy interface Condition cause : null
2024-07-24 12:31:51,911 [WARN] PackLoader:240 - Cannot read IP mode file for STMicroelectronics.X-CUBE-AZRTOS-L4.2.0.0
2024-07-24 12:31:51,913 [WARN] ConditionMgr:1039 - genDependencies : Invalid condition id : LAN8742 Phy interface Condition cause : null
2024-07-24 12:31:51,913 [WARN] ConditionMgr:1039 - genDependencies : Invalid condition id : LAN8742 Phy interface Condition cause : null
2024-07-24 12:31:51,913 [WARN] ConditionMgr:1039 - genDependencies : Invalid condition id : LAN8742 Phy interface Condition cause : null
2024-07-24 12:31:51,931 [WARN] PackLoader:240 - Cannot read IP mode file for STMicroelectronics.X-CUBE-SFXS2LP1.4.0.0
2024-07-24 12:31:51,965 [WARN] ConditionMgr:438 - getConditionDescription Invalid condition id : UX DEVICE CLASS RTOS Condition cause : null
2024-07-24 12:31:51,965 [WARN] ConditionMgr:438 - getConditionDescription Invalid condition id : UX DEVICE CLASS RTOS Condition cause : null
2024-07-24 12:31:51,968 [WARN] PackLoader:240 - Cannot read IP mode file for STMicroelectronics.X-CUBE-AZRTOS-WB.2.0.0
2024-07-24 12:31:51,968 [WARN] ConditionMgr:1039 - genDependencies : Invalid condition id : UX DEVICE CLASS RTOS Condition cause : null
2024-07-24 12:31:51,968 [WARN] ConditionMgr:1039 - genDependencies : Invalid condition id : UX DEVICE CLASS RTOS Condition cause : null
2024-07-24 12:31:51,969 [WARN] ConditionMgr:1039 - genDependencies : Invalid condition id : UX DEVICE CLASS RTOS Condition cause : null
2024-07-24 12:31:51,969 [WARN] ConditionMgr:1039 - genDependencies : Invalid condition id : UX DEVICE CLASS RTOS Condition cause : null
2024-07-24 12:31:51,969 [WARN] ConditionMgr:1039 - genDependencies : Invalid condition id : UX DEVICE CLASS RTOS Condition cause : null
2024-07-24 12:31:51,986 [WARN] PackLoader:240 - Cannot read IP mode file for STMicroelectronics.FP-SNS-STBOX1.2.0.0
2024-07-24 12:31:52,011 [WARN] PackLoader:240 - Cannot read IP mode file for STMicroelectronics.X-CUBE-SUBG2.5.0.0
2024-07-24 12:31:52,027 [WARN] PackLoader:240 - Cannot read IP mode file for Cesanta.I-CUBE-Mongoose.7.13.0
2024-07-24 12:31:52,057 [WARN] PackLoader:240 - Cannot read IP mode file for STMicroelectronics.X-CUBE-AZRTOS-G4.2.0.0
2024-07-24 12:31:52,073 [WARN] PackLoader:240 - Cannot read IP mode file for STMicroelectronics.X-CUBE-ISPU.2.0.0
2024-07-24 12:31:52,086 [WARN] PackLoader:240 - Cannot read IP mode file for STMicroelectronics.X-CUBE-ALS.1.0.2
2024-07-24 12:31:52,140 [WARN] PackLoader:240 - Cannot read IP mode file for STMicroelectronics.X-CUBE-MEMS1.10.0.0
2024-07-24 12:31:52,261 [WARN] PackLoader:240 - Cannot read IP mode file for STMicroelectronics.X-CUBE-TOUCHGFX.4.24.0
2024-07-24 12:31:52,276 [WARN] PackLoader:240 - Cannot read IP mode file for portGmbH.I-Cube-SoM-uGOAL.1.1.0
2024-07-24 12:31:52,313 [WARN] PackLoader:240 - Cannot read IP mode file for STMicroelectronics.X-CUBE-AZRTOS-H7RS.1.0.0
2024-07-24 12:31:52,330 [WARN] PackLoader:240 - Cannot read IP mode file for STMicroelectronics.FP-ATR-ASTRA1.2.0.0
2024-07-24 12:31:52,357 [WARN] PackLoader:240 - Cannot read IP mode file for STMicroelectronics.X-CUBE-TOF1.3.4.1
2024-07-24 12:31:52,412 [WARN] PackLoader:240 - Cannot read IP mode file for STMicroelectronics.X-CUBE-AZRTOS-H7.3.2.0
2024-07-24 12:31:52,436 [WARN] PackLoader:240 - Cannot read IP mode file for Infineon.AIROC-Wi-Fi-Bluetooth-STM32.1.6.0
2024-07-24 12:31:52,452 [WARN] PackLoader:240 - Cannot read IP mode file for wolfSSL.I-CUBE-wolfSSH.1.4.17
2024-07-24 12:31:52,453 [INFO] ThirdParty:978 - Integrity check success = true
2024-07-24 12:31:52,453 [INFO] IntegrityCheckThread:100 - exiting critical section [integrity check]
2024-07-24 12:31:52,453 [INFO] IntegrityCheckThread:103 - End integrity checks thread
2024-07-24 12:31:54,803 [INFO] WebApp:167 - Instantiating new browser for Auth
2024-07-24 12:31:55,712 [INFO] WebApp:448 - Apply proxy settings
2024-07-24 12:31:55,713 [INFO] WebApp:533 - Chromium requires no authentication
2024-07-24 12:31:55,727 [INFO] WebApp:476 - Direct internet connection detected
2024-07-24 12:31:55,766 [INFO] WebApp:869 - Register for checkConnection events
2024-07-24 12:31:55,767 [INFO] WebApp:448 - Apply proxy settings
2024-07-24 12:31:55,767 [INFO] WebApp:533 - Chromium requires no authentication
2024-07-24 12:31:55,767 [INFO] WebApp:476 - Direct internet connection detected
2024-07-24 12:31:55,984 [INFO] WebApp:220 - Starting web application
2024-07-24 12:31:55,984 [INFO] WebApp:578 - Web application path used C:\ST\STM32CubeIDE_1.16.0\STM32CubeIDE\plugins\com.st.stm32cube.common.mx_6.12.0.202406281431\db\plugins\mcufinder\reactClient1\index.html
2024-07-24 12:31:56,152 [INFO] UserAuth:417 - Internet connection configuration mode: 1
2024-07-24 12:31:56,301 [INFO] WebApp:186 - Connection restablished
2024-07-24 13:00:55,414 [ERROR] LogOutputStream:75 - [STDERR_REDIRECT] 
2024-07-24 13:00:55,415 [ERROR] LogOutputStream:75 - [STDERR_REDIRECT] 
