2024-07-01 21:28:59,034 [INFO] Activator:176 - 


2024-07-01 21:28:59,037 [INFO] Activator:177 - !SESSION log4j initialized
2024-07-01 21:29:02,908 [INFO] LogOutputStream:77 - [STDOUT_REDIRECT] 
2024-07-01 21:29:05,777 [INFO] ApplicationProperties:184 - Using Application install path: C:\ST\STM32CubeIDE_1.16.0\STM32CubeIDE\plugins\com.st.stm32cube.common.mx_6.12.0.202406281431
2024-07-01 21:29:05,795 [INFO] DbMcusXml:78 - Set database path to: C:\ST\STM32CubeIDE_1.16.0\STM32CubeIDE\plugins\com.st.stm32cube.common.mx_6.12.0.202406281431\\db\/mcu/
2024-07-01 21:29:05,795 [INFO] ApiDb:274 - Set plugin database path to: C:\ST\STM32CubeIDE_1.16.0\STM32CubeIDE\plugins\com.st.stm32cube.common.mx_6.12.0.202406281431\\db\/plugins/boardmanager/
2024-07-01 21:29:05,796 [WARN] ApiDb:259 - Overriding images path with different value:  => C:\ST\STM32CubeIDE_1.16.0\STM32CubeIDE\plugins\com.st.stm32cube.common.mx_6.12.0.202406281431\\db\/plugins/mcufinder/images/
2024-07-01 21:29:07,546 [WARN] ApiFinderProperties:113 - C:\Users\doria\.stmcufinder\plugins\mcufinder\mcu\mcuFinder.mfd doesn't exist
2024-07-01 21:29:07,547 [INFO] ApiDb:250 - Set database path to: C:\Users\doria\.stmcufinder\plugins\mcufinder//mcu/
2024-07-01 21:29:07,548 [INFO] DbMcusAds:125 - Set database path to: C:\Users\doria\.stmcufinder\plugins\mcufinder//mcu/
2024-07-01 21:29:07,551 [INFO] CrossReferenceDbSqlite:203 - Set database path to: C:\Users\doria\.stmcufinder\plugins\mcufinder//mcu/cs/
2024-07-01 21:29:07,680 [INFO] RulesReader:64 - Compatibility file has been processed (297 Rules)
2024-07-01 21:29:07,775 [INFO] DbMcusXml:78 - Set database path to: C:\ST\STM32CubeIDE_1.16.0\STM32CubeIDE\plugins\com.st.stm32cube.common.mx_6.12.0.202406281431\\db\/mcu/
2024-07-01 21:29:07,775 [INFO] ApiDb:274 - Set plugin database path to: C:\ST\STM32CubeIDE_1.16.0\STM32CubeIDE\plugins\com.st.stm32cube.common.mx_6.12.0.202406281431\\db\/plugins/boardmanager/
2024-07-01 21:29:07,776 [INFO] ApiDb:261 - Set plugin images path to: C:\ST\STM32CubeIDE_1.16.0\STM32CubeIDE\plugins\com.st.stm32cube.common.mx_6.12.0.202406281431\\db\/plugins/mcufinder/images/
2024-07-01 21:29:07,776 [WARN] DbFile:41 - Overriding database path with different value: C:\Users\doria\.stmcufinder\plugins\mcufinder/ => C:\Users\doria\.stmcufinder\plugins\mcufinder
2024-07-01 21:29:07,776 [INFO] ApiDb:250 - Set database path to: C:\Users\doria\.stmcufinder\plugins\mcufinder//mcu/
2024-07-01 21:29:07,776 [WARN] DbFile:41 - Overriding database path with different value: C:\Users\doria\.stmcufinder\plugins\mcufinder/ => C:\Users\doria\.stmcufinder\plugins\mcufinder
2024-07-01 21:29:07,776 [INFO] DbMcusAds:125 - Set database path to: C:\Users\doria\.stmcufinder\plugins\mcufinder//mcu/
2024-07-01 21:29:07,776 [WARN] DbFile:41 - Overriding database path with different value: C:\Users\doria\.stmcufinder\plugins\mcufinder/ => C:\Users\doria\.stmcufinder\plugins\mcufinder
2024-07-01 21:29:07,776 [WARN] DbFile:41 - Overriding database path with different value: C:\Users\doria\.stmcufinder\plugins\mcufinder/ => C:\Users\doria\.stmcufinder\plugins\mcufinder
2024-07-01 21:29:07,777 [INFO] CrossReferenceDbSqlite:203 - Set database path to: C:\Users\doria\.stmcufinder\plugins\mcufinder//mcu/cs/
2024-07-01 21:29:07,866 [INFO] MainPanel:268 - HeapMemory: 268435456
2024-07-01 21:29:07,946 [INFO] DbMcusXml:78 - Set database path to: C:\ST\STM32CubeIDE_1.16.0\STM32CubeIDE\plugins\com.st.stm32cube.common.mx_6.12.0.202406281431\\db\/mcu/
2024-07-01 21:29:07,946 [INFO] ApiDb:274 - Set plugin database path to: C:\ST\STM32CubeIDE_1.16.0\STM32CubeIDE\plugins\com.st.stm32cube.common.mx_6.12.0.202406281431\\db\/plugins/boardmanager/
2024-07-01 21:29:07,946 [INFO] ApiDb:261 - Set plugin images path to: C:\ST\STM32CubeIDE_1.16.0\STM32CubeIDE\plugins\com.st.stm32cube.common.mx_6.12.0.202406281431\\db\/plugins/mcufinder/images/
2024-07-01 21:29:07,947 [WARN] DbFile:41 - Overriding database path with different value: C:\Users\doria\.stmcufinder\plugins\mcufinder/ => C:\Users\doria\.stmcufinder\plugins\mcufinder
2024-07-01 21:29:07,947 [INFO] ApiDb:250 - Set database path to: C:\Users\doria\.stmcufinder\plugins\mcufinder//mcu/
2024-07-01 21:29:07,947 [WARN] DbFile:41 - Overriding database path with different value: C:\Users\doria\.stmcufinder\plugins\mcufinder/ => C:\Users\doria\.stmcufinder\plugins\mcufinder
2024-07-01 21:29:07,947 [INFO] DbMcusAds:125 - Set database path to: C:\Users\doria\.stmcufinder\plugins\mcufinder//mcu/
2024-07-01 21:29:07,947 [WARN] DbFile:41 - Overriding database path with different value: C:\Users\doria\.stmcufinder\plugins\mcufinder/ => C:\Users\doria\.stmcufinder\plugins\mcufinder
2024-07-01 21:29:07,947 [WARN] DbFile:41 - Overriding database path with different value: C:\Users\doria\.stmcufinder\plugins\mcufinder/ => C:\Users\doria\.stmcufinder\plugins\mcufinder
2024-07-01 21:29:07,947 [INFO] CrossReferenceDbSqlite:203 - Set database path to: C:\Users\doria\.stmcufinder\plugins\mcufinder//mcu/cs/
2024-07-01 21:29:07,965 [INFO] ApplicationProperties:184 - Using Application install path: C:\ST\STM32CubeIDE_1.16.0\STM32CubeIDE\plugins\com.st.stm32cube.common.mx_6.12.0.202406281431
2024-07-01 21:29:07,966 [INFO] PluginManage:196 - Search for loadable plugins [exclusion list=, ]
2024-07-01 21:29:07,968 [INFO] PluginManage:310 - Check plugin analytics
2024-07-01 21:29:08,174 [INFO] AnalyticsPlugin:253 - Accepted Software Licenses: 
2024-07-01 21:29:08,174 [INFO] AnalyticsPlugin:255 - Accepted CMSIS Pack Licenses: 
2024-07-01 21:29:08,174 [INFO] AnalyticsPlugin:257 - Accepted Firmware Licenses: 
2024-07-01 21:29:08,178 [INFO] PluginManage:359 - Loaded plugin analytics (category:tool,tabindex:-1)
2024-07-01 21:29:08,178 [INFO] PluginManage:310 - Check plugin cadmodel
2024-07-01 21:29:08,192 [INFO] CADModel:105 - Init CAD model plugin
2024-07-01 21:29:08,192 [INFO] PluginManage:359 - Loaded plugin cadmodel (category:power,tabindex:5)
2024-07-01 21:29:08,192 [INFO] PluginManage:310 - Check plugin clock
2024-07-01 21:29:08,210 [INFO] PluginManage:359 - Loaded plugin clock (category:base,tabindex:2)
2024-07-01 21:29:08,210 [INFO] PluginManage:310 - Check plugin ddr
2024-07-01 21:29:08,212 [INFO] PluginManage:359 - Loaded plugin ddr (category:tool,tabindex:6)
2024-07-01 21:29:08,212 [INFO] PluginManage:310 - Check plugin filemanager
2024-07-01 21:29:08,377 [INFO] PluginManage:359 - Loaded plugin filemanager (category:base,tabindex:10)
2024-07-01 21:29:08,378 [INFO] PluginManage:310 - Check plugin ipmanager
2024-07-01 21:29:08,387 [INFO] PluginManage:359 - Loaded plugin ipmanager (category:base,tabindex:5)
2024-07-01 21:29:08,388 [INFO] PluginManage:310 - Check plugin lpbam
2024-07-01 21:29:08,423 [INFO] PluginManage:359 - Loaded plugin lpbam (category:base,tabindex:0)
2024-07-01 21:29:08,423 [INFO] PluginManage:310 - Check plugin memorymap
2024-07-01 21:29:08,458 [INFO] PluginManage:359 - Loaded plugin memorymap (category:base,tabindex:4)
2024-07-01 21:29:08,458 [INFO] PluginManage:310 - Check plugin pinoutandconfiguration
2024-07-01 21:29:08,487 [INFO] PluginManage:359 - Loaded plugin pinoutandconfiguration (category:base,tabindex:1)
2024-07-01 21:29:08,488 [INFO] PluginManage:310 - Check plugin pinoutconfig
2024-07-01 21:29:08,639 [WARN] SupportedApi:132 - Cannot load RTOS API schema: s4s-elt-must-match.1: The content of 'definitions' must match (annotation?, (simpleType | complexType)?, (unique | key | keyref)*)). A problem was found starting at: attribute.
2024-07-01 21:29:08,823 [INFO] PluginManage:359 - Loaded plugin pinoutconfig (category:base,tabindex:0)
2024-07-01 21:29:08,823 [INFO] PluginManage:310 - Check plugin power
2024-07-01 21:29:08,843 [INFO] PluginManage:359 - Loaded plugin power (category:power,tabindex:4)
2024-07-01 21:29:08,843 [INFO] PluginManage:310 - Check plugin projectmanager
2024-07-01 21:29:08,865 [INFO] PluginManage:359 - Loaded plugin projectmanager (category:projectmanager,tabindex:4)
2024-07-01 21:29:08,865 [INFO] PluginManage:310 - Check plugin rif
2024-07-01 21:29:08,886 [INFO] PluginManage:359 - Loaded plugin rif (category:base,tabindex:3)
2024-07-01 21:29:08,886 [INFO] PluginManage:310 - Check plugin thirdparty
2024-07-01 21:29:09,314 [INFO] PluginManage:359 - Loaded plugin thirdparty (category:base,tabindex:-1)
2024-07-01 21:29:09,315 [INFO] PluginManage:310 - Check plugin tools
2024-07-01 21:29:09,314 [WARN] IntegrityCheckThread:84 - waiting for thirdparty lock release [integrity check]
2024-07-01 21:29:09,315 [INFO] IntegrityCheckThread:86 - entering critical section [integrity check]
2024-07-01 21:29:09,316 [INFO] ThirdPartyUpdaterWithRetryManager:70 - Updater plugin not ready yet. [1/15]
2024-07-01 21:29:09,368 [INFO] PluginManage:359 - Loaded plugin tools (category:base,tabindex:7)
2024-07-01 21:29:09,368 [INFO] PluginManage:310 - Check plugin tutovideos
2024-07-01 21:29:09,577 [INFO] PluginManage:359 - Loaded plugin tutovideos (category:base,tabindex:-1)
2024-07-01 21:29:09,577 [INFO] PluginManage:310 - Check plugin updater
2024-07-01 21:29:09,597 [INFO] PluginManage:359 - Loaded plugin updater (category:base,tabindex:12)
2024-07-01 21:29:09,597 [INFO] PluginManage:310 - Check plugin userauth
2024-07-01 21:29:09,602 [INFO] UserAuth:113 - Init User Auth plugin
2024-07-01 21:29:09,602 [INFO] PluginManage:359 - Loaded plugin userauth (category:base,tabindex:14)
2024-07-01 21:29:09,603 [INFO] PluginManage:283 - PluginManage : Loaded plugins [18]
2024-07-01 21:29:09,848 [INFO] PinOutPanel:1561 - setPackage(No Configuration,No Configuration)
2024-07-01 21:29:09,943 [INFO] CADModel:165 - CPN selected for project level
2024-07-01 21:29:09,943 [INFO] CADModel:114 - Register for checkConnection events
2024-07-01 21:29:09,967 [INFO] IPUIPlugin:80 - create IPUIPlugin
2024-07-01 21:29:09,968 [INFO] PluginManager:220 - loadIPPluginJar : add adc
2024-07-01 21:29:10,011 [INFO] IPUIPlugin:80 - create IPUIPlugin
2024-07-01 21:29:10,011 [INFO] PluginManager:220 - loadIPPluginJar : add aes
2024-07-01 21:29:10,063 [INFO] IPUIPlugin:80 - create IPUIPlugin
2024-07-01 21:29:10,063 [INFO] PluginManager:220 - loadIPPluginJar : add can
2024-07-01 21:29:10,089 [INFO] IPUIPlugin:80 - create IPUIPlugin
2024-07-01 21:29:10,089 [INFO] PluginManager:220 - loadIPPluginJar : add comp
2024-07-01 21:29:10,128 [INFO] IPUIPlugin:80 - create IPUIPlugin
2024-07-01 21:29:10,128 [INFO] PluginManager:220 - loadIPPluginJar : add cryp
2024-07-01 21:29:10,139 [INFO] IPUIPlugin:80 - create IPUIPlugin
2024-07-01 21:29:10,140 [INFO] PluginManager:220 - loadIPPluginJar : add ddr_ctrl_phy
2024-07-01 21:29:10,175 [INFO] IPUIPlugin:80 - create IPUIPlugin
2024-07-01 21:29:10,175 [INFO] PluginManager:220 - loadIPPluginJar : add dfsdm
2024-07-01 21:29:10,187 [INFO] IPUIPlugin:80 - create IPUIPlugin
2024-07-01 21:29:10,188 [INFO] PluginManager:220 - loadIPPluginJar : add dma
2024-07-01 21:29:10,239 [INFO] IPUIPlugin:80 - create IPUIPlugin
2024-07-01 21:29:10,239 [INFO] PluginManager:220 - loadIPPluginJar : add dma3
2024-07-01 21:29:10,299 [INFO] IPUIPlugin:80 - create IPUIPlugin
2024-07-01 21:29:10,301 [INFO] PluginManager:220 - loadIPPluginJar : add extmemmanager
2024-07-01 21:29:10,325 [INFO] IPUIPlugin:80 - create IPUIPlugin
2024-07-01 21:29:10,325 [INFO] PluginManager:220 - loadIPPluginJar : add fatfs
2024-07-01 21:29:10,389 [INFO] IPUIPlugin:80 - create IPUIPlugin
2024-07-01 21:29:10,389 [INFO] PluginManager:220 - loadIPPluginJar : add fmc
2024-07-01 21:29:10,406 [INFO] IPUIPlugin:80 - create IPUIPlugin
2024-07-01 21:29:10,406 [INFO] PluginManager:220 - loadIPPluginJar : add freertos
2024-07-01 21:29:10,438 [INFO] IPUIPlugin:80 - create IPUIPlugin
2024-07-01 21:29:10,439 [INFO] PluginManager:220 - loadIPPluginJar : add genericplugin
2024-07-01 21:29:10,569 [INFO] IPUIPlugin:80 - create IPUIPlugin
2024-07-01 21:29:10,569 [INFO] PluginManager:220 - loadIPPluginJar : add gfxmmu
2024-07-01 21:29:10,736 [INFO] IPUIPlugin:80 - create IPUIPlugin
2024-07-01 21:29:10,737 [INFO] PluginManager:220 - loadIPPluginJar : add gic
2024-07-01 21:29:10,748 [INFO] IPUIPlugin:80 - create IPUIPlugin
2024-07-01 21:29:10,749 [INFO] PluginManager:220 - loadIPPluginJar : add gpio
2024-07-01 21:29:10,851 [INFO] IPUIPlugin:80 - create IPUIPlugin
2024-07-01 21:29:10,852 [INFO] PluginManager:220 - loadIPPluginJar : add gtzc
2024-07-01 21:29:10,888 [INFO] IPUIPlugin:80 - create IPUIPlugin
2024-07-01 21:29:10,888 [INFO] PluginManager:220 - loadIPPluginJar : add hash
2024-07-01 21:29:10,946 [INFO] IPUIPlugin:80 - create IPUIPlugin
2024-07-01 21:29:10,946 [INFO] PluginManager:220 - loadIPPluginJar : add i2c
2024-07-01 21:29:10,990 [INFO] IPUIPlugin:80 - create IPUIPlugin
2024-07-01 21:29:10,990 [INFO] PluginManager:220 - loadIPPluginJar : add i2s
2024-07-01 21:29:11,036 [INFO] IPUIPlugin:80 - create IPUIPlugin
2024-07-01 21:29:11,036 [INFO] PluginManager:220 - loadIPPluginJar : add i3c
2024-07-01 21:29:11,152 [INFO] IPUIPlugin:80 - create IPUIPlugin
2024-07-01 21:29:11,153 [INFO] PluginManager:220 - loadIPPluginJar : add ipddr
2024-07-01 21:29:11,256 [INFO] IPUIPlugin:80 - create IPUIPlugin
2024-07-01 21:29:11,256 [INFO] PluginManager:220 - loadIPPluginJar : add linkedlist
2024-07-01 21:29:11,295 [INFO] IPUIPlugin:80 - create IPUIPlugin
2024-07-01 21:29:11,295 [INFO] PluginManager:220 - loadIPPluginJar : add lorawan
2024-07-01 21:29:11,338 [INFO] IPUIPlugin:80 - create IPUIPlugin
2024-07-01 21:29:11,338 [INFO] PluginManager:220 - loadIPPluginJar : add ltdc
2024-07-01 21:29:11,351 [INFO] IPUIPlugin:80 - create IPUIPlugin
2024-07-01 21:29:11,351 [INFO] PluginManager:220 - loadIPPluginJar : add mdma
2024-07-01 21:29:11,363 [INFO] IPUIPlugin:80 - create IPUIPlugin
2024-07-01 21:29:11,363 [INFO] PluginManager:220 - loadIPPluginJar : add nvic
2024-07-01 21:29:11,405 [INFO] IPUIPlugin:80 - create IPUIPlugin
2024-07-01 21:29:11,405 [INFO] PluginManager:220 - loadIPPluginJar : add opamp
2024-07-01 21:29:11,477 [INFO] IPUIPlugin:80 - create IPUIPlugin
2024-07-01 21:29:11,477 [INFO] PluginManager:220 - loadIPPluginJar : add openamp
2024-07-01 21:29:11,530 [INFO] IPUIPlugin:80 - create IPUIPlugin
2024-07-01 21:29:11,530 [INFO] PluginManager:220 - loadIPPluginJar : add pdm2pcm
2024-07-01 21:29:11,544 [INFO] IPUIPlugin:80 - create IPUIPlugin
2024-07-01 21:29:11,547 [INFO] PluginManager:220 - loadIPPluginJar : add plateformsettings
2024-07-01 21:29:11,572 [INFO] IPUIPlugin:80 - create IPUIPlugin
2024-07-01 21:29:11,572 [INFO] PluginManager:220 - loadIPPluginJar : add quadspi
2024-07-01 21:29:11,602 [INFO] IPUIPlugin:80 - create IPUIPlugin
2024-07-01 21:29:11,603 [INFO] PluginManager:220 - loadIPPluginJar : add radio
2024-07-01 21:29:11,614 [INFO] IPUIPlugin:80 - create IPUIPlugin
2024-07-01 21:29:11,615 [INFO] PluginManager:220 - loadIPPluginJar : add resmgrutility
2024-07-01 21:29:11,667 [INFO] IPUIPlugin:80 - create IPUIPlugin
2024-07-01 21:29:11,667 [INFO] PluginManager:220 - loadIPPluginJar : add sai
2024-07-01 21:29:11,709 [INFO] IPUIPlugin:80 - create IPUIPlugin
2024-07-01 21:29:11,709 [INFO] PluginManager:220 - loadIPPluginJar : add spi
2024-07-01 21:29:11,787 [INFO] IPUIPlugin:80 - create IPUIPlugin
2024-07-01 21:29:11,788 [INFO] PluginManager:220 - loadIPPluginJar : add stm32_wpan
2024-07-01 21:29:11,813 [INFO] IPUIPlugin:80 - create IPUIPlugin
2024-07-01 21:29:11,813 [INFO] PluginManager:220 - loadIPPluginJar : add tim
2024-07-01 21:29:11,883 [INFO] IPUIPlugin:80 - create IPUIPlugin
2024-07-01 21:29:11,883 [INFO] PluginManager:220 - loadIPPluginJar : add touchsensing
2024-07-01 21:29:11,908 [INFO] IPUIPlugin:80 - create IPUIPlugin
2024-07-01 21:29:11,908 [INFO] PluginManager:220 - loadIPPluginJar : add tracer_emb
2024-07-01 21:29:11,939 [INFO] IPUIPlugin:80 - create IPUIPlugin
2024-07-01 21:29:11,939 [INFO] PluginManager:220 - loadIPPluginJar : add ts
2024-07-01 21:29:11,964 [INFO] IPUIPlugin:80 - create IPUIPlugin
2024-07-01 21:29:11,964 [INFO] PluginManager:220 - loadIPPluginJar : add tsc
2024-07-01 21:29:11,989 [INFO] IPUIPlugin:80 - create IPUIPlugin
2024-07-01 21:29:11,990 [INFO] PluginManager:220 - loadIPPluginJar : add ucpd
2024-07-01 21:29:12,053 [INFO] IPUIPlugin:80 - create IPUIPlugin
2024-07-01 21:29:12,053 [INFO] PluginManager:220 - loadIPPluginJar : add usart
2024-07-01 21:29:12,104 [INFO] IPUIPlugin:80 - create IPUIPlugin
2024-07-01 21:29:12,104 [INFO] PluginManager:220 - loadIPPluginJar : add usbx
2024-07-01 21:29:12,240 [INFO] CADModel:165 - CPN selected for project level
2024-07-01 21:29:12,240 [INFO] CADModel:114 - Register for checkConnection events
2024-07-01 21:29:12,240 [FATAL] Updater:334 - Updater called before beeing initialized
2024-07-01 21:29:12,240 [ERROR] CADModel:125 - Updater not yet initialized, retry later 
2024-07-01 21:29:12,316 [INFO] ThirdPartyUpdaterWithRetryManager:70 - Updater plugin not ready yet. [2/15]
2024-07-01 21:29:12,436 [INFO] CADModel:165 - CPN selected for project level
2024-07-01 21:29:12,436 [INFO] CADModel:114 - Register for checkConnection events
2024-07-01 21:29:12,436 [FATAL] Updater:334 - Updater called before beeing initialized
2024-07-01 21:29:12,436 [ERROR] CADModel:125 - Updater not yet initialized, retry later 
2024-07-01 21:29:12,439 [FATAL] Updater:334 - Updater called before beeing initialized
2024-07-01 21:29:12,561 [FATAL] Updater:334 - Updater called before beeing initialized
2024-07-01 21:29:12,565 [INFO] DbMcusAds:53 - JSON generation date=Thu Sep 30 08:55:09 CEST 2021 (1632984909247)
2024-07-01 21:29:12,565 [FATAL] Updater:334 - Updater called before beeing initialized
2024-07-01 21:29:12,673 [WARN] DetailPanel:346 - Failed to get advertising image, set to default
2024-07-01 21:29:12,788 [FATAL] Updater:334 - Updater called before beeing initialized
2024-07-01 21:29:12,790 [FATAL] Updater:334 - Updater called before beeing initialized
2024-07-01 21:29:12,790 [FATAL] Updater:334 - Updater called before beeing initialized
2024-07-01 21:29:12,790 [WARN] DetailPanel:346 - Failed to get advertising image, set to default
2024-07-01 21:29:12,792 [FATAL] Updater:334 - Updater called before beeing initialized
2024-07-01 21:29:12,862 [ERROR] Updater:1164 - MainUpdater not yet initialized. External WinMGr cannot be set.
2024-07-01 21:29:12,875 [INFO] Updater:1100 - Updater Version found : 6.12.0
2024-07-01 21:29:12,891 [INFO] ApplicationProperties:184 - Using Application install path: C:\ST\STM32CubeIDE_1.16.0\STM32CubeIDE\plugins\com.st.stm32cube.common.mx_6.12.0.202406281431
2024-07-01 21:29:14,466 [ERROR] LogOutputStream:75 - [STDERR_REDIRECT] Jul 01, 2024 9:29:14 PM java.util.prefs.WindowsPreferences <init>
2024-07-01 21:29:14,468 [ERROR] LogOutputStream:75 - [STDERR_REDIRECT] WARNING: Could not open/create prefs root node Software\JavaSoft\Prefs at root 0xffffffff80000002. Windows RegCreateKeyEx(...) returned error code 5.
2024-07-01 21:29:14,468 [ERROR] LogOutputStream:75 - [STDERR_REDIRECT] 
2024-07-01 21:29:14,489 [INFO] MainUpdater:526 - Copy updater definitions from MX database
2024-07-01 21:29:14,534 [INFO] MainUpdater:559 - Copy flag file definitions from MX database
2024-07-01 21:29:14,536 [INFO] MainUpdater:575 - Copy thirdparty index definitions from MX database
2024-07-01 21:29:14,538 [INFO] MainUpdater:594 - Copy default thirdparty db definitions from MX database
2024-07-01 21:29:14,811 [INFO] MainUpdater:2873 - connection check result : 10
2024-07-01 21:29:14,811 [INFO] MainUpdater:3567 - Updater definition file requires update
2024-07-01 21:29:14,812 [INFO] MainUpdater:290 - Updater Check For Update Now.
2024-07-01 21:29:14,813 [INFO] MicroXplorer:498 - Change Database Version : DB.6.0.120
2024-07-01 21:29:14,829 [INFO] McuFinderGlobals:63 - Set McuFinder mode to 2 (CubeIDE integrated)
2024-07-01 21:29:14,829 [INFO] UserAuth:179 - activating auth plugin
2024-07-01 21:29:14,831 [INFO] UserAuth:417 - Internet connection configuration mode: 1
2024-07-01 21:29:14,843 [INFO] JxBrowserEngine:152 - Initiate JxBrowser Engine with user profile folder
2024-07-01 21:29:14,873 [INFO] ServerAccessManage:473 - Download File updaters.zip
2024-07-01 21:29:15,199 [INFO] FileExtend:240 - Unzip File : updaters.zip
2024-07-01 21:29:15,199 [INFO] FileExtend:255 - Standard Zip Deflate
2024-07-01 21:29:15,317 [WARN] MainUpdater:1194 - Updater busy. Cannot search thirdparties
2024-07-01 21:29:15,318 [INFO] ThirdPartyUpdaterWithRetryManager:96 - Updater plugin is busy. [1/15]
2024-07-01 21:29:15,990 [INFO] ServerAccessManage:473 - Download File PacksControlFlags.xml
2024-07-01 21:29:16,345 [INFO] ServerAccessManage:473 - Download File cubemx.pidx
2024-07-01 21:29:17,163 [INFO] ServerAccessManage:473 - Download File STMicroelectronics.FP-ATR-ASTRA1.pdsc
2024-07-01 21:29:17,591 [ERROR] ExternalUserPreferencesManager:606 - Error while get path from external application: Cannot invoke "com.st.stm32cube.common.mx.MxActivator.getBundle()" because the return value of "com.st.stm32cube.common.mx.MxActivator.getDefault()" is null
2024-07-01 21:29:17,591 [ERROR] ExternalUserPreferencesManager:336 - Error while get preference info from external application: Cannot invoke "com.st.stm32cube.common.mx.MxActivator.getBundle()" because the return value of "com.st.stm32cube.common.mx.MxActivator.getDefault()" is null
2024-07-01 21:29:17,591 [ERROR] ExternalUserPreferencesManager:560 - Error while get preference info from external application: Cannot invoke "com.st.stm32cube.common.mx.MxActivator.getBundle()" because the return value of "com.st.stm32cube.common.mx.MxActivator.getDefault()" is null
2024-07-01 21:29:17,642 [ERROR] ExternalUserPreferencesManager:560 - Error while get preference info from external application: Cannot invoke "com.st.stm32cube.common.mx.MxActivator.getBundle()" because the return value of "com.st.stm32cube.common.mx.MxActivator.getDefault()" is null
2024-07-01 21:29:18,159 [ERROR] ExternalUserPreferencesManager:560 - Error while get preference info from external application: Cannot invoke "com.st.stm32cube.common.mx.MxActivator.getBundle()" because the return value of "com.st.stm32cube.common.mx.MxActivator.getDefault()" is null
2024-07-01 21:29:18,194 [ERROR] ExternalUserPreferencesManager:560 - Error while get preference info from external application: Cannot invoke "com.st.stm32cube.common.mx.MxActivator.getBundle()" because the return value of "com.st.stm32cube.common.mx.MxActivator.getDefault()" is null
2024-07-01 21:29:18,226 [ERROR] LogOutputStream:75 - [STDERR_REDIRECT] 
2024-07-01 21:29:18,227 [ERROR] LogOutputStream:75 - [STDERR_REDIRECT] 
