22:15:05 **** Incremental Build of configuration Debug for project LICZNIK_2 ****
make -j12 all 
arm-none-eabi-gcc "../Core/Src/main.c" -mcpu=cortex-m4 -std=gnu11 -g3 -DDEBUG -DUSE_HAL_DRIVER -DSTM32L476xx -c -I../Core/Inc -I../Drivers/STM32L4xx_HAL_Driver/Inc -I../Drivers/STM32L4xx_HAL_Driver/Inc/Legacy -I../Drivers/CMSIS/Device/ST/STM32L4xx/Include -I../Drivers/CMSIS/Include -O0 -ffunction-sections -fdata-sections -Wall -fstack-usage -fcyclomatic-complexity -MMD -MP -MF"Core/Src/main.d" -MT"Core/Src/main.o" --specs=nano.specs -mfpu=fpv4-sp-d16 -mfloat-abi=hard -mthumb -o "Core/Src/main.o"
../Core/Src/main.c: In function 'main':
../Core/Src/main.c:125:11: warning: unused variable 'prev_value' [-Wunused-variable]
  125 |   int16_t prev_value = 0;
      |           ^~~~~~~~~~
arm-none-eabi-gcc -o "LICZNIK_2.elf" @"objects.list"   -mcpu=cortex-m4 -T"C:\Users\doria\STM32CubeIDE\workspace_1.15.1\LICZNIK_2\STM32L476RGTX_FLASH.ld" --specs=nosys.specs -Wl,-Map="LICZNIK_2.map" -Wl,--gc-sections -static --specs=nano.specs -mfpu=fpv4-sp-d16 -mfloat-abi=hard -mthumb -Wl,--start-group -lc -lm -Wl,--end-group
C:/ST/STM32CubeIDE_1.15.1/STM32CubeIDE/plugins/com.st.stm32cube.ide.mcu.externaltools.gnu-tools-for-stm32.12.3.rel1.win32_1.0.200.202406191623/tools/bin/../lib/gcc/arm-none-eabi/12.3.1/../../../../arm-none-eabi/bin/ld.exe: ./Drivers/system_stm32l4xx.o:C:/Users/doria/STM32CubeIDE/workspace_1.15.1/LICZNIK_2/Debug/../Drivers/system_stm32l4xx.c:170: multiple definition of `SystemCoreClock'; ./Core/Src/system_stm32l4xx.o:C:/Users/doria/STM32CubeIDE/workspace_1.15.1/LICZNIK_2/Debug/../Core/Src/system_stm32l4xx.c:170: first defined here
C:/ST/STM32CubeIDE_1.15.1/STM32CubeIDE/plugins/com.st.stm32cube.ide.mcu.externaltools.gnu-tools-for-stm32.12.3.rel1.win32_1.0.200.202406191623/tools/bin/../lib/gcc/arm-none-eabi/12.3.1/../../../../arm-none-eabi/bin/ld.exe: ./Drivers/system_stm32l4xx.o:C:/Users/doria/STM32CubeIDE/workspace_1.15.1/LICZNIK_2/Debug/../Drivers/system_stm32l4xx.c:172: multiple definition of `AHBPrescTable'; ./Core/Src/system_stm32l4xx.o:C:/Users/doria/STM32CubeIDE/workspace_1.15.1/LICZNIK_2/Debug/../Core/Src/system_stm32l4xx.c:172: first defined here
C:/ST/STM32CubeIDE_1.15.1/STM32CubeIDE/plugins/com.st.stm32cube.ide.mcu.externaltools.gnu-tools-for-stm32.12.3.rel1.win32_1.0.200.202406191623/tools/bin/../lib/gcc/arm-none-eabi/12.3.1/../../../../arm-none-eabi/bin/ld.exe: ./Drivers/system_stm32l4xx.o:C:/Users/doria/STM32CubeIDE/workspace_1.15.1/LICZNIK_2/Debug/../Drivers/system_stm32l4xx.c:173: multiple definition of `APBPrescTable'; ./Core/Src/system_stm32l4xx.o:C:/Users/doria/STM32CubeIDE/workspace_1.15.1/LICZNIK_2/Debug/../Core/Src/system_stm32l4xx.c:173: first defined here
C:/ST/STM32CubeIDE_1.15.1/STM32CubeIDE/plugins/com.st.stm32cube.ide.mcu.externaltools.gnu-tools-for-stm32.12.3.rel1.win32_1.0.200.202406191623/tools/bin/../lib/gcc/arm-none-eabi/12.3.1/../../../../arm-none-eabi/bin/ld.exe: ./Drivers/system_stm32l4xx.o:C:/Users/doria/STM32CubeIDE/workspace_1.15.1/LICZNIK_2/Debug/../Drivers/system_stm32l4xx.c:174: multiple definition of `MSIRangeTable'; ./Core/Src/system_stm32l4xx.o:C:/Users/doria/STM32CubeIDE/workspace_1.15.1/LICZNIK_2/Debug/../Core/Src/system_stm32l4xx.c:174: first defined here
C:/ST/STM32CubeIDE_1.15.1/STM32CubeIDE/plugins/com.st.stm32cube.ide.mcu.externaltools.gnu-tools-for-stm32.12.3.rel1.win32_1.0.200.202406191623/tools/bin/../lib/gcc/arm-none-eabi/12.3.1/../../../../arm-none-eabi/bin/ld.exe: ./Drivers/system_stm32l4xx.o: in function `SystemInit':
C:/Users/doria/STM32CubeIDE/workspace_1.15.1/LICZNIK_2/Debug/../Drivers/system_stm32l4xx.c:198: multiple definition of `SystemInit'; ./Core/Src/system_stm32l4xx.o:C:/Users/doria/STM32CubeIDE/workspace_1.15.1/LICZNIK_2/Debug/../Core/Src/system_stm32l4xx.c:198: first defined here
C:/ST/STM32CubeIDE_1.15.1/STM32CubeIDE/plugins/com.st.stm32cube.ide.mcu.externaltools.gnu-tools-for-stm32.12.3.rel1.win32_1.0.200.202406191623/tools/bin/../lib/gcc/arm-none-eabi/12.3.1/../../../../arm-none-eabi/bin/ld.exe: ./Drivers/system_stm32l4xx.o: in function `SystemCoreClockUpdate':
C:/Users/doria/STM32CubeIDE/workspace_1.15.1/LICZNIK_2/Debug/../Drivers/system_stm32l4xx.c:252: multiple definition of `SystemCoreClockUpdate'; ./Core/Src/system_stm32l4xx.o:C:/Users/doria/STM32CubeIDE/workspace_1.15.1/LICZNIK_2/Debug/../Core/Src/system_stm32l4xx.c:252: first defined here
collect2.exe: error: ld returned 1 exit status
make: *** [makefile:65: LICZNIK_2.elf] Error 1
"make -j12 all" terminated with exit code 2. Build might be incomplete.

22:15:06 Build Failed. 7 errors, 1 warnings. (took 752ms)

