2024-07-28 19:11:27,620 [INFO] Activator:176 - 


2024-07-28 19:11:27,623 [INFO] Activator:177 - !SESSION log4j initialized
2024-07-28 19:11:32,577 [INFO] LogOutputStream:77 - [STDOUT_REDIRECT] 
2024-07-28 19:11:36,089 [INFO] ApplicationProperties:184 - Using Application install path: C:\ST\STM32CubeIDE_1.15.1\STM32CubeIDE\plugins\com.st.stm32cube.common.mx_6.12.0.202406281431
2024-07-28 19:11:36,113 [INFO] DbMcusXml:78 - Set database path to: C:\ST\STM32CubeIDE_1.15.1\STM32CubeIDE\plugins\com.st.stm32cube.common.mx_6.12.0.202406281431\\db\/mcu/
2024-07-28 19:11:36,113 [INFO] ApiDb:274 - Set plugin database path to: C:\ST\STM32CubeIDE_1.15.1\STM32CubeIDE\plugins\com.st.stm32cube.common.mx_6.12.0.202406281431\\db\/plugins/boardmanager/
2024-07-28 19:11:36,114 [WARN] ApiDb:259 - Overriding images path with different value:  => C:\ST\STM32CubeIDE_1.15.1\STM32CubeIDE\plugins\com.st.stm32cube.common.mx_6.12.0.202406281431\\db\/plugins/mcufinder/images/
2024-07-28 19:11:36,124 [INFO] ApiDb:250 - Set database path to: C:\Users\doria\.stmcufinder\plugins\mcufinder//mcu/
2024-07-28 19:11:36,124 [INFO] DbMcusAds:125 - Set database path to: C:\Users\doria\.stmcufinder\plugins\mcufinder//mcu/
2024-07-28 19:11:36,126 [INFO] CrossReferenceDbSqlite:203 - Set database path to: C:\Users\doria\.stmcufinder\plugins\mcufinder//mcu/cs/
2024-07-28 19:11:36,212 [INFO] RulesReader:64 - Compatibility file has been processed (297 Rules)
2024-07-28 19:11:36,269 [INFO] DbMcusXml:78 - Set database path to: C:\ST\STM32CubeIDE_1.15.1\STM32CubeIDE\plugins\com.st.stm32cube.common.mx_6.12.0.202406281431\\db\/mcu/
2024-07-28 19:11:36,270 [INFO] ApiDb:274 - Set plugin database path to: C:\ST\STM32CubeIDE_1.15.1\STM32CubeIDE\plugins\com.st.stm32cube.common.mx_6.12.0.202406281431\\db\/plugins/boardmanager/
2024-07-28 19:11:36,270 [INFO] ApiDb:261 - Set plugin images path to: C:\ST\STM32CubeIDE_1.15.1\STM32CubeIDE\plugins\com.st.stm32cube.common.mx_6.12.0.202406281431\\db\/plugins/mcufinder/images/
2024-07-28 19:11:36,270 [WARN] DbFile:41 - Overriding database path with different value: C:\Users\doria\.stmcufinder\plugins\mcufinder/ => C:\Users\doria\.stmcufinder\plugins\mcufinder
2024-07-28 19:11:36,270 [INFO] ApiDb:250 - Set database path to: C:\Users\doria\.stmcufinder\plugins\mcufinder//mcu/
2024-07-28 19:11:36,270 [WARN] DbFile:41 - Overriding database path with different value: C:\Users\doria\.stmcufinder\plugins\mcufinder/ => C:\Users\doria\.stmcufinder\plugins\mcufinder
2024-07-28 19:11:36,270 [INFO] DbMcusAds:125 - Set database path to: C:\Users\doria\.stmcufinder\plugins\mcufinder//mcu/
2024-07-28 19:11:36,270 [WARN] DbFile:41 - Overriding database path with different value: C:\Users\doria\.stmcufinder\plugins\mcufinder/ => C:\Users\doria\.stmcufinder\plugins\mcufinder
2024-07-28 19:11:36,270 [WARN] DbFile:41 - Overriding database path with different value: C:\Users\doria\.stmcufinder\plugins\mcufinder/ => C:\Users\doria\.stmcufinder\plugins\mcufinder
2024-07-28 19:11:36,270 [INFO] CrossReferenceDbSqlite:203 - Set database path to: C:\Users\doria\.stmcufinder\plugins\mcufinder//mcu/cs/
2024-07-28 19:11:36,332 [INFO] MainPanel:268 - HeapMemory: 268435456
2024-07-28 19:11:36,417 [INFO] DbMcusXml:78 - Set database path to: C:\ST\STM32CubeIDE_1.15.1\STM32CubeIDE\plugins\com.st.stm32cube.common.mx_6.12.0.202406281431\\db\/mcu/
2024-07-28 19:11:36,417 [INFO] ApiDb:274 - Set plugin database path to: C:\ST\STM32CubeIDE_1.15.1\STM32CubeIDE\plugins\com.st.stm32cube.common.mx_6.12.0.202406281431\\db\/plugins/boardmanager/
2024-07-28 19:11:36,417 [INFO] ApiDb:261 - Set plugin images path to: C:\ST\STM32CubeIDE_1.15.1\STM32CubeIDE\plugins\com.st.stm32cube.common.mx_6.12.0.202406281431\\db\/plugins/mcufinder/images/
2024-07-28 19:11:36,417 [WARN] DbFile:41 - Overriding database path with different value: C:\Users\doria\.stmcufinder\plugins\mcufinder/ => C:\Users\doria\.stmcufinder\plugins\mcufinder
2024-07-28 19:11:36,417 [INFO] ApiDb:250 - Set database path to: C:\Users\doria\.stmcufinder\plugins\mcufinder//mcu/
2024-07-28 19:11:36,417 [WARN] DbFile:41 - Overriding database path with different value: C:\Users\doria\.stmcufinder\plugins\mcufinder/ => C:\Users\doria\.stmcufinder\plugins\mcufinder
2024-07-28 19:11:36,417 [INFO] DbMcusAds:125 - Set database path to: C:\Users\doria\.stmcufinder\plugins\mcufinder//mcu/
2024-07-28 19:11:36,417 [WARN] DbFile:41 - Overriding database path with different value: C:\Users\doria\.stmcufinder\plugins\mcufinder/ => C:\Users\doria\.stmcufinder\plugins\mcufinder
2024-07-28 19:11:36,417 [WARN] DbFile:41 - Overriding database path with different value: C:\Users\doria\.stmcufinder\plugins\mcufinder/ => C:\Users\doria\.stmcufinder\plugins\mcufinder
2024-07-28 19:11:36,417 [INFO] CrossReferenceDbSqlite:203 - Set database path to: C:\Users\doria\.stmcufinder\plugins\mcufinder//mcu/cs/
2024-07-28 19:11:36,431 [INFO] ApplicationProperties:184 - Using Application install path: C:\ST\STM32CubeIDE_1.15.1\STM32CubeIDE\plugins\com.st.stm32cube.common.mx_6.12.0.202406281431
2024-07-28 19:11:36,432 [INFO] PluginManage:196 - Search for loadable plugins [exclusion list=, ]
2024-07-28 19:11:36,433 [INFO] PluginManage:310 - Check plugin analytics
2024-07-28 19:11:36,546 [INFO] AnalyticsPlugin:253 - Accepted Software Licenses: 
2024-07-28 19:11:36,546 [INFO] AnalyticsPlugin:255 - Accepted CMSIS Pack Licenses: 
2024-07-28 19:11:36,546 [INFO] AnalyticsPlugin:257 - Accepted Firmware Licenses: FW.L4.1.18.0
2024-07-28 19:11:36,548 [INFO] PluginManage:359 - Loaded plugin analytics (category:tool,tabindex:-1)
2024-07-28 19:11:36,548 [INFO] PluginManage:310 - Check plugin cadmodel
2024-07-28 19:11:36,560 [INFO] CADModel:105 - Init CAD model plugin
2024-07-28 19:11:36,560 [INFO] PluginManage:359 - Loaded plugin cadmodel (category:power,tabindex:5)
2024-07-28 19:11:36,561 [INFO] PluginManage:310 - Check plugin clock
2024-07-28 19:11:36,577 [INFO] PluginManage:359 - Loaded plugin clock (category:base,tabindex:2)
2024-07-28 19:11:36,577 [INFO] PluginManage:310 - Check plugin ddr
2024-07-28 19:11:36,580 [INFO] PluginManage:359 - Loaded plugin ddr (category:tool,tabindex:6)
2024-07-28 19:11:36,580 [INFO] PluginManage:310 - Check plugin filemanager
2024-07-28 19:11:36,696 [INFO] PluginManage:359 - Loaded plugin filemanager (category:base,tabindex:10)
2024-07-28 19:11:36,697 [INFO] PluginManage:310 - Check plugin ipmanager
2024-07-28 19:11:36,702 [INFO] PluginManage:359 - Loaded plugin ipmanager (category:base,tabindex:5)
2024-07-28 19:11:36,703 [INFO] PluginManage:310 - Check plugin lpbam
2024-07-28 19:11:36,716 [INFO] PluginManage:359 - Loaded plugin lpbam (category:base,tabindex:0)
2024-07-28 19:11:36,716 [INFO] PluginManage:310 - Check plugin memorymap
2024-07-28 19:11:36,736 [INFO] PluginManage:359 - Loaded plugin memorymap (category:base,tabindex:4)
2024-07-28 19:11:36,736 [INFO] PluginManage:310 - Check plugin pinoutandconfiguration
2024-07-28 19:11:36,753 [INFO] PluginManage:359 - Loaded plugin pinoutandconfiguration (category:base,tabindex:1)
2024-07-28 19:11:36,753 [INFO] PluginManage:310 - Check plugin pinoutconfig
2024-07-28 19:11:36,843 [WARN] SupportedApi:132 - Cannot load RTOS API schema: s4s-elt-must-match.1: The content of 'definitions' must match (annotation?, (simpleType | complexType)?, (unique | key | keyref)*)). A problem was found starting at: attribute.
2024-07-28 19:11:36,968 [INFO] PluginManage:359 - Loaded plugin pinoutconfig (category:base,tabindex:0)
2024-07-28 19:11:36,968 [INFO] PluginManage:310 - Check plugin power
2024-07-28 19:11:36,986 [INFO] PluginManage:359 - Loaded plugin power (category:power,tabindex:4)
2024-07-28 19:11:36,986 [INFO] PluginManage:310 - Check plugin projectmanager
2024-07-28 19:11:36,999 [INFO] PluginManage:359 - Loaded plugin projectmanager (category:projectmanager,tabindex:4)
2024-07-28 19:11:36,999 [INFO] PluginManage:310 - Check plugin rif
2024-07-28 19:11:37,011 [INFO] PluginManage:359 - Loaded plugin rif (category:base,tabindex:3)
2024-07-28 19:11:37,012 [INFO] PluginManage:310 - Check plugin thirdparty
2024-07-28 19:11:37,225 [INFO] PluginManage:359 - Loaded plugin thirdparty (category:base,tabindex:-1)
2024-07-28 19:11:37,225 [WARN] IntegrityCheckThread:84 - waiting for thirdparty lock release [integrity check]
2024-07-28 19:11:37,225 [INFO] PluginManage:310 - Check plugin tools
2024-07-28 19:11:37,225 [INFO] IntegrityCheckThread:86 - entering critical section [integrity check]
2024-07-28 19:11:37,225 [INFO] ThirdPartyUpdaterWithRetryManager:70 - Updater plugin not ready yet. [1/15]
2024-07-28 19:11:37,251 [INFO] PluginManage:359 - Loaded plugin tools (category:base,tabindex:7)
2024-07-28 19:11:37,251 [INFO] PluginManage:310 - Check plugin tutovideos
2024-07-28 19:11:37,399 [INFO] PluginManage:359 - Loaded plugin tutovideos (category:base,tabindex:-1)
2024-07-28 19:11:37,399 [INFO] PluginManage:310 - Check plugin updater
2024-07-28 19:11:37,412 [INFO] PluginManage:359 - Loaded plugin updater (category:base,tabindex:12)
2024-07-28 19:11:37,412 [INFO] PluginManage:310 - Check plugin userauth
2024-07-28 19:11:37,418 [INFO] UserAuth:113 - Init User Auth plugin
2024-07-28 19:11:37,418 [INFO] PluginManage:359 - Loaded plugin userauth (category:base,tabindex:14)
2024-07-28 19:11:37,418 [INFO] PluginManage:283 - PluginManage : Loaded plugins [18]
2024-07-28 19:11:37,572 [INFO] PinOutPanel:1561 - setPackage(No Configuration,No Configuration)
2024-07-28 19:11:37,637 [INFO] CADModel:165 - CPN selected for project level
2024-07-28 19:11:37,637 [INFO] CADModel:114 - Register for checkConnection events
2024-07-28 19:11:37,656 [INFO] IPUIPlugin:80 - create IPUIPlugin
2024-07-28 19:11:37,657 [INFO] PluginManager:220 - loadIPPluginJar : add adc
2024-07-28 19:11:37,691 [INFO] IPUIPlugin:80 - create IPUIPlugin
2024-07-28 19:11:37,692 [INFO] PluginManager:220 - loadIPPluginJar : add aes
2024-07-28 19:11:37,727 [INFO] IPUIPlugin:80 - create IPUIPlugin
2024-07-28 19:11:37,728 [INFO] PluginManager:220 - loadIPPluginJar : add can
2024-07-28 19:11:37,745 [INFO] IPUIPlugin:80 - create IPUIPlugin
2024-07-28 19:11:37,745 [INFO] PluginManager:220 - loadIPPluginJar : add comp
2024-07-28 19:11:37,771 [INFO] IPUIPlugin:80 - create IPUIPlugin
2024-07-28 19:11:37,771 [INFO] PluginManager:220 - loadIPPluginJar : add cryp
2024-07-28 19:11:37,781 [INFO] IPUIPlugin:80 - create IPUIPlugin
2024-07-28 19:11:37,782 [INFO] PluginManager:220 - loadIPPluginJar : add ddr_ctrl_phy
2024-07-28 19:11:37,804 [INFO] IPUIPlugin:80 - create IPUIPlugin
2024-07-28 19:11:37,804 [INFO] PluginManager:220 - loadIPPluginJar : add dfsdm
2024-07-28 19:11:37,816 [INFO] IPUIPlugin:80 - create IPUIPlugin
2024-07-28 19:11:37,816 [INFO] PluginManager:220 - loadIPPluginJar : add dma
2024-07-28 19:11:37,852 [INFO] IPUIPlugin:80 - create IPUIPlugin
2024-07-28 19:11:37,852 [INFO] PluginManager:220 - loadIPPluginJar : add dma3
2024-07-28 19:11:37,887 [INFO] IPUIPlugin:80 - create IPUIPlugin
2024-07-28 19:11:37,887 [INFO] PluginManager:220 - loadIPPluginJar : add extmemmanager
2024-07-28 19:11:37,902 [INFO] IPUIPlugin:80 - create IPUIPlugin
2024-07-28 19:11:37,902 [INFO] PluginManager:220 - loadIPPluginJar : add fatfs
2024-07-28 19:11:37,937 [INFO] IPUIPlugin:80 - create IPUIPlugin
2024-07-28 19:11:37,937 [INFO] PluginManager:220 - loadIPPluginJar : add fmc
2024-07-28 19:11:37,949 [INFO] IPUIPlugin:80 - create IPUIPlugin
2024-07-28 19:11:37,949 [INFO] PluginManager:220 - loadIPPluginJar : add freertos
2024-07-28 19:11:37,965 [INFO] IPUIPlugin:80 - create IPUIPlugin
2024-07-28 19:11:37,965 [INFO] PluginManager:220 - loadIPPluginJar : add genericplugin
2024-07-28 19:11:38,034 [INFO] IPUIPlugin:80 - create IPUIPlugin
2024-07-28 19:11:38,034 [INFO] PluginManager:220 - loadIPPluginJar : add gfxmmu
2024-07-28 19:11:38,128 [INFO] IPUIPlugin:80 - create IPUIPlugin
2024-07-28 19:11:38,128 [INFO] PluginManager:220 - loadIPPluginJar : add gic
2024-07-28 19:11:38,139 [INFO] IPUIPlugin:80 - create IPUIPlugin
2024-07-28 19:11:38,139 [INFO] PluginManager:220 - loadIPPluginJar : add gpio
2024-07-28 19:11:38,206 [INFO] IPUIPlugin:80 - create IPUIPlugin
2024-07-28 19:11:38,206 [INFO] PluginManager:220 - loadIPPluginJar : add gtzc
2024-07-28 19:11:38,231 [INFO] IPUIPlugin:80 - create IPUIPlugin
2024-07-28 19:11:38,231 [INFO] PluginManager:220 - loadIPPluginJar : add hash
2024-07-28 19:11:38,269 [INFO] IPUIPlugin:80 - create IPUIPlugin
2024-07-28 19:11:38,270 [INFO] PluginManager:220 - loadIPPluginJar : add i2c
2024-07-28 19:11:38,298 [INFO] IPUIPlugin:80 - create IPUIPlugin
2024-07-28 19:11:38,299 [INFO] PluginManager:220 - loadIPPluginJar : add i2s
2024-07-28 19:11:38,329 [INFO] IPUIPlugin:80 - create IPUIPlugin
2024-07-28 19:11:38,329 [INFO] PluginManager:220 - loadIPPluginJar : add i3c
2024-07-28 19:11:38,403 [INFO] IPUIPlugin:80 - create IPUIPlugin
2024-07-28 19:11:38,403 [INFO] PluginManager:220 - loadIPPluginJar : add ipddr
2024-07-28 19:11:38,471 [INFO] IPUIPlugin:80 - create IPUIPlugin
2024-07-28 19:11:38,472 [INFO] PluginManager:220 - loadIPPluginJar : add linkedlist
2024-07-28 19:11:38,498 [INFO] IPUIPlugin:80 - create IPUIPlugin
2024-07-28 19:11:38,498 [INFO] PluginManager:220 - loadIPPluginJar : add lorawan
2024-07-28 19:11:38,525 [INFO] IPUIPlugin:80 - create IPUIPlugin
2024-07-28 19:11:38,525 [INFO] PluginManager:220 - loadIPPluginJar : add ltdc
2024-07-28 19:11:38,536 [INFO] IPUIPlugin:80 - create IPUIPlugin
2024-07-28 19:11:38,537 [INFO] PluginManager:220 - loadIPPluginJar : add mdma
2024-07-28 19:11:38,546 [INFO] IPUIPlugin:80 - create IPUIPlugin
2024-07-28 19:11:38,546 [INFO] PluginManager:220 - loadIPPluginJar : add nvic
2024-07-28 19:11:38,574 [INFO] IPUIPlugin:80 - create IPUIPlugin
2024-07-28 19:11:38,574 [INFO] PluginManager:220 - loadIPPluginJar : add opamp
2024-07-28 19:11:38,618 [INFO] IPUIPlugin:80 - create IPUIPlugin
2024-07-28 19:11:38,618 [INFO] PluginManager:220 - loadIPPluginJar : add openamp
2024-07-28 19:11:38,652 [INFO] IPUIPlugin:80 - create IPUIPlugin
2024-07-28 19:11:38,652 [INFO] PluginManager:220 - loadIPPluginJar : add pdm2pcm
2024-07-28 19:11:38,664 [INFO] IPUIPlugin:80 - create IPUIPlugin
2024-07-28 19:11:38,666 [INFO] PluginManager:220 - loadIPPluginJar : add plateformsettings
2024-07-28 19:11:38,685 [INFO] IPUIPlugin:80 - create IPUIPlugin
2024-07-28 19:11:38,685 [INFO] PluginManager:220 - loadIPPluginJar : add quadspi
2024-07-28 19:11:38,707 [INFO] IPUIPlugin:80 - create IPUIPlugin
2024-07-28 19:11:38,708 [INFO] PluginManager:220 - loadIPPluginJar : add radio
2024-07-28 19:11:38,718 [INFO] IPUIPlugin:80 - create IPUIPlugin
2024-07-28 19:11:38,718 [INFO] PluginManager:220 - loadIPPluginJar : add resmgrutility
2024-07-28 19:11:38,753 [INFO] IPUIPlugin:80 - create IPUIPlugin
2024-07-28 19:11:38,753 [INFO] PluginManager:220 - loadIPPluginJar : add sai
2024-07-28 19:11:38,781 [INFO] IPUIPlugin:80 - create IPUIPlugin
2024-07-28 19:11:38,781 [INFO] PluginManager:220 - loadIPPluginJar : add spi
2024-07-28 19:11:38,834 [INFO] IPUIPlugin:80 - create IPUIPlugin
2024-07-28 19:11:38,834 [INFO] PluginManager:220 - loadIPPluginJar : add stm32_wpan
2024-07-28 19:11:38,852 [INFO] IPUIPlugin:80 - create IPUIPlugin
2024-07-28 19:11:38,852 [INFO] PluginManager:220 - loadIPPluginJar : add tim
2024-07-28 19:11:38,898 [INFO] IPUIPlugin:80 - create IPUIPlugin
2024-07-28 19:11:38,898 [INFO] PluginManager:220 - loadIPPluginJar : add touchsensing
2024-07-28 19:11:38,916 [INFO] IPUIPlugin:80 - create IPUIPlugin
2024-07-28 19:11:38,916 [INFO] PluginManager:220 - loadIPPluginJar : add tracer_emb
2024-07-28 19:11:38,933 [INFO] IPUIPlugin:80 - create IPUIPlugin
2024-07-28 19:11:38,933 [INFO] PluginManager:220 - loadIPPluginJar : add ts
2024-07-28 19:11:38,950 [INFO] IPUIPlugin:80 - create IPUIPlugin
2024-07-28 19:11:38,950 [INFO] PluginManager:220 - loadIPPluginJar : add tsc
2024-07-28 19:11:38,967 [INFO] IPUIPlugin:80 - create IPUIPlugin
2024-07-28 19:11:38,967 [INFO] PluginManager:220 - loadIPPluginJar : add ucpd
2024-07-28 19:11:39,000 [INFO] IPUIPlugin:80 - create IPUIPlugin
2024-07-28 19:11:39,000 [INFO] PluginManager:220 - loadIPPluginJar : add usart
2024-07-28 19:11:39,032 [INFO] IPUIPlugin:80 - create IPUIPlugin
2024-07-28 19:11:39,033 [INFO] PluginManager:220 - loadIPPluginJar : add usbx
2024-07-28 19:11:39,141 [INFO] CADModel:165 - CPN selected for project level
2024-07-28 19:11:39,141 [INFO] CADModel:114 - Register for checkConnection events
2024-07-28 19:11:39,141 [FATAL] Updater:334 - Updater called before beeing initialized
2024-07-28 19:11:39,141 [ERROR] CADModel:125 - Updater not yet initialized, retry later 
2024-07-28 19:11:39,230 [INFO] CADModel:165 - CPN selected for project level
2024-07-28 19:11:39,230 [INFO] CADModel:114 - Register for checkConnection events
2024-07-28 19:11:39,230 [FATAL] Updater:334 - Updater called before beeing initialized
2024-07-28 19:11:39,230 [ERROR] CADModel:125 - Updater not yet initialized, retry later 
2024-07-28 19:11:39,233 [FATAL] Updater:334 - Updater called before beeing initialized
2024-07-28 19:11:39,303 [FATAL] Updater:334 - Updater called before beeing initialized
2024-07-28 19:11:39,312 [INFO] DbMcusAds:53 - JSON generation date=Thu May 16 11:22:00 CEST 2024 (1715851320667)
2024-07-28 19:11:39,312 [FATAL] Updater:334 - Updater called before beeing initialized
2024-07-28 19:11:39,340 [WARN] DetailPanel:346 - Failed to get advertising image, set to default
2024-07-28 19:11:39,400 [FATAL] Updater:334 - Updater called before beeing initialized
2024-07-28 19:11:39,401 [FATAL] Updater:334 - Updater called before beeing initialized
2024-07-28 19:11:39,401 [FATAL] Updater:334 - Updater called before beeing initialized
2024-07-28 19:11:39,401 [WARN] DetailPanel:346 - Failed to get advertising image, set to default
2024-07-28 19:11:39,402 [FATAL] Updater:334 - Updater called before beeing initialized
2024-07-28 19:11:39,447 [ERROR] Updater:1164 - MainUpdater not yet initialized. External WinMGr cannot be set.
2024-07-28 19:11:39,457 [INFO] Updater:1100 - Updater Version found : 6.12.0
2024-07-28 19:11:39,474 [INFO] ApplicationProperties:184 - Using Application install path: C:\ST\STM32CubeIDE_1.15.1\STM32CubeIDE\plugins\com.st.stm32cube.common.mx_6.12.0.202406281431
2024-07-28 19:11:40,226 [INFO] ThirdPartyUpdaterWithRetryManager:70 - Updater plugin not ready yet. [2/15]
2024-07-28 19:11:41,051 [ERROR] LogOutputStream:75 - [STDERR_REDIRECT] Jul 28, 2024 7:11:41 PM java.util.prefs.WindowsPreferences <init>
2024-07-28 19:11:41,052 [ERROR] LogOutputStream:75 - [STDERR_REDIRECT] WARNING: Could not open/create prefs root node Software\JavaSoft\Prefs at root 0xffffffff80000002. Windows RegCreateKeyEx(...) returned error code 5.
2024-07-28 19:11:41,052 [ERROR] LogOutputStream:75 - [STDERR_REDIRECT] 
2024-07-28 19:11:41,510 [INFO] MainUpdater:2873 - connection check result : 10
2024-07-28 19:11:41,510 [INFO] MainUpdater:290 - Updater Check For Update Now.
2024-07-28 19:11:41,511 [INFO] MicroXplorer:498 - Change Database Version : DB.6.0.120
2024-07-28 19:11:41,523 [INFO] McuFinderGlobals:63 - Set McuFinder mode to 2 (CubeIDE integrated)
2024-07-28 19:11:41,529 [INFO] UserAuth:417 - Internet connection configuration mode: 1
2024-07-28 19:11:41,552 [INFO] JxBrowserEngine:152 - Initiate JxBrowser Engine with user profile folder
2024-07-28 19:11:41,705 [INFO] CheckServerUpdateThread:120 - End of CheckServer Thread
2024-07-28 19:11:43,352 [WARN] PackLoader:240 - Cannot read IP mode file for STMicroelectronics.FP-SNS-MOTENVWB1.1.4.0
2024-07-28 19:11:43,367 [WARN] PackLoader:240 - Cannot read IP mode file for STMicroelectronics.X-CUBE-SMBUS.2.1.0
2024-07-28 19:11:43,403 [WARN] PackLoader:240 - Cannot read IP mode file for STMicroelectronics.X-CUBE-AZRTOS-F7.1.1.0
2024-07-28 19:11:43,418 [WARN] PackLoader:240 - Cannot read IP mode file for STMicroelectronics.FP-SNS-FLIGHT1.5.0.2
2024-07-28 19:11:43,439 [WARN] PackLoader:240 - Cannot read IP mode file for STMicroelectronics.X-CUBE-DISPLAY.3.0.0
2024-07-28 19:11:43,500 [WARN] PackLoader:240 - Cannot read IP mode file for STMicroelectronics.X-CUBE-BLE1.7.0.0
2024-07-28 19:11:43,513 [WARN] PackLoader:240 - Cannot read IP mode file for emotas.I-CUBE-CANOPEN.1.3.0
2024-07-28 19:11:43,528 [WARN] PackLoader:240 - Cannot read IP mode file for STMicroelectronics.X-CUBE-BLEMGR.3.1.0
2024-07-28 19:11:43,588 [WARN] PackLoader:240 - Cannot read IP mode file for STMicroelectronics.FP-SNS-SMARTAG2.1.2.0
2024-07-28 19:11:43,715 [INFO] LogOutputStream:77 - [STDOUT_REDIRECT] 1 : Invalid condition id : UX_CORESTACK_Condition cause : null
2024-07-28 19:11:43,715 [INFO] LogOutputStream:77 - [STDOUT_REDIRECT] 1 : Invalid condition id : UX_CORESTACK_Condition cause : null
2024-07-28 19:11:43,716 [INFO] LogOutputStream:77 - [STDOUT_REDIRECT] 1 : Invalid condition id : UX_CORESTACK_Condition cause : null
2024-07-28 19:11:43,716 [INFO] LogOutputStream:77 - [STDOUT_REDIRECT] 1 : Invalid condition id : UX_CORESTACK_Condition cause : null
2024-07-28 19:11:43,717 [INFO] LogOutputStream:77 - [STDOUT_REDIRECT] 1 : Invalid condition id : UX_CORESTACK_Condition cause : null
2024-07-28 19:11:43,719 [WARN] PackLoader:240 - Cannot read IP mode file for STMicroelectronics.X-CUBE-AZRTOS-WL.2.0.0
2024-07-28 19:11:43,731 [WARN] PackLoader:240 - Cannot read IP mode file for STMicroelectronics.FP-SNS-MOTENV1.5.0.0
2024-07-28 19:11:43,741 [WARN] PackLoader:240 - Cannot read IP mode file for wolfSSL.I-CUBE-wolfMQTT.1.19.0
2024-07-28 19:11:43,752 [WARN] PackLoader:240 - Cannot read IP mode file for WES.I-CUBE-Cesium.1.3.0
2024-07-28 19:11:43,762 [WARN] PackLoader:240 - Cannot read IP mode file for STMicroelectronics.X-CUBE-BLE2.3.3.0
2024-07-28 19:11:43,772 [WARN] PackLoader:240 - Cannot read IP mode file for STMicroelectronics.X-CUBE-TCPP.4.1.0
2024-07-28 19:11:43,805 [WARN] PackLoader:240 - Cannot read IP mode file for STMicroelectronics.X-CUBE-AZRTOS-G0.1.1.0
2024-07-28 19:11:43,842 [WARN] PackLoader:240 - Cannot read IP mode file for STMicroelectronics.X-CUBE-SAFEA1.1.2.2
2024-07-28 19:11:43,860 [WARN] PackLoader:240 - Cannot read IP mode file for STMicroelectronics.X-CUBE-NFC4.3.0.0
2024-07-28 19:11:43,883 [WARN] PackLoader:240 - Cannot read IP mode file for EmbeddedOffice.I-CUBE-FS-RTOS.1.0.1
2024-07-28 19:11:43,883 [ERROR] ConditionMgr:805 - Attr not supported : Dmpu
2024-07-28 19:11:43,883 [ERROR] ConditionMgr:805 - Attr not supported : Dmpu
2024-07-28 19:11:43,883 [ERROR] ConditionMgr:805 - Attr not supported : Dmpu
2024-07-28 19:11:43,883 [ERROR] ConditionMgr:805 - Attr not supported : Dmpu
2024-07-28 19:11:43,884 [ERROR] ConditionMgr:805 - Attr not supported : Dmpu
2024-07-28 19:11:43,884 [ERROR] ConditionMgr:805 - Attr not supported : Dmpu
2024-07-28 19:11:43,884 [ERROR] ConditionMgr:805 - Attr not supported : Dmpu
2024-07-28 19:11:43,884 [ERROR] ConditionMgr:805 - Attr not supported : Dmpu
2024-07-28 19:11:43,884 [ERROR] ConditionMgr:805 - Attr not supported : Dmpu
2024-07-28 19:11:43,884 [ERROR] ConditionMgr:805 - Attr not supported : Dmpu
2024-07-28 19:11:43,884 [ERROR] ConditionMgr:805 - Attr not supported : Dmpu
2024-07-28 19:11:43,884 [ERROR] ConditionMgr:805 - Attr not supported : Dmpu
2024-07-28 19:11:43,884 [ERROR] ConditionMgr:805 - Attr not supported : Dmpu
2024-07-28 19:11:43,884 [ERROR] ConditionMgr:805 - Attr not supported : Dmpu
2024-07-28 19:11:43,884 [ERROR] ConditionMgr:805 - Attr not supported : Dmpu
2024-07-28 19:11:43,884 [ERROR] ConditionMgr:805 - Attr not supported : Dmpu
2024-07-28 19:11:43,884 [ERROR] ConditionMgr:805 - Attr not supported : Dmpu
2024-07-28 19:11:43,884 [ERROR] ConditionMgr:805 - Attr not supported : Dmpu
2024-07-28 19:11:43,884 [ERROR] ConditionMgr:805 - Attr not supported : Dmpu
2024-07-28 19:11:43,884 [ERROR] ConditionMgr:805 - Attr not supported : Dmpu
2024-07-28 19:11:43,884 [ERROR] ConditionMgr:805 - Attr not supported : Dmpu
2024-07-28 19:11:43,884 [ERROR] ConditionMgr:805 - Attr not supported : Dmpu
2024-07-28 19:11:43,885 [ERROR] ConditionMgr:805 - Attr not supported : Dmpu
2024-07-28 19:11:43,885 [ERROR] ConditionMgr:805 - Attr not supported : Dmpu
2024-07-28 19:11:43,885 [ERROR] ConditionMgr:805 - Attr not supported : Dmpu
2024-07-28 19:11:43,885 [ERROR] ConditionMgr:805 - Attr not supported : Dmpu
2024-07-28 19:11:43,885 [ERROR] ConditionMgr:805 - Attr not supported : Dmpu
2024-07-28 19:11:43,885 [ERROR] ConditionMgr:805 - Attr not supported : Dmpu
2024-07-28 19:11:43,885 [ERROR] ConditionMgr:805 - Attr not supported : Dmpu
2024-07-28 19:11:43,885 [ERROR] ConditionMgr:805 - Attr not supported : Dmpu
2024-07-28 19:11:43,885 [ERROR] ConditionMgr:805 - Attr not supported : Dmpu
2024-07-28 19:11:43,885 [ERROR] ConditionMgr:805 - Attr not supported : Dmpu
2024-07-28 19:11:43,885 [ERROR] ConditionMgr:805 - Attr not supported : Dmpu
2024-07-28 19:11:43,885 [ERROR] ConditionMgr:805 - Attr not supported : Dmpu
2024-07-28 19:11:43,885 [ERROR] ConditionMgr:805 - Attr not supported : Dmpu
2024-07-28 19:11:43,885 [ERROR] ConditionMgr:805 - Attr not supported : Dmpu
2024-07-28 19:11:43,885 [ERROR] ConditionMgr:805 - Attr not supported : Dmpu
2024-07-28 19:11:43,885 [ERROR] ConditionMgr:805 - Attr not supported : Dmpu
2024-07-28 19:11:43,885 [ERROR] ConditionMgr:805 - Attr not supported : Dmpu
2024-07-28 19:11:43,885 [ERROR] ConditionMgr:805 - Attr not supported : Dmpu
2024-07-28 19:11:43,885 [ERROR] ConditionMgr:805 - Attr not supported : Dmpu
2024-07-28 19:11:43,885 [ERROR] ConditionMgr:805 - Attr not supported : Dmpu
2024-07-28 19:11:43,886 [ERROR] ConditionMgr:805 - Attr not supported : Dmpu
2024-07-28 19:11:43,886 [ERROR] ConditionMgr:805 - Attr not supported : Dmpu
2024-07-28 19:11:43,886 [ERROR] ConditionMgr:805 - Attr not supported : Dmpu
2024-07-28 19:11:43,886 [ERROR] ConditionMgr:805 - Attr not supported : Dmpu
2024-07-28 19:11:43,886 [ERROR] ConditionMgr:805 - Attr not supported : Dmpu
2024-07-28 19:11:43,886 [ERROR] ConditionMgr:805 - Attr not supported : Dmpu
2024-07-28 19:11:43,886 [ERROR] ConditionMgr:805 - Attr not supported : Dmpu
2024-07-28 19:11:43,886 [ERROR] ConditionMgr:805 - Attr not supported : Dmpu
2024-07-28 19:11:43,886 [ERROR] ConditionMgr:805 - Attr not supported : Dmpu
2024-07-28 19:11:43,886 [ERROR] ConditionMgr:805 - Attr not supported : Dmpu
2024-07-28 19:11:43,886 [ERROR] ConditionMgr:805 - Attr not supported : Dmpu
2024-07-28 19:11:43,886 [ERROR] ConditionMgr:805 - Attr not supported : Dmpu
2024-07-28 19:11:43,886 [ERROR] ConditionMgr:805 - Attr not supported : Dmpu
2024-07-28 19:11:43,886 [ERROR] ConditionMgr:805 - Attr not supported : Dmpu
2024-07-28 19:11:43,886 [ERROR] ConditionMgr:805 - Attr not supported : Dmpu
2024-07-28 19:11:43,886 [ERROR] ConditionMgr:805 - Attr not supported : Dmpu
2024-07-28 19:11:43,886 [ERROR] ConditionMgr:805 - Attr not supported : Dmpu
2024-07-28 19:11:43,886 [ERROR] ConditionMgr:805 - Attr not supported : Dmpu
2024-07-28 19:11:43,886 [ERROR] ConditionMgr:805 - Attr not supported : Dmpu
2024-07-28 19:11:43,886 [ERROR] ConditionMgr:805 - Attr not supported : Dmpu
2024-07-28 19:11:43,886 [ERROR] ConditionMgr:805 - Attr not supported : Dmpu
2024-07-28 19:11:43,886 [ERROR] ConditionMgr:805 - Attr not supported : Dmpu
2024-07-28 19:11:43,903 [WARN] PackLoader:240 - Cannot read IP mode file for RealThread.X-CUBE-RT-Thread_Nano.4.1.1
2024-07-28 19:11:43,915 [WARN] PackLoader:240 - Cannot read IP mode file for wolfSSL.I-CUBE-wolfSSL.5.7.0
2024-07-28 19:11:43,928 [WARN] PackLoader:240 - Cannot read IP mode file for STMicroelectronics.FP-ATR-SIGFOX1.3.2.0
2024-07-28 19:11:43,941 [WARN] PackLoader:240 - Cannot read IP mode file for STMicroelectronics.X-CUBE-EEPRMA1.5.1.0
2024-07-28 19:11:43,957 [WARN] PackLoader:240 - Cannot read IP mode file for ITTIA_DB.I-CUBE-ITTIADB.8.9.0
2024-07-28 19:11:43,987 [WARN] PackLoader:240 - Cannot read IP mode file for SEGGER.I-CUBE-embOS.1.3.1
2024-07-28 19:11:44,053 [WARN] PackLoader:240 - Cannot read IP mode file for STMicroelectronics.X-CUBE-ALGOBUILD.1.4.0
2024-07-28 19:11:44,073 [WARN] PackLoader:240 - Cannot read IP mode file for STMicroelectronics.X-CUBE-GNSS1.6.0.0
2024-07-28 19:11:44,082 [INFO] WebApp:167 - Instantiating new browser for Auth
2024-07-28 19:11:44,107 [WARN] PackLoader:240 - Cannot read IP mode file for STMicroelectronics.X-CUBE-AZRTOS-F4.1.1.0
2024-07-28 19:11:44,126 [WARN] PackLoader:240 - Cannot read IP mode file for STMicroelectronics.X-CUBE-FREERTOS.1.2.0
2024-07-28 19:11:44,154 [WARN] PackLoader:240 - Cannot read IP mode file for STMicroelectronics.X-CUBE-AZRTOS-L5.2.0.0
2024-07-28 19:11:44,167 [WARN] PackLoader:240 - Cannot read IP mode file for STMicroelectronics.X-CUBE-NFC6.3.1.0
2024-07-28 19:11:44,179 [WARN] PackLoader:240 - Cannot read IP mode file for STMicroelectronics.X-CUBE-DPower.1.2.0
2024-07-28 19:11:44,191 [WARN] PackLoader:240 - Cannot read IP mode file for STMicroelectronics.X-CUBE-AI.9.0.0
2024-07-28 19:11:44,202 [WARN] PackLoader:240 - Cannot read IP mode file for STMicroelectronics.X-CUBE-NFC7.1.0.1
2024-07-28 19:11:44,218 [WARN] PackLoader:240 - Cannot read IP mode file for wolfSSL.I-CUBE-wolfTPM.3.2.0
2024-07-28 19:11:44,253 [WARN] ConditionMgr:438 - getConditionDescription Invalid condition id : LAN8742 Phy interface Condition cause : null
2024-07-28 19:11:44,254 [WARN] PackLoader:240 - Cannot read IP mode file for STMicroelectronics.X-CUBE-AZRTOS-L4.2.0.0
2024-07-28 19:11:44,255 [WARN] ConditionMgr:1039 - genDependencies : Invalid condition id : LAN8742 Phy interface Condition cause : null
2024-07-28 19:11:44,256 [WARN] ConditionMgr:1039 - genDependencies : Invalid condition id : LAN8742 Phy interface Condition cause : null
2024-07-28 19:11:44,256 [WARN] ConditionMgr:1039 - genDependencies : Invalid condition id : LAN8742 Phy interface Condition cause : null
2024-07-28 19:11:44,275 [WARN] PackLoader:240 - Cannot read IP mode file for STMicroelectronics.X-CUBE-SFXS2LP1.4.0.0
2024-07-28 19:11:44,303 [WARN] ConditionMgr:438 - getConditionDescription Invalid condition id : UX DEVICE CLASS RTOS Condition cause : null
2024-07-28 19:11:44,303 [WARN] ConditionMgr:438 - getConditionDescription Invalid condition id : UX DEVICE CLASS RTOS Condition cause : null
2024-07-28 19:11:44,305 [WARN] PackLoader:240 - Cannot read IP mode file for STMicroelectronics.X-CUBE-AZRTOS-WB.2.0.0
2024-07-28 19:11:44,305 [WARN] ConditionMgr:1039 - genDependencies : Invalid condition id : UX DEVICE CLASS RTOS Condition cause : null
2024-07-28 19:11:44,305 [WARN] ConditionMgr:1039 - genDependencies : Invalid condition id : UX DEVICE CLASS RTOS Condition cause : null
2024-07-28 19:11:44,306 [WARN] ConditionMgr:1039 - genDependencies : Invalid condition id : UX DEVICE CLASS RTOS Condition cause : null
2024-07-28 19:11:44,306 [WARN] ConditionMgr:1039 - genDependencies : Invalid condition id : UX DEVICE CLASS RTOS Condition cause : null
2024-07-28 19:11:44,306 [WARN] ConditionMgr:1039 - genDependencies : Invalid condition id : UX DEVICE CLASS RTOS Condition cause : null
2024-07-28 19:11:44,331 [WARN] PackLoader:240 - Cannot read IP mode file for STMicroelectronics.FP-SNS-STBOX1.2.0.0
2024-07-28 19:11:44,358 [WARN] PackLoader:240 - Cannot read IP mode file for STMicroelectronics.X-CUBE-SUBG2.5.0.0
2024-07-28 19:11:44,374 [WARN] PackLoader:240 - Cannot read IP mode file for Cesanta.I-CUBE-Mongoose.7.13.0
2024-07-28 19:11:44,401 [WARN] PackLoader:240 - Cannot read IP mode file for STMicroelectronics.X-CUBE-AZRTOS-G4.2.0.0
2024-07-28 19:11:44,419 [WARN] PackLoader:240 - Cannot read IP mode file for STMicroelectronics.X-CUBE-ISPU.2.0.0
2024-07-28 19:11:44,436 [WARN] PackLoader:240 - Cannot read IP mode file for STMicroelectronics.X-CUBE-ALS.1.0.2
2024-07-28 19:11:44,480 [WARN] PackLoader:240 - Cannot read IP mode file for STMicroelectronics.X-CUBE-MEMS1.10.0.0
2024-07-28 19:11:44,543 [WARN] PackLoader:240 - Cannot read IP mode file for STMicroelectronics.X-CUBE-TOUCHGFX.4.24.0
2024-07-28 19:11:44,564 [WARN] PackLoader:240 - Cannot read IP mode file for portGmbH.I-Cube-SoM-uGOAL.1.1.0
2024-07-28 19:11:44,589 [WARN] PackLoader:240 - Cannot read IP mode file for STMicroelectronics.X-CUBE-AZRTOS-H7RS.1.0.0
2024-07-28 19:11:44,606 [WARN] PackLoader:240 - Cannot read IP mode file for STMicroelectronics.FP-ATR-ASTRA1.2.0.0
2024-07-28 19:11:44,631 [WARN] PackLoader:240 - Cannot read IP mode file for STMicroelectronics.X-CUBE-TOF1.3.4.1
2024-07-28 19:11:44,667 [WARN] PackLoader:240 - Cannot read IP mode file for STMicroelectronics.X-CUBE-AZRTOS-H7.3.2.0
2024-07-28 19:11:44,688 [WARN] PackLoader:240 - Cannot read IP mode file for Infineon.AIROC-Wi-Fi-Bluetooth-STM32.1.6.0
2024-07-28 19:11:44,702 [WARN] PackLoader:240 - Cannot read IP mode file for wolfSSL.I-CUBE-wolfSSH.1.4.17
2024-07-28 19:11:44,703 [INFO] ThirdParty:978 - Integrity check success = true
2024-07-28 19:11:44,703 [INFO] IntegrityCheckThread:100 - exiting critical section [integrity check]
2024-07-28 19:11:44,703 [INFO] IntegrityCheckThread:103 - End integrity checks thread
2024-07-28 19:11:44,933 [INFO] WebApp:448 - Apply proxy settings
2024-07-28 19:11:44,933 [INFO] WebApp:533 - Chromium requires no authentication
2024-07-28 19:11:44,947 [INFO] WebApp:476 - Direct internet connection detected
2024-07-28 19:11:44,997 [INFO] WebApp:869 - Register for checkConnection events
2024-07-28 19:11:44,997 [INFO] WebApp:448 - Apply proxy settings
2024-07-28 19:11:44,997 [INFO] WebApp:533 - Chromium requires no authentication
2024-07-28 19:11:44,998 [INFO] WebApp:476 - Direct internet connection detected
2024-07-28 19:11:45,190 [INFO] WebApp:220 - Starting web application
2024-07-28 19:11:45,190 [INFO] WebApp:578 - Web application path used C:\ST\STM32CubeIDE_1.15.1\STM32CubeIDE\plugins\com.st.stm32cube.common.mx_6.12.0.202406281431\db\plugins\mcufinder\reactClient1\index.html
2024-07-28 19:11:45,336 [INFO] WebApp:186 - Connection restablished
2024-07-28 19:11:45,353 [INFO] UserAuth:417 - Internet connection configuration mode: 1
2024-07-28 19:56:42,487 [ERROR] LogOutputStream:75 - [STDERR_REDIRECT] 
