2024-08-06 10:28:20,963 [INFO] Activator:176 - 


2024-08-06 10:28:20,969 [INFO] Activator:177 - !SESSION log4j initialized
2024-08-06 10:28:27,288 [INFO] LogOutputStream:77 - [STDOUT_REDIRECT] 
2024-08-06 10:28:31,480 [INFO] ApplicationProperties:184 - Using Application install path: C:\ST\STM32CubeIDE_1.15.1\STM32CubeIDE\plugins\com.st.stm32cube.common.mx_6.12.0.202406281431
2024-08-06 10:28:31,495 [INFO] DbMcusXml:78 - Set database path to: C:\ST\STM32CubeIDE_1.15.1\STM32CubeIDE\plugins\com.st.stm32cube.common.mx_6.12.0.202406281431\\db\/mcu/
2024-08-06 10:28:31,496 [INFO] ApiDb:274 - Set plugin database path to: C:\ST\STM32CubeIDE_1.15.1\STM32CubeIDE\plugins\com.st.stm32cube.common.mx_6.12.0.202406281431\\db\/plugins/boardmanager/
2024-08-06 10:28:31,496 [WARN] ApiDb:259 - Overriding images path with different value:  => C:\ST\STM32CubeIDE_1.15.1\STM32CubeIDE\plugins\com.st.stm32cube.common.mx_6.12.0.202406281431\\db\/plugins/mcufinder/images/
2024-08-06 10:28:31,504 [INFO] ApiDb:250 - Set database path to: C:\Users\doria\.stmcufinder\plugins\mcufinder//mcu/
2024-08-06 10:28:31,505 [INFO] DbMcusAds:125 - Set database path to: C:\Users\doria\.stmcufinder\plugins\mcufinder//mcu/
2024-08-06 10:28:31,507 [INFO] CrossReferenceDbSqlite:203 - Set database path to: C:\Users\doria\.stmcufinder\plugins\mcufinder//mcu/cs/
2024-08-06 10:28:31,598 [INFO] RulesReader:64 - Compatibility file has been processed (297 Rules)
2024-08-06 10:28:31,659 [INFO] DbMcusXml:78 - Set database path to: C:\ST\STM32CubeIDE_1.15.1\STM32CubeIDE\plugins\com.st.stm32cube.common.mx_6.12.0.202406281431\\db\/mcu/
2024-08-06 10:28:31,659 [INFO] ApiDb:274 - Set plugin database path to: C:\ST\STM32CubeIDE_1.15.1\STM32CubeIDE\plugins\com.st.stm32cube.common.mx_6.12.0.202406281431\\db\/plugins/boardmanager/
2024-08-06 10:28:31,659 [INFO] ApiDb:261 - Set plugin images path to: C:\ST\STM32CubeIDE_1.15.1\STM32CubeIDE\plugins\com.st.stm32cube.common.mx_6.12.0.202406281431\\db\/plugins/mcufinder/images/
2024-08-06 10:28:31,659 [WARN] DbFile:41 - Overriding database path with different value: C:\Users\doria\.stmcufinder\plugins\mcufinder/ => C:\Users\doria\.stmcufinder\plugins\mcufinder
2024-08-06 10:28:31,659 [INFO] ApiDb:250 - Set database path to: C:\Users\doria\.stmcufinder\plugins\mcufinder//mcu/
2024-08-06 10:28:31,659 [WARN] DbFile:41 - Overriding database path with different value: C:\Users\doria\.stmcufinder\plugins\mcufinder/ => C:\Users\doria\.stmcufinder\plugins\mcufinder
2024-08-06 10:28:31,659 [INFO] DbMcusAds:125 - Set database path to: C:\Users\doria\.stmcufinder\plugins\mcufinder//mcu/
2024-08-06 10:28:31,659 [WARN] DbFile:41 - Overriding database path with different value: C:\Users\doria\.stmcufinder\plugins\mcufinder/ => C:\Users\doria\.stmcufinder\plugins\mcufinder
2024-08-06 10:28:31,659 [WARN] DbFile:41 - Overriding database path with different value: C:\Users\doria\.stmcufinder\plugins\mcufinder/ => C:\Users\doria\.stmcufinder\plugins\mcufinder
2024-08-06 10:28:31,660 [INFO] CrossReferenceDbSqlite:203 - Set database path to: C:\Users\doria\.stmcufinder\plugins\mcufinder//mcu/cs/
2024-08-06 10:28:31,721 [INFO] MainPanel:268 - HeapMemory: 268435456
2024-08-06 10:28:31,808 [INFO] DbMcusXml:78 - Set database path to: C:\ST\STM32CubeIDE_1.15.1\STM32CubeIDE\plugins\com.st.stm32cube.common.mx_6.12.0.202406281431\\db\/mcu/
2024-08-06 10:28:31,809 [INFO] ApiDb:274 - Set plugin database path to: C:\ST\STM32CubeIDE_1.15.1\STM32CubeIDE\plugins\com.st.stm32cube.common.mx_6.12.0.202406281431\\db\/plugins/boardmanager/
2024-08-06 10:28:31,809 [INFO] ApiDb:261 - Set plugin images path to: C:\ST\STM32CubeIDE_1.15.1\STM32CubeIDE\plugins\com.st.stm32cube.common.mx_6.12.0.202406281431\\db\/plugins/mcufinder/images/
2024-08-06 10:28:31,809 [WARN] DbFile:41 - Overriding database path with different value: C:\Users\doria\.stmcufinder\plugins\mcufinder/ => C:\Users\doria\.stmcufinder\plugins\mcufinder
2024-08-06 10:28:31,809 [INFO] ApiDb:250 - Set database path to: C:\Users\doria\.stmcufinder\plugins\mcufinder//mcu/
2024-08-06 10:28:31,809 [WARN] DbFile:41 - Overriding database path with different value: C:\Users\doria\.stmcufinder\plugins\mcufinder/ => C:\Users\doria\.stmcufinder\plugins\mcufinder
2024-08-06 10:28:31,809 [INFO] DbMcusAds:125 - Set database path to: C:\Users\doria\.stmcufinder\plugins\mcufinder//mcu/
2024-08-06 10:28:31,809 [WARN] DbFile:41 - Overriding database path with different value: C:\Users\doria\.stmcufinder\plugins\mcufinder/ => C:\Users\doria\.stmcufinder\plugins\mcufinder
2024-08-06 10:28:31,809 [WARN] DbFile:41 - Overriding database path with different value: C:\Users\doria\.stmcufinder\plugins\mcufinder/ => C:\Users\doria\.stmcufinder\plugins\mcufinder
2024-08-06 10:28:31,809 [INFO] CrossReferenceDbSqlite:203 - Set database path to: C:\Users\doria\.stmcufinder\plugins\mcufinder//mcu/cs/
2024-08-06 10:28:31,823 [INFO] ApplicationProperties:184 - Using Application install path: C:\ST\STM32CubeIDE_1.15.1\STM32CubeIDE\plugins\com.st.stm32cube.common.mx_6.12.0.202406281431
2024-08-06 10:28:31,824 [INFO] PluginManage:196 - Search for loadable plugins [exclusion list=, ]
2024-08-06 10:28:31,824 [INFO] PluginManage:310 - Check plugin analytics
2024-08-06 10:28:31,944 [INFO] AnalyticsPlugin:253 - Accepted Software Licenses: 
2024-08-06 10:28:31,944 [INFO] AnalyticsPlugin:255 - Accepted CMSIS Pack Licenses: 
2024-08-06 10:28:31,944 [INFO] AnalyticsPlugin:257 - Accepted Firmware Licenses: FW.L4.1.18.0
2024-08-06 10:28:31,946 [INFO] PluginManage:359 - Loaded plugin analytics (category:tool,tabindex:-1)
2024-08-06 10:28:31,946 [INFO] PluginManage:310 - Check plugin cadmodel
2024-08-06 10:28:31,961 [INFO] CADModel:105 - Init CAD model plugin
2024-08-06 10:28:31,961 [INFO] PluginManage:359 - Loaded plugin cadmodel (category:power,tabindex:5)
2024-08-06 10:28:31,961 [INFO] PluginManage:310 - Check plugin clock
2024-08-06 10:28:31,978 [INFO] PluginManage:359 - Loaded plugin clock (category:base,tabindex:2)
2024-08-06 10:28:31,978 [INFO] PluginManage:310 - Check plugin ddr
2024-08-06 10:28:31,980 [INFO] PluginManage:359 - Loaded plugin ddr (category:tool,tabindex:6)
2024-08-06 10:28:31,980 [INFO] PluginManage:310 - Check plugin filemanager
2024-08-06 10:28:32,132 [INFO] PluginManage:359 - Loaded plugin filemanager (category:base,tabindex:10)
2024-08-06 10:28:32,132 [INFO] PluginManage:310 - Check plugin ipmanager
2024-08-06 10:28:32,137 [INFO] PluginManage:359 - Loaded plugin ipmanager (category:base,tabindex:5)
2024-08-06 10:28:32,137 [INFO] PluginManage:310 - Check plugin lpbam
2024-08-06 10:28:32,153 [INFO] PluginManage:359 - Loaded plugin lpbam (category:base,tabindex:0)
2024-08-06 10:28:32,153 [INFO] PluginManage:310 - Check plugin memorymap
2024-08-06 10:28:32,174 [INFO] PluginManage:359 - Loaded plugin memorymap (category:base,tabindex:4)
2024-08-06 10:28:32,174 [INFO] PluginManage:310 - Check plugin pinoutandconfiguration
2024-08-06 10:28:32,187 [INFO] PluginManage:359 - Loaded plugin pinoutandconfiguration (category:base,tabindex:1)
2024-08-06 10:28:32,187 [INFO] PluginManage:310 - Check plugin pinoutconfig
2024-08-06 10:28:32,268 [WARN] SupportedApi:132 - Cannot load RTOS API schema: s4s-elt-must-match.1: The content of 'definitions' must match (annotation?, (simpleType | complexType)?, (unique | key | keyref)*)). A problem was found starting at: attribute.
2024-08-06 10:28:32,381 [INFO] PluginManage:359 - Loaded plugin pinoutconfig (category:base,tabindex:0)
2024-08-06 10:28:32,381 [INFO] PluginManage:310 - Check plugin power
2024-08-06 10:28:32,400 [INFO] PluginManage:359 - Loaded plugin power (category:power,tabindex:4)
2024-08-06 10:28:32,400 [INFO] PluginManage:310 - Check plugin projectmanager
2024-08-06 10:28:32,414 [INFO] PluginManage:359 - Loaded plugin projectmanager (category:projectmanager,tabindex:4)
2024-08-06 10:28:32,414 [INFO] PluginManage:310 - Check plugin rif
2024-08-06 10:28:32,428 [INFO] PluginManage:359 - Loaded plugin rif (category:base,tabindex:3)
2024-08-06 10:28:32,428 [INFO] PluginManage:310 - Check plugin thirdparty
2024-08-06 10:28:32,666 [INFO] PluginManage:359 - Loaded plugin thirdparty (category:base,tabindex:-1)
2024-08-06 10:28:32,666 [WARN] IntegrityCheckThread:84 - waiting for thirdparty lock release [integrity check]
2024-08-06 10:28:32,666 [INFO] IntegrityCheckThread:86 - entering critical section [integrity check]
2024-08-06 10:28:32,666 [INFO] PluginManage:310 - Check plugin tools
2024-08-06 10:28:32,666 [INFO] ThirdPartyUpdaterWithRetryManager:70 - Updater plugin not ready yet. [1/15]
2024-08-06 10:28:32,699 [INFO] PluginManage:359 - Loaded plugin tools (category:base,tabindex:7)
2024-08-06 10:28:32,700 [INFO] PluginManage:310 - Check plugin tutovideos
2024-08-06 10:28:32,879 [INFO] PluginManage:359 - Loaded plugin tutovideos (category:base,tabindex:-1)
2024-08-06 10:28:32,879 [INFO] PluginManage:310 - Check plugin updater
2024-08-06 10:28:32,893 [INFO] PluginManage:359 - Loaded plugin updater (category:base,tabindex:12)
2024-08-06 10:28:32,894 [INFO] PluginManage:310 - Check plugin userauth
2024-08-06 10:28:32,899 [INFO] UserAuth:113 - Init User Auth plugin
2024-08-06 10:28:32,899 [INFO] PluginManage:359 - Loaded plugin userauth (category:base,tabindex:14)
2024-08-06 10:28:32,900 [INFO] PluginManage:283 - PluginManage : Loaded plugins [18]
2024-08-06 10:28:33,076 [INFO] PinOutPanel:1561 - setPackage(No Configuration,No Configuration)
2024-08-06 10:28:33,146 [INFO] CADModel:165 - CPN selected for project level
2024-08-06 10:28:33,146 [INFO] CADModel:114 - Register for checkConnection events
2024-08-06 10:28:33,171 [INFO] IPUIPlugin:80 - create IPUIPlugin
2024-08-06 10:28:33,171 [INFO] PluginManager:220 - loadIPPluginJar : add adc
2024-08-06 10:28:33,208 [INFO] IPUIPlugin:80 - create IPUIPlugin
2024-08-06 10:28:33,208 [INFO] PluginManager:220 - loadIPPluginJar : add aes
2024-08-06 10:28:33,246 [INFO] IPUIPlugin:80 - create IPUIPlugin
2024-08-06 10:28:33,247 [INFO] PluginManager:220 - loadIPPluginJar : add can
2024-08-06 10:28:33,270 [INFO] IPUIPlugin:80 - create IPUIPlugin
2024-08-06 10:28:33,270 [INFO] PluginManager:220 - loadIPPluginJar : add comp
2024-08-06 10:28:33,301 [INFO] IPUIPlugin:80 - create IPUIPlugin
2024-08-06 10:28:33,302 [INFO] PluginManager:220 - loadIPPluginJar : add cryp
2024-08-06 10:28:33,312 [INFO] IPUIPlugin:80 - create IPUIPlugin
2024-08-06 10:28:33,312 [INFO] PluginManager:220 - loadIPPluginJar : add ddr_ctrl_phy
2024-08-06 10:28:33,343 [INFO] IPUIPlugin:80 - create IPUIPlugin
2024-08-06 10:28:33,344 [INFO] PluginManager:220 - loadIPPluginJar : add dfsdm
2024-08-06 10:28:33,356 [INFO] IPUIPlugin:80 - create IPUIPlugin
2024-08-06 10:28:33,356 [INFO] PluginManager:220 - loadIPPluginJar : add dma
2024-08-06 10:28:33,399 [INFO] IPUIPlugin:80 - create IPUIPlugin
2024-08-06 10:28:33,399 [INFO] PluginManager:220 - loadIPPluginJar : add dma3
2024-08-06 10:28:33,442 [INFO] IPUIPlugin:80 - create IPUIPlugin
2024-08-06 10:28:33,442 [INFO] PluginManager:220 - loadIPPluginJar : add extmemmanager
2024-08-06 10:28:33,461 [INFO] IPUIPlugin:80 - create IPUIPlugin
2024-08-06 10:28:33,462 [INFO] PluginManager:220 - loadIPPluginJar : add fatfs
2024-08-06 10:28:33,505 [INFO] IPUIPlugin:80 - create IPUIPlugin
2024-08-06 10:28:33,506 [INFO] PluginManager:220 - loadIPPluginJar : add fmc
2024-08-06 10:28:33,518 [INFO] IPUIPlugin:80 - create IPUIPlugin
2024-08-06 10:28:33,518 [INFO] PluginManager:220 - loadIPPluginJar : add freertos
2024-08-06 10:28:33,540 [INFO] IPUIPlugin:80 - create IPUIPlugin
2024-08-06 10:28:33,540 [INFO] PluginManager:220 - loadIPPluginJar : add genericplugin
2024-08-06 10:28:33,637 [INFO] IPUIPlugin:80 - create IPUIPlugin
2024-08-06 10:28:33,637 [INFO] PluginManager:220 - loadIPPluginJar : add gfxmmu
2024-08-06 10:28:33,755 [INFO] IPUIPlugin:80 - create IPUIPlugin
2024-08-06 10:28:33,755 [INFO] PluginManager:220 - loadIPPluginJar : add gic
2024-08-06 10:28:33,777 [INFO] IPUIPlugin:80 - create IPUIPlugin
2024-08-06 10:28:33,778 [INFO] PluginManager:220 - loadIPPluginJar : add gpio
2024-08-06 10:28:33,896 [INFO] IPUIPlugin:80 - create IPUIPlugin
2024-08-06 10:28:33,896 [INFO] PluginManager:220 - loadIPPluginJar : add gtzc
2024-08-06 10:28:33,936 [INFO] IPUIPlugin:80 - create IPUIPlugin
2024-08-06 10:28:33,936 [INFO] PluginManager:220 - loadIPPluginJar : add hash
2024-08-06 10:28:33,981 [INFO] IPUIPlugin:80 - create IPUIPlugin
2024-08-06 10:28:33,981 [INFO] PluginManager:220 - loadIPPluginJar : add i2c
2024-08-06 10:28:34,026 [INFO] IPUIPlugin:80 - create IPUIPlugin
2024-08-06 10:28:34,026 [INFO] PluginManager:220 - loadIPPluginJar : add i2s
2024-08-06 10:28:34,059 [INFO] IPUIPlugin:80 - create IPUIPlugin
2024-08-06 10:28:34,059 [INFO] PluginManager:220 - loadIPPluginJar : add i3c
2024-08-06 10:28:34,161 [INFO] IPUIPlugin:80 - create IPUIPlugin
2024-08-06 10:28:34,161 [INFO] PluginManager:220 - loadIPPluginJar : add ipddr
2024-08-06 10:28:34,244 [INFO] IPUIPlugin:80 - create IPUIPlugin
2024-08-06 10:28:34,244 [INFO] PluginManager:220 - loadIPPluginJar : add linkedlist
2024-08-06 10:28:34,282 [INFO] IPUIPlugin:80 - create IPUIPlugin
2024-08-06 10:28:34,282 [INFO] PluginManager:220 - loadIPPluginJar : add lorawan
2024-08-06 10:28:34,319 [INFO] IPUIPlugin:80 - create IPUIPlugin
2024-08-06 10:28:34,319 [INFO] PluginManager:220 - loadIPPluginJar : add ltdc
2024-08-06 10:28:34,331 [INFO] IPUIPlugin:80 - create IPUIPlugin
2024-08-06 10:28:34,331 [INFO] PluginManager:220 - loadIPPluginJar : add mdma
2024-08-06 10:28:34,341 [INFO] IPUIPlugin:80 - create IPUIPlugin
2024-08-06 10:28:34,341 [INFO] PluginManager:220 - loadIPPluginJar : add nvic
2024-08-06 10:28:34,371 [INFO] IPUIPlugin:80 - create IPUIPlugin
2024-08-06 10:28:34,371 [INFO] PluginManager:220 - loadIPPluginJar : add opamp
2024-08-06 10:28:34,430 [INFO] IPUIPlugin:80 - create IPUIPlugin
2024-08-06 10:28:34,430 [INFO] PluginManager:220 - loadIPPluginJar : add openamp
2024-08-06 10:28:34,470 [INFO] IPUIPlugin:80 - create IPUIPlugin
2024-08-06 10:28:34,470 [INFO] PluginManager:220 - loadIPPluginJar : add pdm2pcm
2024-08-06 10:28:34,483 [INFO] IPUIPlugin:80 - create IPUIPlugin
2024-08-06 10:28:34,484 [INFO] PluginManager:220 - loadIPPluginJar : add plateformsettings
2024-08-06 10:28:34,506 [INFO] IPUIPlugin:80 - create IPUIPlugin
2024-08-06 10:28:34,506 [INFO] PluginManager:220 - loadIPPluginJar : add quadspi
2024-08-06 10:28:34,527 [INFO] IPUIPlugin:80 - create IPUIPlugin
2024-08-06 10:28:34,527 [INFO] PluginManager:220 - loadIPPluginJar : add radio
2024-08-06 10:28:34,540 [INFO] IPUIPlugin:80 - create IPUIPlugin
2024-08-06 10:28:34,540 [INFO] PluginManager:220 - loadIPPluginJar : add resmgrutility
2024-08-06 10:28:34,578 [INFO] IPUIPlugin:80 - create IPUIPlugin
2024-08-06 10:28:34,579 [INFO] PluginManager:220 - loadIPPluginJar : add sai
2024-08-06 10:28:34,611 [INFO] IPUIPlugin:80 - create IPUIPlugin
2024-08-06 10:28:34,611 [INFO] PluginManager:220 - loadIPPluginJar : add spi
2024-08-06 10:28:34,667 [INFO] IPUIPlugin:80 - create IPUIPlugin
2024-08-06 10:28:34,667 [INFO] PluginManager:220 - loadIPPluginJar : add stm32_wpan
2024-08-06 10:28:34,700 [INFO] IPUIPlugin:80 - create IPUIPlugin
2024-08-06 10:28:34,700 [INFO] PluginManager:220 - loadIPPluginJar : add tim
2024-08-06 10:28:34,757 [INFO] IPUIPlugin:80 - create IPUIPlugin
2024-08-06 10:28:34,757 [INFO] PluginManager:220 - loadIPPluginJar : add touchsensing
2024-08-06 10:28:34,778 [INFO] IPUIPlugin:80 - create IPUIPlugin
2024-08-06 10:28:34,778 [INFO] PluginManager:220 - loadIPPluginJar : add tracer_emb
2024-08-06 10:28:34,810 [INFO] IPUIPlugin:80 - create IPUIPlugin
2024-08-06 10:28:34,810 [INFO] PluginManager:220 - loadIPPluginJar : add ts
2024-08-06 10:28:34,829 [INFO] IPUIPlugin:80 - create IPUIPlugin
2024-08-06 10:28:34,829 [INFO] PluginManager:220 - loadIPPluginJar : add tsc
2024-08-06 10:28:34,862 [INFO] IPUIPlugin:80 - create IPUIPlugin
2024-08-06 10:28:34,862 [INFO] PluginManager:220 - loadIPPluginJar : add ucpd
2024-08-06 10:28:34,905 [INFO] IPUIPlugin:80 - create IPUIPlugin
2024-08-06 10:28:34,906 [INFO] PluginManager:220 - loadIPPluginJar : add usart
2024-08-06 10:28:34,945 [INFO] IPUIPlugin:80 - create IPUIPlugin
2024-08-06 10:28:34,945 [INFO] PluginManager:220 - loadIPPluginJar : add usbx
2024-08-06 10:28:35,054 [INFO] CADModel:165 - CPN selected for project level
2024-08-06 10:28:35,054 [INFO] CADModel:114 - Register for checkConnection events
2024-08-06 10:28:35,054 [FATAL] Updater:334 - Updater called before beeing initialized
2024-08-06 10:28:35,054 [ERROR] CADModel:125 - Updater not yet initialized, retry later 
2024-08-06 10:28:35,158 [INFO] CADModel:165 - CPN selected for project level
2024-08-06 10:28:35,158 [INFO] CADModel:114 - Register for checkConnection events
2024-08-06 10:28:35,158 [FATAL] Updater:334 - Updater called before beeing initialized
2024-08-06 10:28:35,158 [ERROR] CADModel:125 - Updater not yet initialized, retry later 
2024-08-06 10:28:35,162 [FATAL] Updater:334 - Updater called before beeing initialized
2024-08-06 10:28:35,259 [FATAL] Updater:334 - Updater called before beeing initialized
2024-08-06 10:28:35,269 [INFO] DbMcusAds:53 - JSON generation date=Thu May 16 11:22:00 CEST 2024 (1715851320667)
2024-08-06 10:28:35,270 [FATAL] Updater:334 - Updater called before beeing initialized
2024-08-06 10:28:35,304 [WARN] DetailPanel:346 - Failed to get advertising image, set to default
2024-08-06 10:28:35,377 [FATAL] Updater:334 - Updater called before beeing initialized
2024-08-06 10:28:35,379 [FATAL] Updater:334 - Updater called before beeing initialized
2024-08-06 10:28:35,379 [FATAL] Updater:334 - Updater called before beeing initialized
2024-08-06 10:28:35,379 [WARN] DetailPanel:346 - Failed to get advertising image, set to default
2024-08-06 10:28:35,380 [FATAL] Updater:334 - Updater called before beeing initialized
2024-08-06 10:28:35,450 [ERROR] Updater:1164 - MainUpdater not yet initialized. External WinMGr cannot be set.
2024-08-06 10:28:35,459 [INFO] Updater:1100 - Updater Version found : 6.12.0
2024-08-06 10:28:35,475 [INFO] ApplicationProperties:184 - Using Application install path: C:\ST\STM32CubeIDE_1.15.1\STM32CubeIDE\plugins\com.st.stm32cube.common.mx_6.12.0.202406281431
2024-08-06 10:28:35,681 [INFO] ThirdPartyUpdaterWithRetryManager:70 - Updater plugin not ready yet. [2/15]
2024-08-06 10:28:37,090 [ERROR] LogOutputStream:75 - [STDERR_REDIRECT] Aug 06, 2024 10:28:37 AM java.util.prefs.WindowsPreferences <init>
2024-08-06 10:28:37,094 [ERROR] LogOutputStream:75 - [STDERR_REDIRECT] WARNING: Could not open/create prefs root node Software\JavaSoft\Prefs at root 0xffffffff80000002. Windows RegCreateKeyEx(...) returned error code 5.
2024-08-06 10:28:37,095 [ERROR] LogOutputStream:75 - [STDERR_REDIRECT] 
2024-08-06 10:28:37,653 [INFO] MainUpdater:2873 - connection check result : 10
2024-08-06 10:28:37,654 [INFO] MainUpdater:290 - Updater Check For Update Now.
2024-08-06 10:28:37,654 [INFO] MicroXplorer:498 - Change Database Version : DB.6.0.120
2024-08-06 10:28:37,670 [INFO] McuFinderGlobals:63 - Set McuFinder mode to 2 (CubeIDE integrated)
2024-08-06 10:28:37,676 [INFO] UserAuth:417 - Internet connection configuration mode: 1
2024-08-06 10:28:37,701 [INFO] JxBrowserEngine:152 - Initiate JxBrowser Engine with user profile folder
2024-08-06 10:28:37,855 [INFO] CheckServerUpdateThread:120 - End of CheckServer Thread
2024-08-06 10:28:38,866 [WARN] PackLoader:240 - Cannot read IP mode file for STMicroelectronics.FP-SNS-MOTENVWB1.1.4.0
2024-08-06 10:28:38,885 [WARN] PackLoader:240 - Cannot read IP mode file for STMicroelectronics.X-CUBE-SMBUS.2.1.0
2024-08-06 10:28:38,928 [WARN] PackLoader:240 - Cannot read IP mode file for STMicroelectronics.X-CUBE-AZRTOS-F7.1.1.0
2024-08-06 10:28:38,943 [WARN] PackLoader:240 - Cannot read IP mode file for STMicroelectronics.FP-SNS-FLIGHT1.5.0.2
2024-08-06 10:28:38,959 [WARN] PackLoader:240 - Cannot read IP mode file for STMicroelectronics.X-CUBE-DISPLAY.3.0.0
2024-08-06 10:28:38,977 [WARN] PackLoader:240 - Cannot read IP mode file for STMicroelectronics.X-CUBE-BLE1.7.0.0
2024-08-06 10:28:38,989 [WARN] PackLoader:240 - Cannot read IP mode file for emotas.I-CUBE-CANOPEN.1.3.0
2024-08-06 10:28:39,006 [WARN] PackLoader:240 - Cannot read IP mode file for STMicroelectronics.X-CUBE-BLEMGR.3.1.0
2024-08-06 10:28:39,022 [WARN] PackLoader:240 - Cannot read IP mode file for STMicroelectronics.FP-SNS-SMARTAG2.1.2.0
2024-08-06 10:28:39,043 [INFO] LogOutputStream:77 - [STDOUT_REDIRECT] 1 : Invalid condition id : UX_CORESTACK_Condition cause : null
2024-08-06 10:28:39,043 [INFO] LogOutputStream:77 - [STDOUT_REDIRECT] 1 : Invalid condition id : UX_CORESTACK_Condition cause : null
2024-08-06 10:28:39,044 [INFO] LogOutputStream:77 - [STDOUT_REDIRECT] 1 : Invalid condition id : UX_CORESTACK_Condition cause : null
2024-08-06 10:28:39,045 [INFO] LogOutputStream:77 - [STDOUT_REDIRECT] 1 : Invalid condition id : UX_CORESTACK_Condition cause : null
2024-08-06 10:28:39,045 [INFO] LogOutputStream:77 - [STDOUT_REDIRECT] 1 : Invalid condition id : UX_CORESTACK_Condition cause : null
2024-08-06 10:28:39,048 [WARN] PackLoader:240 - Cannot read IP mode file for STMicroelectronics.X-CUBE-AZRTOS-WL.2.0.0
2024-08-06 10:28:39,060 [WARN] PackLoader:240 - Cannot read IP mode file for STMicroelectronics.FP-SNS-MOTENV1.5.0.0
2024-08-06 10:28:39,071 [WARN] PackLoader:240 - Cannot read IP mode file for wolfSSL.I-CUBE-wolfMQTT.1.19.0
2024-08-06 10:28:39,086 [WARN] PackLoader:240 - Cannot read IP mode file for WES.I-CUBE-Cesium.1.3.0
2024-08-06 10:28:39,099 [WARN] PackLoader:240 - Cannot read IP mode file for STMicroelectronics.X-CUBE-BLE2.3.3.0
2024-08-06 10:28:39,111 [WARN] PackLoader:240 - Cannot read IP mode file for STMicroelectronics.X-CUBE-TCPP.4.1.0
2024-08-06 10:28:39,137 [WARN] PackLoader:240 - Cannot read IP mode file for STMicroelectronics.X-CUBE-AZRTOS-G0.1.1.0
2024-08-06 10:28:39,156 [WARN] PackLoader:240 - Cannot read IP mode file for STMicroelectronics.X-CUBE-SAFEA1.1.2.2
2024-08-06 10:28:39,171 [WARN] PackLoader:240 - Cannot read IP mode file for STMicroelectronics.X-CUBE-NFC4.3.0.0
2024-08-06 10:28:39,193 [WARN] PackLoader:240 - Cannot read IP mode file for EmbeddedOffice.I-CUBE-FS-RTOS.1.0.1
2024-08-06 10:28:39,193 [ERROR] ConditionMgr:805 - Attr not supported : Dmpu
2024-08-06 10:28:39,193 [ERROR] ConditionMgr:805 - Attr not supported : Dmpu
2024-08-06 10:28:39,194 [ERROR] ConditionMgr:805 - Attr not supported : Dmpu
2024-08-06 10:28:39,194 [ERROR] ConditionMgr:805 - Attr not supported : Dmpu
2024-08-06 10:28:39,194 [ERROR] ConditionMgr:805 - Attr not supported : Dmpu
2024-08-06 10:28:39,194 [ERROR] ConditionMgr:805 - Attr not supported : Dmpu
2024-08-06 10:28:39,194 [ERROR] ConditionMgr:805 - Attr not supported : Dmpu
2024-08-06 10:28:39,194 [ERROR] ConditionMgr:805 - Attr not supported : Dmpu
2024-08-06 10:28:39,194 [ERROR] ConditionMgr:805 - Attr not supported : Dmpu
2024-08-06 10:28:39,194 [ERROR] ConditionMgr:805 - Attr not supported : Dmpu
2024-08-06 10:28:39,194 [ERROR] ConditionMgr:805 - Attr not supported : Dmpu
2024-08-06 10:28:39,194 [ERROR] ConditionMgr:805 - Attr not supported : Dmpu
2024-08-06 10:28:39,194 [ERROR] ConditionMgr:805 - Attr not supported : Dmpu
2024-08-06 10:28:39,194 [ERROR] ConditionMgr:805 - Attr not supported : Dmpu
2024-08-06 10:28:39,194 [ERROR] ConditionMgr:805 - Attr not supported : Dmpu
2024-08-06 10:28:39,194 [ERROR] ConditionMgr:805 - Attr not supported : Dmpu
2024-08-06 10:28:39,194 [ERROR] ConditionMgr:805 - Attr not supported : Dmpu
2024-08-06 10:28:39,194 [ERROR] ConditionMgr:805 - Attr not supported : Dmpu
2024-08-06 10:28:39,194 [ERROR] ConditionMgr:805 - Attr not supported : Dmpu
2024-08-06 10:28:39,194 [ERROR] ConditionMgr:805 - Attr not supported : Dmpu
2024-08-06 10:28:39,194 [ERROR] ConditionMgr:805 - Attr not supported : Dmpu
2024-08-06 10:28:39,194 [ERROR] ConditionMgr:805 - Attr not supported : Dmpu
2024-08-06 10:28:39,194 [ERROR] ConditionMgr:805 - Attr not supported : Dmpu
2024-08-06 10:28:39,194 [ERROR] ConditionMgr:805 - Attr not supported : Dmpu
2024-08-06 10:28:39,194 [ERROR] ConditionMgr:805 - Attr not supported : Dmpu
2024-08-06 10:28:39,194 [ERROR] ConditionMgr:805 - Attr not supported : Dmpu
2024-08-06 10:28:39,194 [ERROR] ConditionMgr:805 - Attr not supported : Dmpu
2024-08-06 10:28:39,194 [ERROR] ConditionMgr:805 - Attr not supported : Dmpu
2024-08-06 10:28:39,194 [ERROR] ConditionMgr:805 - Attr not supported : Dmpu
2024-08-06 10:28:39,195 [ERROR] ConditionMgr:805 - Attr not supported : Dmpu
2024-08-06 10:28:39,195 [ERROR] ConditionMgr:805 - Attr not supported : Dmpu
2024-08-06 10:28:39,195 [ERROR] ConditionMgr:805 - Attr not supported : Dmpu
2024-08-06 10:28:39,195 [ERROR] ConditionMgr:805 - Attr not supported : Dmpu
2024-08-06 10:28:39,195 [ERROR] ConditionMgr:805 - Attr not supported : Dmpu
2024-08-06 10:28:39,195 [ERROR] ConditionMgr:805 - Attr not supported : Dmpu
2024-08-06 10:28:39,195 [ERROR] ConditionMgr:805 - Attr not supported : Dmpu
2024-08-06 10:28:39,195 [ERROR] ConditionMgr:805 - Attr not supported : Dmpu
2024-08-06 10:28:39,195 [ERROR] ConditionMgr:805 - Attr not supported : Dmpu
2024-08-06 10:28:39,195 [ERROR] ConditionMgr:805 - Attr not supported : Dmpu
2024-08-06 10:28:39,195 [ERROR] ConditionMgr:805 - Attr not supported : Dmpu
2024-08-06 10:28:39,195 [ERROR] ConditionMgr:805 - Attr not supported : Dmpu
2024-08-06 10:28:39,195 [ERROR] ConditionMgr:805 - Attr not supported : Dmpu
2024-08-06 10:28:39,195 [ERROR] ConditionMgr:805 - Attr not supported : Dmpu
2024-08-06 10:28:39,195 [ERROR] ConditionMgr:805 - Attr not supported : Dmpu
2024-08-06 10:28:39,195 [ERROR] ConditionMgr:805 - Attr not supported : Dmpu
2024-08-06 10:28:39,195 [ERROR] ConditionMgr:805 - Attr not supported : Dmpu
2024-08-06 10:28:39,195 [ERROR] ConditionMgr:805 - Attr not supported : Dmpu
2024-08-06 10:28:39,195 [ERROR] ConditionMgr:805 - Attr not supported : Dmpu
2024-08-06 10:28:39,195 [ERROR] ConditionMgr:805 - Attr not supported : Dmpu
2024-08-06 10:28:39,195 [ERROR] ConditionMgr:805 - Attr not supported : Dmpu
2024-08-06 10:28:39,196 [ERROR] ConditionMgr:805 - Attr not supported : Dmpu
2024-08-06 10:28:39,196 [ERROR] ConditionMgr:805 - Attr not supported : Dmpu
2024-08-06 10:28:39,196 [ERROR] ConditionMgr:805 - Attr not supported : Dmpu
2024-08-06 10:28:39,196 [ERROR] ConditionMgr:805 - Attr not supported : Dmpu
2024-08-06 10:28:39,196 [ERROR] ConditionMgr:805 - Attr not supported : Dmpu
2024-08-06 10:28:39,196 [ERROR] ConditionMgr:805 - Attr not supported : Dmpu
2024-08-06 10:28:39,196 [ERROR] ConditionMgr:805 - Attr not supported : Dmpu
2024-08-06 10:28:39,196 [ERROR] ConditionMgr:805 - Attr not supported : Dmpu
2024-08-06 10:28:39,196 [ERROR] ConditionMgr:805 - Attr not supported : Dmpu
2024-08-06 10:28:39,196 [ERROR] ConditionMgr:805 - Attr not supported : Dmpu
2024-08-06 10:28:39,196 [ERROR] ConditionMgr:805 - Attr not supported : Dmpu
2024-08-06 10:28:39,196 [ERROR] ConditionMgr:805 - Attr not supported : Dmpu
2024-08-06 10:28:39,196 [ERROR] ConditionMgr:805 - Attr not supported : Dmpu
2024-08-06 10:28:39,196 [ERROR] ConditionMgr:805 - Attr not supported : Dmpu
2024-08-06 10:28:39,207 [WARN] PackLoader:240 - Cannot read IP mode file for RealThread.X-CUBE-RT-Thread_Nano.4.1.1
2024-08-06 10:28:39,217 [WARN] PackLoader:240 - Cannot read IP mode file for wolfSSL.I-CUBE-wolfSSL.5.7.0
2024-08-06 10:28:39,228 [WARN] PackLoader:240 - Cannot read IP mode file for STMicroelectronics.FP-ATR-SIGFOX1.3.2.0
2024-08-06 10:28:39,241 [WARN] PackLoader:240 - Cannot read IP mode file for STMicroelectronics.X-CUBE-EEPRMA1.5.1.0
2024-08-06 10:28:39,256 [WARN] PackLoader:240 - Cannot read IP mode file for ITTIA_DB.I-CUBE-ITTIADB.8.9.0
2024-08-06 10:28:39,289 [WARN] PackLoader:240 - Cannot read IP mode file for SEGGER.I-CUBE-embOS.1.3.1
2024-08-06 10:28:39,335 [WARN] PackLoader:240 - Cannot read IP mode file for STMicroelectronics.X-CUBE-ALGOBUILD.1.4.0
2024-08-06 10:28:39,351 [WARN] PackLoader:240 - Cannot read IP mode file for STMicroelectronics.X-CUBE-GNSS1.6.0.0
2024-08-06 10:28:39,381 [WARN] PackLoader:240 - Cannot read IP mode file for STMicroelectronics.X-CUBE-AZRTOS-F4.1.1.0
2024-08-06 10:28:39,397 [WARN] PackLoader:240 - Cannot read IP mode file for STMicroelectronics.X-CUBE-FREERTOS.1.2.0
2024-08-06 10:28:39,425 [WARN] PackLoader:240 - Cannot read IP mode file for STMicroelectronics.X-CUBE-AZRTOS-L5.2.0.0
2024-08-06 10:28:39,442 [WARN] PackLoader:240 - Cannot read IP mode file for STMicroelectronics.X-CUBE-NFC6.3.1.0
2024-08-06 10:28:39,454 [WARN] PackLoader:240 - Cannot read IP mode file for STMicroelectronics.X-CUBE-DPower.1.2.0
2024-08-06 10:28:39,465 [WARN] PackLoader:240 - Cannot read IP mode file for STMicroelectronics.X-CUBE-AI.9.0.0
2024-08-06 10:28:39,477 [WARN] PackLoader:240 - Cannot read IP mode file for STMicroelectronics.X-CUBE-NFC7.1.0.1
2024-08-06 10:28:39,487 [WARN] PackLoader:240 - Cannot read IP mode file for wolfSSL.I-CUBE-wolfTPM.3.2.0
2024-08-06 10:28:39,515 [WARN] ConditionMgr:438 - getConditionDescription Invalid condition id : LAN8742 Phy interface Condition cause : null
2024-08-06 10:28:39,516 [WARN] PackLoader:240 - Cannot read IP mode file for STMicroelectronics.X-CUBE-AZRTOS-L4.2.0.0
2024-08-06 10:28:39,517 [WARN] ConditionMgr:1039 - genDependencies : Invalid condition id : LAN8742 Phy interface Condition cause : null
2024-08-06 10:28:39,517 [WARN] ConditionMgr:1039 - genDependencies : Invalid condition id : LAN8742 Phy interface Condition cause : null
2024-08-06 10:28:39,518 [WARN] ConditionMgr:1039 - genDependencies : Invalid condition id : LAN8742 Phy interface Condition cause : null
2024-08-06 10:28:39,539 [WARN] PackLoader:240 - Cannot read IP mode file for STMicroelectronics.X-CUBE-SFXS2LP1.4.0.0
2024-08-06 10:28:39,569 [WARN] ConditionMgr:438 - getConditionDescription Invalid condition id : UX DEVICE CLASS RTOS Condition cause : null
2024-08-06 10:28:39,569 [WARN] ConditionMgr:438 - getConditionDescription Invalid condition id : UX DEVICE CLASS RTOS Condition cause : null
2024-08-06 10:28:39,571 [WARN] PackLoader:240 - Cannot read IP mode file for STMicroelectronics.X-CUBE-AZRTOS-WB.2.0.0
2024-08-06 10:28:39,572 [WARN] ConditionMgr:1039 - genDependencies : Invalid condition id : UX DEVICE CLASS RTOS Condition cause : null
2024-08-06 10:28:39,572 [WARN] ConditionMgr:1039 - genDependencies : Invalid condition id : UX DEVICE CLASS RTOS Condition cause : null
2024-08-06 10:28:39,572 [WARN] ConditionMgr:1039 - genDependencies : Invalid condition id : UX DEVICE CLASS RTOS Condition cause : null
2024-08-06 10:28:39,573 [WARN] ConditionMgr:1039 - genDependencies : Invalid condition id : UX DEVICE CLASS RTOS Condition cause : null
2024-08-06 10:28:39,573 [WARN] ConditionMgr:1039 - genDependencies : Invalid condition id : UX DEVICE CLASS RTOS Condition cause : null
2024-08-06 10:28:39,603 [WARN] PackLoader:240 - Cannot read IP mode file for STMicroelectronics.FP-SNS-STBOX1.2.0.0
2024-08-06 10:28:39,624 [WARN] PackLoader:240 - Cannot read IP mode file for STMicroelectronics.X-CUBE-SUBG2.5.0.0
2024-08-06 10:28:39,636 [WARN] PackLoader:240 - Cannot read IP mode file for Cesanta.I-CUBE-Mongoose.7.13.0
2024-08-06 10:28:39,659 [WARN] PackLoader:240 - Cannot read IP mode file for STMicroelectronics.X-CUBE-AZRTOS-G4.2.0.0
2024-08-06 10:28:39,670 [WARN] PackLoader:240 - Cannot read IP mode file for STMicroelectronics.X-CUBE-ISPU.2.0.0
2024-08-06 10:28:39,682 [WARN] PackLoader:240 - Cannot read IP mode file for STMicroelectronics.X-CUBE-ALS.1.0.2
2024-08-06 10:28:39,716 [WARN] PackLoader:240 - Cannot read IP mode file for STMicroelectronics.X-CUBE-MEMS1.10.0.0
2024-08-06 10:28:39,815 [WARN] PackLoader:240 - Cannot read IP mode file for STMicroelectronics.X-CUBE-TOUCHGFX.4.24.0
2024-08-06 10:28:39,825 [WARN] PackLoader:240 - Cannot read IP mode file for portGmbH.I-Cube-SoM-uGOAL.1.1.0
2024-08-06 10:28:39,851 [WARN] PackLoader:240 - Cannot read IP mode file for STMicroelectronics.X-CUBE-AZRTOS-H7RS.1.0.0
2024-08-06 10:28:39,865 [WARN] PackLoader:240 - Cannot read IP mode file for STMicroelectronics.FP-ATR-ASTRA1.2.0.0
2024-08-06 10:28:39,881 [WARN] PackLoader:240 - Cannot read IP mode file for STMicroelectronics.X-CUBE-TOF1.3.4.2
2024-08-06 10:28:39,911 [WARN] PackLoader:240 - Cannot read IP mode file for STMicroelectronics.X-CUBE-TOF1.3.4.1
2024-08-06 10:28:39,951 [WARN] PackLoader:240 - Cannot read IP mode file for STMicroelectronics.X-CUBE-AZRTOS-H7.3.2.0
2024-08-06 10:28:39,983 [WARN] PackLoader:240 - Cannot read IP mode file for Infineon.AIROC-Wi-Fi-Bluetooth-STM32.1.6.0
2024-08-06 10:28:39,998 [WARN] PackLoader:240 - Cannot read IP mode file for wolfSSL.I-CUBE-wolfSSH.1.4.17
2024-08-06 10:28:40,000 [INFO] ThirdParty:978 - Integrity check success = true
2024-08-06 10:28:40,000 [INFO] IntegrityCheckThread:100 - exiting critical section [integrity check]
2024-08-06 10:28:40,000 [INFO] IntegrityCheckThread:103 - End integrity checks thread
2024-08-06 10:28:40,754 [INFO] WebApp:167 - Instantiating new browser for Auth
2024-08-06 10:28:41,435 [INFO] WebApp:448 - Apply proxy settings
2024-08-06 10:28:41,435 [INFO] WebApp:533 - Chromium requires no authentication
2024-08-06 10:28:41,446 [INFO] WebApp:476 - Direct internet connection detected
2024-08-06 10:28:41,471 [INFO] WebApp:869 - Register for checkConnection events
2024-08-06 10:28:41,471 [INFO] WebApp:448 - Apply proxy settings
2024-08-06 10:28:41,471 [INFO] WebApp:533 - Chromium requires no authentication
2024-08-06 10:28:41,472 [INFO] WebApp:476 - Direct internet connection detected
2024-08-06 10:28:41,665 [INFO] WebApp:220 - Starting web application
2024-08-06 10:28:41,666 [INFO] WebApp:578 - Web application path used C:\ST\STM32CubeIDE_1.15.1\STM32CubeIDE\plugins\com.st.stm32cube.common.mx_6.12.0.202406281431\db\plugins\mcufinder\reactClient1\index.html
2024-08-06 10:28:41,785 [INFO] UserAuth:417 - Internet connection configuration mode: 1
2024-08-06 10:28:41,832 [INFO] WebApp:186 - Connection restablished
2024-08-06 11:11:56,204 [INFO] WebApp:189 - Connection lost
2024-08-06 11:12:27,927 [INFO] WebApp:186 - Connection restablished
