2024-07-04 13:30:50,907 [INFO] Activator:176 - 


2024-07-04 13:30:50,913 [INFO] Activator:177 - !SESSION log4j initialized
2024-07-04 13:30:58,514 [INFO] LogOutputStream:77 - [STDOUT_REDIRECT] 
2024-07-04 13:31:00,463 [INFO] ApplicationProperties:184 - Using Application install path: C:\ST\STM32CubeIDE_1.15.1\STM32CubeIDE\plugins\com.st.stm32cube.common.mx_6.11.1.202404110753
2024-07-04 13:31:00,494 [INFO] DbMcusXml:78 - Set database path to: C:\ST\STM32CubeIDE_1.15.1\STM32CubeIDE\plugins\com.st.stm32cube.common.mx_6.11.1.202404110753\\db\/mcu/
2024-07-04 13:31:00,495 [INFO] ApiDb:274 - Set plugin database path to: C:\ST\STM32CubeIDE_1.15.1\STM32CubeIDE\plugins\com.st.stm32cube.common.mx_6.11.1.202404110753\\db\/plugins/boardmanager/
2024-07-04 13:31:00,495 [WARN] ApiDb:259 - Overriding images path with different value:  => C:\ST\STM32CubeIDE_1.15.1\STM32CubeIDE\plugins\com.st.stm32cube.common.mx_6.11.1.202404110753\\db\/plugins/mcufinder/images/
2024-07-04 13:31:00,512 [INFO] ApiDb:250 - Set database path to: C:\Users\doria\.stmcufinder\plugins\mcufinder//mcu/
2024-07-04 13:31:00,513 [INFO] DbMcusAds:125 - Set database path to: C:\Users\doria\.stmcufinder\plugins\mcufinder//mcu/
2024-07-04 13:31:00,517 [INFO] CrossReferenceDbSqlite:203 - Set database path to: C:\Users\doria\.stmcufinder\plugins\mcufinder//mcu/cs/
2024-07-04 13:31:00,702 [INFO] RulesReader:64 - Compatibility file has been processed (297 Rules)
2024-07-04 13:31:00,808 [INFO] DbMcusXml:78 - Set database path to: C:\ST\STM32CubeIDE_1.15.1\STM32CubeIDE\plugins\com.st.stm32cube.common.mx_6.11.1.202404110753\\db\/mcu/
2024-07-04 13:31:00,808 [INFO] ApiDb:274 - Set plugin database path to: C:\ST\STM32CubeIDE_1.15.1\STM32CubeIDE\plugins\com.st.stm32cube.common.mx_6.11.1.202404110753\\db\/plugins/boardmanager/
2024-07-04 13:31:00,808 [INFO] ApiDb:261 - Set plugin images path to: C:\ST\STM32CubeIDE_1.15.1\STM32CubeIDE\plugins\com.st.stm32cube.common.mx_6.11.1.202404110753\\db\/plugins/mcufinder/images/
2024-07-04 13:31:00,808 [WARN] DbFile:41 - Overriding database path with different value: C:\Users\doria\.stmcufinder\plugins\mcufinder/ => C:\Users\doria\.stmcufinder\plugins\mcufinder
2024-07-04 13:31:00,808 [INFO] ApiDb:250 - Set database path to: C:\Users\doria\.stmcufinder\plugins\mcufinder//mcu/
2024-07-04 13:31:00,808 [WARN] DbFile:41 - Overriding database path with different value: C:\Users\doria\.stmcufinder\plugins\mcufinder/ => C:\Users\doria\.stmcufinder\plugins\mcufinder
2024-07-04 13:31:00,809 [INFO] DbMcusAds:125 - Set database path to: C:\Users\doria\.stmcufinder\plugins\mcufinder//mcu/
2024-07-04 13:31:00,809 [WARN] DbFile:41 - Overriding database path with different value: C:\Users\doria\.stmcufinder\plugins\mcufinder/ => C:\Users\doria\.stmcufinder\plugins\mcufinder
2024-07-04 13:31:00,809 [WARN] DbFile:41 - Overriding database path with different value: C:\Users\doria\.stmcufinder\plugins\mcufinder/ => C:\Users\doria\.stmcufinder\plugins\mcufinder
2024-07-04 13:31:00,809 [INFO] CrossReferenceDbSqlite:203 - Set database path to: C:\Users\doria\.stmcufinder\plugins\mcufinder//mcu/cs/
2024-07-04 13:31:00,904 [INFO] MainPanel:264 - HeapMemory: 268435456
2024-07-04 13:31:01,018 [INFO] DbMcusXml:78 - Set database path to: C:\ST\STM32CubeIDE_1.15.1\STM32CubeIDE\plugins\com.st.stm32cube.common.mx_6.11.1.202404110753\\db\/mcu/
2024-07-04 13:31:01,018 [INFO] ApiDb:274 - Set plugin database path to: C:\ST\STM32CubeIDE_1.15.1\STM32CubeIDE\plugins\com.st.stm32cube.common.mx_6.11.1.202404110753\\db\/plugins/boardmanager/
2024-07-04 13:31:01,018 [INFO] ApiDb:261 - Set plugin images path to: C:\ST\STM32CubeIDE_1.15.1\STM32CubeIDE\plugins\com.st.stm32cube.common.mx_6.11.1.202404110753\\db\/plugins/mcufinder/images/
2024-07-04 13:31:01,018 [WARN] DbFile:41 - Overriding database path with different value: C:\Users\doria\.stmcufinder\plugins\mcufinder/ => C:\Users\doria\.stmcufinder\plugins\mcufinder
2024-07-04 13:31:01,018 [INFO] ApiDb:250 - Set database path to: C:\Users\doria\.stmcufinder\plugins\mcufinder//mcu/
2024-07-04 13:31:01,018 [WARN] DbFile:41 - Overriding database path with different value: C:\Users\doria\.stmcufinder\plugins\mcufinder/ => C:\Users\doria\.stmcufinder\plugins\mcufinder
2024-07-04 13:31:01,019 [INFO] DbMcusAds:125 - Set database path to: C:\Users\doria\.stmcufinder\plugins\mcufinder//mcu/
2024-07-04 13:31:01,019 [WARN] DbFile:41 - Overriding database path with different value: C:\Users\doria\.stmcufinder\plugins\mcufinder/ => C:\Users\doria\.stmcufinder\plugins\mcufinder
2024-07-04 13:31:01,019 [WARN] DbFile:41 - Overriding database path with different value: C:\Users\doria\.stmcufinder\plugins\mcufinder/ => C:\Users\doria\.stmcufinder\plugins\mcufinder
2024-07-04 13:31:01,019 [INFO] CrossReferenceDbSqlite:203 - Set database path to: C:\Users\doria\.stmcufinder\plugins\mcufinder//mcu/cs/
2024-07-04 13:31:01,038 [INFO] ApplicationProperties:184 - Using Application install path: C:\ST\STM32CubeIDE_1.15.1\STM32CubeIDE\plugins\com.st.stm32cube.common.mx_6.11.1.202404110753
2024-07-04 13:31:01,042 [INFO] PluginManage:196 - Search for loadable plugins [exclusion list=, ]
2024-07-04 13:31:01,043 [INFO] PluginManage:310 - Check plugin analytics
2024-07-04 13:31:01,232 [INFO] AnalyticsPlugin:253 - Accepted Software Licenses: 
2024-07-04 13:31:01,232 [INFO] AnalyticsPlugin:255 - Accepted CMSIS Pack Licenses: 
2024-07-04 13:31:01,232 [INFO] AnalyticsPlugin:257 - Accepted Firmware Licenses: FW.L4.1.18.0
2024-07-04 13:31:01,233 [INFO] PluginManage:359 - Loaded plugin analytics (category:tool,tabindex:-1)
2024-07-04 13:31:01,234 [INFO] PluginManage:310 - Check plugin cadmodel
2024-07-04 13:31:01,249 [INFO] CADModel:105 - Init CAD model plugin
2024-07-04 13:31:01,251 [INFO] PluginManage:359 - Loaded plugin cadmodel (category:power,tabindex:5)
2024-07-04 13:31:01,251 [INFO] PluginManage:310 - Check plugin clock
2024-07-04 13:31:01,277 [INFO] PluginManage:359 - Loaded plugin clock (category:base,tabindex:2)
2024-07-04 13:31:01,277 [INFO] PluginManage:310 - Check plugin ddr
2024-07-04 13:31:01,281 [INFO] PluginManage:359 - Loaded plugin ddr (category:tool,tabindex:6)
2024-07-04 13:31:01,281 [INFO] PluginManage:310 - Check plugin filemanager
2024-07-04 13:31:01,450 [INFO] PluginManage:359 - Loaded plugin filemanager (category:base,tabindex:10)
2024-07-04 13:31:01,450 [INFO] PluginManage:310 - Check plugin ipmanager
2024-07-04 13:31:01,461 [INFO] PluginManage:359 - Loaded plugin ipmanager (category:base,tabindex:5)
2024-07-04 13:31:01,461 [INFO] PluginManage:310 - Check plugin lpbam
2024-07-04 13:31:01,481 [INFO] PluginManage:359 - Loaded plugin lpbam (category:base,tabindex:0)
2024-07-04 13:31:01,481 [INFO] PluginManage:310 - Check plugin memorymap
2024-07-04 13:31:01,508 [INFO] PluginManage:359 - Loaded plugin memorymap (category:base,tabindex:4)
2024-07-04 13:31:01,508 [INFO] PluginManage:310 - Check plugin pinoutandconfiguration
2024-07-04 13:31:01,530 [INFO] PluginManage:359 - Loaded plugin pinoutandconfiguration (category:base,tabindex:1)
2024-07-04 13:31:01,530 [INFO] PluginManage:310 - Check plugin pinoutconfig
2024-07-04 13:31:01,634 [WARN] SupportedApi:132 - Cannot load RTOS API schema: s4s-elt-must-match.1: The content of 'definitions' must match (annotation?, (simpleType | complexType)?, (unique | key | keyref)*)). A problem was found starting at: attribute.
2024-07-04 13:31:01,783 [INFO] PluginManage:359 - Loaded plugin pinoutconfig (category:base,tabindex:0)
2024-07-04 13:31:01,783 [INFO] PluginManage:310 - Check plugin power
2024-07-04 13:31:01,805 [INFO] PluginManage:359 - Loaded plugin power (category:power,tabindex:4)
2024-07-04 13:31:01,805 [INFO] PluginManage:310 - Check plugin projectmanager
2024-07-04 13:31:01,822 [INFO] PluginManage:359 - Loaded plugin projectmanager (category:projectmanager,tabindex:3)
2024-07-04 13:31:01,822 [INFO] PluginManage:310 - Check plugin thirdparty
2024-07-04 13:31:02,127 [INFO] PluginManage:359 - Loaded plugin thirdparty (category:base,tabindex:-1)
2024-07-04 13:31:02,127 [INFO] PluginManage:310 - Check plugin tools
2024-07-04 13:31:02,127 [WARN] IntegrityCheckThread:84 - waiting for thirdparty lock release [integrity check]
2024-07-04 13:31:02,127 [INFO] IntegrityCheckThread:86 - entering critical section [integrity check]
2024-07-04 13:31:02,128 [INFO] ThirdPartyUpdaterWithRetryManager:70 - Updater plugin not ready yet. [1/15]
2024-07-04 13:31:02,165 [INFO] PluginManage:359 - Loaded plugin tools (category:base,tabindex:7)
2024-07-04 13:31:02,166 [INFO] PluginManage:310 - Check plugin tutovideos
2024-07-04 13:31:02,382 [INFO] PluginManage:359 - Loaded plugin tutovideos (category:base,tabindex:-1)
2024-07-04 13:31:02,382 [INFO] PluginManage:310 - Check plugin updater
2024-07-04 13:31:02,397 [INFO] PluginManage:359 - Loaded plugin updater (category:base,tabindex:12)
2024-07-04 13:31:02,397 [INFO] PluginManage:310 - Check plugin userauth
2024-07-04 13:31:02,404 [INFO] UserAuth:114 - Init User Auth plugin
2024-07-04 13:31:02,406 [INFO] PluginManage:359 - Loaded plugin userauth (category:base,tabindex:14)
2024-07-04 13:31:02,406 [INFO] PluginManage:283 - PluginManage : Loaded plugins [17]
2024-07-04 13:31:02,672 [INFO] PinOutPanel:1561 - setPackage(No Configuration,No Configuration)
2024-07-04 13:31:02,753 [INFO] CADModel:165 - CPN selected for project level
2024-07-04 13:31:02,753 [INFO] CADModel:114 - Register for checkConnection events
2024-07-04 13:31:02,782 [INFO] IPUIPlugin:80 - create IPUIPlugin
2024-07-04 13:31:02,782 [INFO] PluginManager:220 - loadIPPluginJar : add adc
2024-07-04 13:31:02,819 [INFO] IPUIPlugin:80 - create IPUIPlugin
2024-07-04 13:31:02,819 [INFO] PluginManager:220 - loadIPPluginJar : add aes
2024-07-04 13:31:02,860 [INFO] IPUIPlugin:80 - create IPUIPlugin
2024-07-04 13:31:02,860 [INFO] PluginManager:220 - loadIPPluginJar : add can
2024-07-04 13:31:02,884 [INFO] IPUIPlugin:80 - create IPUIPlugin
2024-07-04 13:31:02,884 [INFO] PluginManager:220 - loadIPPluginJar : add comp
2024-07-04 13:31:02,926 [INFO] IPUIPlugin:80 - create IPUIPlugin
2024-07-04 13:31:02,926 [INFO] PluginManager:220 - loadIPPluginJar : add cryp
2024-07-04 13:31:02,965 [INFO] IPUIPlugin:80 - create IPUIPlugin
2024-07-04 13:31:02,965 [INFO] PluginManager:220 - loadIPPluginJar : add dfsdm
2024-07-04 13:31:02,979 [INFO] IPUIPlugin:80 - create IPUIPlugin
2024-07-04 13:31:02,980 [INFO] PluginManager:220 - loadIPPluginJar : add dma
2024-07-04 13:31:03,037 [INFO] IPUIPlugin:80 - create IPUIPlugin
2024-07-04 13:31:03,037 [INFO] PluginManager:220 - loadIPPluginJar : add dma3
2024-07-04 13:31:03,079 [INFO] IPUIPlugin:80 - create IPUIPlugin
2024-07-04 13:31:03,079 [INFO] PluginManager:220 - loadIPPluginJar : add extmemmanager
2024-07-04 13:31:03,099 [INFO] IPUIPlugin:80 - create IPUIPlugin
2024-07-04 13:31:03,099 [INFO] PluginManager:220 - loadIPPluginJar : add fatfs
2024-07-04 13:31:03,142 [INFO] IPUIPlugin:80 - create IPUIPlugin
2024-07-04 13:31:03,142 [INFO] PluginManager:220 - loadIPPluginJar : add fmc
2024-07-04 13:31:03,157 [INFO] IPUIPlugin:80 - create IPUIPlugin
2024-07-04 13:31:03,157 [INFO] PluginManager:220 - loadIPPluginJar : add freertos
2024-07-04 13:31:03,176 [INFO] IPUIPlugin:80 - create IPUIPlugin
2024-07-04 13:31:03,176 [INFO] PluginManager:220 - loadIPPluginJar : add genericplugin
2024-07-04 13:31:03,264 [INFO] IPUIPlugin:80 - create IPUIPlugin
2024-07-04 13:31:03,264 [INFO] PluginManager:220 - loadIPPluginJar : add gfxmmu
2024-07-04 13:31:03,403 [INFO] IPUIPlugin:80 - create IPUIPlugin
2024-07-04 13:31:03,403 [INFO] PluginManager:220 - loadIPPluginJar : add gic
2024-07-04 13:31:03,418 [INFO] IPUIPlugin:80 - create IPUIPlugin
2024-07-04 13:31:03,418 [INFO] PluginManager:220 - loadIPPluginJar : add gpio
2024-07-04 13:31:03,521 [INFO] IPUIPlugin:80 - create IPUIPlugin
2024-07-04 13:31:03,521 [INFO] PluginManager:220 - loadIPPluginJar : add gtzc
2024-07-04 13:31:03,556 [INFO] IPUIPlugin:80 - create IPUIPlugin
2024-07-04 13:31:03,556 [INFO] PluginManager:220 - loadIPPluginJar : add hash
2024-07-04 13:31:03,613 [INFO] IPUIPlugin:80 - create IPUIPlugin
2024-07-04 13:31:03,613 [INFO] PluginManager:220 - loadIPPluginJar : add i2c
2024-07-04 13:31:03,689 [INFO] IPUIPlugin:80 - create IPUIPlugin
2024-07-04 13:31:03,689 [INFO] PluginManager:220 - loadIPPluginJar : add i2s
2024-07-04 13:31:03,766 [INFO] IPUIPlugin:80 - create IPUIPlugin
2024-07-04 13:31:03,766 [INFO] PluginManager:220 - loadIPPluginJar : add i3c
2024-07-04 13:31:03,918 [INFO] IPUIPlugin:80 - create IPUIPlugin
2024-07-04 13:31:03,918 [INFO] PluginManager:220 - loadIPPluginJar : add ipddr
2024-07-04 13:31:04,069 [INFO] IPUIPlugin:80 - create IPUIPlugin
2024-07-04 13:31:04,069 [INFO] PluginManager:220 - loadIPPluginJar : add linkedlist
2024-07-04 13:31:04,120 [INFO] IPUIPlugin:80 - create IPUIPlugin
2024-07-04 13:31:04,120 [INFO] PluginManager:220 - loadIPPluginJar : add lorawan
2024-07-04 13:31:04,161 [INFO] IPUIPlugin:80 - create IPUIPlugin
2024-07-04 13:31:04,161 [INFO] PluginManager:220 - loadIPPluginJar : add ltdc
2024-07-04 13:31:04,176 [INFO] IPUIPlugin:80 - create IPUIPlugin
2024-07-04 13:31:04,176 [INFO] PluginManager:220 - loadIPPluginJar : add mdma
2024-07-04 13:31:04,189 [INFO] IPUIPlugin:80 - create IPUIPlugin
2024-07-04 13:31:04,189 [INFO] PluginManager:220 - loadIPPluginJar : add nvic
2024-07-04 13:31:04,235 [INFO] IPUIPlugin:80 - create IPUIPlugin
2024-07-04 13:31:04,235 [INFO] PluginManager:220 - loadIPPluginJar : add opamp
2024-07-04 13:31:04,303 [INFO] IPUIPlugin:80 - create IPUIPlugin
2024-07-04 13:31:04,303 [INFO] PluginManager:220 - loadIPPluginJar : add openamp
2024-07-04 13:31:04,355 [INFO] IPUIPlugin:80 - create IPUIPlugin
2024-07-04 13:31:04,357 [INFO] PluginManager:220 - loadIPPluginJar : add pdm2pcm
2024-07-04 13:31:04,377 [INFO] IPUIPlugin:80 - create IPUIPlugin
2024-07-04 13:31:04,383 [INFO] PluginManager:220 - loadIPPluginJar : add plateformsettings
2024-07-04 13:31:04,411 [INFO] IPUIPlugin:80 - create IPUIPlugin
2024-07-04 13:31:04,411 [INFO] PluginManager:220 - loadIPPluginJar : add quadspi
2024-07-04 13:31:04,423 [INFO] IPUIPlugin:80 - create IPUIPlugin
2024-07-04 13:31:04,423 [INFO] PluginManager:220 - loadIPPluginJar : add resmgrutility
2024-07-04 13:31:04,477 [INFO] IPUIPlugin:80 - create IPUIPlugin
2024-07-04 13:31:04,477 [INFO] PluginManager:220 - loadIPPluginJar : add sai
2024-07-04 13:31:04,523 [INFO] IPUIPlugin:80 - create IPUIPlugin
2024-07-04 13:31:04,523 [INFO] PluginManager:220 - loadIPPluginJar : add spi
2024-07-04 13:31:04,606 [INFO] IPUIPlugin:80 - create IPUIPlugin
2024-07-04 13:31:04,606 [INFO] PluginManager:220 - loadIPPluginJar : add stm32_wpan
2024-07-04 13:31:04,635 [INFO] IPUIPlugin:80 - create IPUIPlugin
2024-07-04 13:31:04,635 [INFO] PluginManager:220 - loadIPPluginJar : add tim
2024-07-04 13:31:04,712 [INFO] IPUIPlugin:80 - create IPUIPlugin
2024-07-04 13:31:04,712 [INFO] PluginManager:220 - loadIPPluginJar : add touchsensing
2024-07-04 13:31:04,740 [INFO] IPUIPlugin:80 - create IPUIPlugin
2024-07-04 13:31:04,740 [INFO] PluginManager:220 - loadIPPluginJar : add tracer_emb
2024-07-04 13:31:04,770 [INFO] IPUIPlugin:80 - create IPUIPlugin
2024-07-04 13:31:04,770 [INFO] PluginManager:220 - loadIPPluginJar : add ts
2024-07-04 13:31:04,799 [INFO] IPUIPlugin:80 - create IPUIPlugin
2024-07-04 13:31:04,799 [INFO] PluginManager:220 - loadIPPluginJar : add tsc
2024-07-04 13:31:04,828 [INFO] IPUIPlugin:80 - create IPUIPlugin
2024-07-04 13:31:04,828 [INFO] PluginManager:220 - loadIPPluginJar : add ucpd
2024-07-04 13:31:04,884 [INFO] IPUIPlugin:80 - create IPUIPlugin
2024-07-04 13:31:04,885 [INFO] PluginManager:220 - loadIPPluginJar : add usart
2024-07-04 13:31:04,943 [INFO] IPUIPlugin:80 - create IPUIPlugin
2024-07-04 13:31:04,943 [INFO] PluginManager:220 - loadIPPluginJar : add usbx
2024-07-04 13:31:05,090 [INFO] CADModel:165 - CPN selected for project level
2024-07-04 13:31:05,090 [INFO] CADModel:114 - Register for checkConnection events
2024-07-04 13:31:05,091 [FATAL] Updater:308 - Updater called before beeing initialized
2024-07-04 13:31:05,091 [ERROR] CADModel:125 - Updater not yet initialized, retry later 
2024-07-04 13:31:05,134 [INFO] ThirdPartyUpdaterWithRetryManager:70 - Updater plugin not ready yet. [2/15]
2024-07-04 13:31:05,247 [INFO] CADModel:165 - CPN selected for project level
2024-07-04 13:31:05,247 [INFO] CADModel:114 - Register for checkConnection events
2024-07-04 13:31:05,247 [FATAL] Updater:308 - Updater called before beeing initialized
2024-07-04 13:31:05,247 [ERROR] CADModel:125 - Updater not yet initialized, retry later 
2024-07-04 13:31:05,252 [FATAL] Updater:308 - Updater called before beeing initialized
2024-07-04 13:31:05,378 [FATAL] Updater:308 - Updater called before beeing initialized
2024-07-04 13:31:05,389 [INFO] DbMcusAds:53 - JSON generation date=Thu May 16 11:22:00 CEST 2024 (1715851320852)
2024-07-04 13:31:05,389 [FATAL] Updater:308 - Updater called before beeing initialized
2024-07-04 13:31:05,479 [WARN] DetailPanel:346 - Failed to get advertising image, set to default
2024-07-04 13:31:05,572 [FATAL] Updater:308 - Updater called before beeing initialized
2024-07-04 13:31:05,575 [FATAL] Updater:308 - Updater called before beeing initialized
2024-07-04 13:31:05,575 [FATAL] Updater:308 - Updater called before beeing initialized
2024-07-04 13:31:05,575 [WARN] DetailPanel:346 - Failed to get advertising image, set to default
2024-07-04 13:31:05,575 [FATAL] Updater:308 - Updater called before beeing initialized
2024-07-04 13:31:05,630 [ERROR] Updater:1120 - MainUpdater not yet initialized. External WinMGr cannot be set.
2024-07-04 13:31:05,641 [INFO] Updater:1056 - Updater Version found : 6.11.1
2024-07-04 13:31:05,662 [INFO] ApplicationProperties:184 - Using Application install path: C:\ST\STM32CubeIDE_1.15.1\STM32CubeIDE\plugins\com.st.stm32cube.common.mx_6.11.1.202404110753
2024-07-04 13:31:07,269 [ERROR] LogOutputStream:75 - [STDERR_REDIRECT] Jul 04, 2024 1:31:07 PM java.util.prefs.WindowsPreferences <init>
2024-07-04 13:31:07,271 [ERROR] LogOutputStream:75 - [STDERR_REDIRECT] WARNING: Could not open/create prefs root node Software\JavaSoft\Prefs at root 0xffffffff80000002. Windows RegCreateKeyEx(...) returned error code 5.
2024-07-04 13:31:07,271 [ERROR] LogOutputStream:75 - [STDERR_REDIRECT] 
2024-07-04 13:31:08,147 [FATAL] Updater:308 - Updater called before beeing initialized
2024-07-04 13:31:08,147 [ERROR] IntegrityCheckThread:130 - Cannot retrieve database content from updater: error 21
2024-07-04 13:31:08,147 [INFO] ThirdParty:978 - Integrity check success = false
2024-07-04 13:31:08,147 [INFO] IntegrityCheckThread:100 - exiting critical section [integrity check]
2024-07-04 13:31:08,147 [INFO] IntegrityCheckThread:103 - End integrity checks thread
2024-07-04 13:31:08,198 [INFO] MainUpdater:2873 - connection check result : 10
2024-07-04 13:31:08,198 [INFO] MainUpdater:3567 - Updater definition file requires update
2024-07-04 13:31:08,199 [INFO] MainUpdater:290 - Updater Check For Update Now.
2024-07-04 13:31:08,199 [INFO] MicroXplorer:498 - Change Database Version : DB.6.0.111
2024-07-04 13:31:08,214 [INFO] McuFinderGlobals:63 - Set McuFinder mode to 2 (CubeIDE integrated)
2024-07-04 13:31:08,214 [INFO] UserAuth:179 - activating auth plugin
2024-07-04 13:31:08,217 [INFO] UserAuth:415 - Internet connection configuration mode: 1
2024-07-04 13:31:08,239 [INFO] JxBrowserEngine:152 - Initiate JxBrowser Engine with user profile folder
2024-07-04 13:31:08,587 [INFO] ServerAccessManage:473 - Download File updaters.zip
2024-07-04 13:31:08,857 [INFO] FileExtend:240 - Unzip File : updaters.zip
2024-07-04 13:31:08,858 [INFO] FileExtend:255 - Standard Zip Deflate
2024-07-04 13:31:09,422 [INFO] ServerAccessManage:473 - Download File PacksControlFlags.xml
2024-07-04 13:31:09,651 [INFO] ServerAccessManage:473 - Download File cubemx.pidx
2024-07-04 13:31:10,735 [INFO] ServerAccessManage:473 - Download File STMicroelectronics.X-CUBE-DPOWER.pdsc
2024-07-04 13:31:11,667 [ERROR] ServerAccessManage:1089 - Problem, file not found on Server
2024-07-04 13:31:12,326 [ERROR] ServerAccessManage:1089 - Problem, file not found on Server
2024-07-04 13:31:13,046 [ERROR] ServerAccessManage:1089 - Problem, file not found on Server
2024-07-04 13:31:13,887 [ERROR] ServerAccessManage:1089 - Problem, file not found on Server
2024-07-04 13:31:14,240 [ERROR] ServerAccessManage:1089 - Problem, file not found on Server
2024-07-04 13:31:14,246 [INFO] WebApp:161 - Instantiating new browser for Auth
2024-07-04 13:31:14,630 [ERROR] ServerAccessManage:1089 - Problem, file not found on Server
2024-07-04 13:31:15,020 [ERROR] ServerAccessManage:1089 - Problem, file not found on Server
2024-07-04 13:31:15,069 [INFO] WebApp:779 - Register for checkConnection events
2024-07-04 13:31:15,069 [INFO] WebApp:414 - Apply proxy settings
2024-07-04 13:31:15,069 [INFO] WebApp:499 - Chromium requires no authentication
2024-07-04 13:31:15,082 [INFO] WebApp:442 - Direct internet connection detected
2024-07-04 13:31:15,322 [ERROR] ServerAccessManage:1089 - Problem, file not found on Server
2024-07-04 13:31:15,324 [INFO] WebApp:192 - Starting web application
2024-07-04 13:31:15,324 [INFO] WebApp:544 - Web application path used C:\ST\STM32CubeIDE_1.15.1\STM32CubeIDE\plugins\com.st.stm32cube.common.mx_6.11.1.202404110753\db\plugins\mcufinder\reactClient1\index.html
2024-07-04 13:31:15,823 [ERROR] ServerAccessManage:1089 - Problem, file not found on Server
2024-07-04 13:31:16,315 [ERROR] ServerAccessManage:1089 - Problem, file not found on Server
2024-07-04 13:31:16,817 [ERROR] ServerAccessManage:1089 - Problem, file not found on Server
2024-07-04 13:31:17,825 [WARN] PackLoader:240 - Cannot read IP mode file for STMicroelectronics.X-CUBE-DPower.1.2.0
2024-07-04 13:31:17,828 [INFO] PopulateThirdPartyThread:66 - Ending populate Thread
2024-07-04 13:31:17,829 [INFO] ThirdParty:1030 - CMSIS Pack Vendor :STMicroelectronics X-CUBE-DPower 1.2.0
2024-07-04 13:31:17,829 [INFO] LoadServerUpdatesThread:375 - End of LoadServerUpdate Thread
2024-07-04 13:31:17,969 [INFO] CheckServerUpdateThread:120 - End of CheckServer Thread
2024-07-04 13:41:55,822 [ERROR] LogOutputStream:75 - [STDERR_REDIRECT] 
